This is pdfTeX, Version 3.141592653-2.6-1.40.25 (TeX Live 2023/Debian) (preloaded format=pdflatex 2024.10.26)  27 OCT 2024 15:47
entering extended mode
 restricted \write18 enabled.
 %&-line parsing enabled.
**"Memorias JEM.tex"
(./Memorias JEM.tex
LaTeX2e <2023-11-01> patch level 1
L3 programming layer <2024-01-22>
(/usr/share/texlive/texmf-dist/tex/latex/base/article.cls
Document Class: article 2023/05/17 v1.4n Standard LaTeX document class
(/usr/share/texlive/texmf-dist/tex/latex/base/size10.clo
File: size10.clo 2023/05/17 v1.4n Standard LaTeX file (size option)
)
\c@part=\count187
\c@section=\count188
\c@subsection=\count189
\c@subsubsection=\count190
\c@paragraph=\count191
\c@subparagraph=\count192
\c@figure=\count193
\c@table=\count194
\abovecaptionskip=\skip48
\belowcaptionskip=\skip49
\bibindent=\dimen140
)
(/usr/share/texlive/texmf-dist/tex/latex/pdfpages/pdfpages.sty
Package: pdfpages 2024/01/21 v0.5y Insert pages of external PDF documents (AM)

(/usr/share/texlive/texmf-dist/tex/latex/base/ifthen.sty
Package: ifthen 2022/04/13 v1.1d Standard LaTeX ifthen package (DPC)
)
(/usr/share/texlive/texmf-dist/tex/latex/tools/calc.sty
Package: calc 2023/07/08 v4.3 Infix arithmetic (KKT,FJ)
\calc@Acount=\count195
\calc@Bcount=\count196
\calc@Adimen=\dimen141
\calc@Bdimen=\dimen142
\calc@Askip=\skip50
\calc@Bskip=\skip51
LaTeX Info: Redefining \setlength on input line 80.
LaTeX Info: Redefining \addtolength on input line 81.
\calc@Ccount=\count197
\calc@Cskip=\skip52
)
(/usr/share/texlive/texmf-dist/tex/latex/eso-pic/eso-pic.sty
Package: eso-pic 2023/05/03 v3.0c eso-pic (RN)
\ESO@tempdima=\dimen143
\ESO@tempdimb=\dimen144

(/usr/share/texlive/texmf-dist/tex/latex/graphics/keyval.sty
Package: keyval 2022/05/29 v1.15 key=value parser (DPC)
\KV@toks@=\toks17
)
(/usr/share/texlive/texmf-dist/tex/latex/xcolor/xcolor.sty
Package: xcolor 2023/11/15 v3.01 LaTeX color extensions (UK)

(/usr/share/texlive/texmf-dist/tex/latex/graphics-cfg/color.cfg
File: color.cfg 2016/01/02 v1.6 sample color configuration
)
Package xcolor Info: Driver file: pdftex.def on input line 274.

(/usr/share/texlive/texmf-dist/tex/latex/graphics-def/pdftex.def
File: pdftex.def 2022/09/22 v1.2b Graphics/color driver for pdftex
)
(/usr/share/texlive/texmf-dist/tex/latex/graphics/mathcolor.ltx)
Package xcolor Info: Model `cmy' substituted by `cmy0' on input line 1350.
Package xcolor Info: Model `hsb' substituted by `rgb' on input line 1354.
Package xcolor Info: Model `RGB' extended on input line 1366.
Package xcolor Info: Model `HTML' substituted by `rgb' on input line 1368.
Package xcolor Info: Model `Hsb' substituted by `hsb' on input line 1369.
Package xcolor Info: Model `tHsb' substituted by `hsb' on input line 1370.
Package xcolor Info: Model `HSB' substituted by `hsb' on input line 1371.
Package xcolor Info: Model `Gray' substituted by `gray' on input line 1372.
Package xcolor Info: Model `wave' substituted by `hsb' on input line 1373.
))
(/usr/share/texlive/texmf-dist/tex/latex/graphics/graphicx.sty
Package: graphicx 2021/09/16 v1.2d Enhanced LaTeX Graphics (DPC,SPQR)

(/usr/share/texlive/texmf-dist/tex/latex/graphics/graphics.sty
Package: graphics 2022/03/10 v1.4e Standard LaTeX Graphics (DPC,SPQR)

(/usr/share/texlive/texmf-dist/tex/latex/graphics/trig.sty
Package: trig 2021/08/11 v1.11 sin cos tan (DPC)
)
(/usr/share/texlive/texmf-dist/tex/latex/graphics-cfg/graphics.cfg
File: graphics.cfg 2016/06/04 v1.11 sample graphics configuration
)
Package graphics Info: Driver file: pdftex.def on input line 107.
)
\Gin@req@height=\dimen145
\Gin@req@width=\dimen146
)
\AM@pagewidth=\dimen147
\AM@pageheight=\dimen148
\AM@fboxrule=\dimen149

(/usr/share/texlive/texmf-dist/tex/latex/pdfpages/pppdftex.def
File: pppdftex.def 2024/01/21 v0.5y Pdfpages driver for pdfTeX (AM)
)
\pdfpages@includegraphics@status=\count198
\AM@pagebox=\box51
\AM@global@opts=\toks18
\AM@pagecnt=\count199
\AM@toc@title=\toks19
\AM@lof@heading=\toks20
\c@AM@survey=\count266
\AM@templatesizebox=\box52
)
(/usr/share/texlive/texmf-dist/tex/generic/babel/babel.sty
Package: babel 2024/01/07 v24.1 The Babel package
\babel@savecnt=\count267
\U@D=\dimen150
\l@unhyphenated=\language89

(/usr/share/texlive/texmf-dist/tex/generic/babel/txtbabel.def)
\bbl@readstream=\read2
\bbl@dirlevel=\count268

(/usr/share/texlive/texmf-dist/tex/generic/babel-spanish/spanish.ldf
Language: spanish.ldf 2021/05/27 v5.0q Spanish support from the babel system
\es@quottoks=\toks21
\es@quotdepth=\count269
Package babel Info: Making " an active character on input line 570.
Package babel Info: Making . an active character on input line 675.
Package babel Info: Making < an active character on input line 722.
Package babel Info: Making > an active character on input line 722.
))
(/usr/share/texlive/texmf-dist/tex/generic/babel/locale/es/babel-spanish.tex
Package babel Info: Importing font and identification data for spanish
(babel)             from babel-es.ini. Reported on input line 11.
)
(/usr/share/texlive/texmf-dist/tex/latex/geometry/geometry.sty
Package: geometry 2020/01/02 v5.9 Page Geometry

(/usr/share/texlive/texmf-dist/tex/generic/iftex/ifvtex.sty
Package: ifvtex 2019/10/25 v1.7 ifvtex legacy package. Use iftex instead.

(/usr/share/texlive/texmf-dist/tex/generic/iftex/iftex.sty
Package: iftex 2022/02/03 v1.0f TeX engine tests
))
\Gm@cnth=\count270
\Gm@cntv=\count271
\c@Gm@tempcnt=\count272
\Gm@bindingoffset=\dimen151
\Gm@wd@mp=\dimen152
\Gm@odd@mp=\dimen153
\Gm@even@mp=\dimen154
\Gm@layoutwidth=\dimen155
\Gm@layoutheight=\dimen156
\Gm@layouthoffset=\dimen157
\Gm@layoutvoffset=\dimen158
\Gm@dimlist=\toks22
)
(/usr/share/texlive/texmf-dist/tex/latex/lipsum/lipsum.sty
(/usr/share/texlive/texmf-dist/tex/latex/l3packages/l3keys2e/l3keys2e.sty
(/usr/share/texlive/texmf-dist/tex/latex/l3kernel/expl3.sty
Package: expl3 2024-01-22 L3 programming layer (loader) 

(/usr/share/texlive/texmf-dist/tex/latex/l3backend/l3backend-pdftex.def
File: l3backend-pdftex.def 2024-01-04 L3 backend support: PDF output (pdfTeX)
\l__color_backend_stack_int=\count273
\l__pdf_internal_box=\box53
))
Package: l3keys2e 2023-10-10 LaTeX2e option processing using LaTeX3 keys
)
Package: lipsum 2021-09-20 v2.7 150 paragraphs of Lorem Ipsum dummy text
\g__lipsum_par_int=\count274
\l__lipsum_a_int=\count275
\l__lipsum_b_int=\count276

(/usr/share/texlive/texmf-dist/tex/latex/lipsum/lipsum.ltd.tex))
(/usr/share/texlive/texmf-dist/tex/latex/blindtext/blindtext.sty
Package: blindtext 2012/01/06 V2.0 blindtext-Package

(/usr/share/texlive/texmf-dist/tex/latex/tools/xspace.sty
Package: xspace 2014/10/28 v1.13 Space after command names (DPC,MH)
)
\c@blindtext=\count277
\c@Blindtext=\count278
\c@blind@countparstart=\count279
\blind@countxx=\count280
\blindtext@numBlindtext=\count281
\blind@countyy=\count282
\c@blindlist=\count283
\c@blindlistlevel=\count284
\c@blindlist@level=\count285
\blind@listitem=\count286
\c@blind@listcount=\count287
\c@blind@levelcount=\count288
\blind@mathformula=\count289
\blind@Mathformula=\count290
\c@blind@randomcount=\count291
\c@blind@randommax=\count292
\c@blind@pangramcount=\count293
\c@blind@pangrammax=\count294
)
(/usr/share/texlive/texmf-dist/tex/latex/hyperref/hyperref.sty
Package: hyperref 2024-01-20 v7.01h Hypertext links for LaTeX

(/usr/share/texlive/texmf-dist/tex/latex/kvsetkeys/kvsetkeys.sty
Package: kvsetkeys 2022-10-05 v1.19 Key value parser (HO)
)
(/usr/share/texlive/texmf-dist/tex/generic/kvdefinekeys/kvdefinekeys.sty
Package: kvdefinekeys 2019-12-19 v1.6 Define keys (HO)
)
(/usr/share/texlive/texmf-dist/tex/generic/pdfescape/pdfescape.sty
Package: pdfescape 2019/12/09 v1.15 Implements pdfTeX's escape features (HO)

(/usr/share/texlive/texmf-dist/tex/generic/ltxcmds/ltxcmds.sty
Package: ltxcmds 2023-12-04 v1.26 LaTeX kernel commands for general use (HO)
)
(/usr/share/texlive/texmf-dist/tex/generic/pdftexcmds/pdftexcmds.sty
Package: pdftexcmds 2020-06-27 v0.33 Utility functions of pdfTeX for LuaTeX (HO
)

(/usr/share/texlive/texmf-dist/tex/generic/infwarerr/infwarerr.sty
Package: infwarerr 2019/12/03 v1.5 Providing info/warning/error messages (HO)
)
Package pdftexcmds Info: \pdf@primitive is available.
Package pdftexcmds Info: \pdf@ifprimitive is available.
Package pdftexcmds Info: \pdfdraftmode found.
))
(/usr/share/texlive/texmf-dist/tex/latex/hycolor/hycolor.sty
Package: hycolor 2020-01-27 v1.10 Color options for hyperref/bookmark (HO)
)
(/usr/share/texlive/texmf-dist/tex/latex/auxhook/auxhook.sty
Package: auxhook 2019-12-17 v1.6 Hooks for auxiliary files (HO)
)
(/usr/share/texlive/texmf-dist/tex/latex/hyperref/nameref.sty
Package: nameref 2023-11-26 v2.56 Cross-referencing by name of section

(/usr/share/texlive/texmf-dist/tex/latex/refcount/refcount.sty
Package: refcount 2019/12/15 v3.6 Data extraction from label references (HO)
)
(/usr/share/texlive/texmf-dist/tex/generic/gettitlestring/gettitlestring.sty
Package: gettitlestring 2019/12/15 v1.6 Cleanup title references (HO)

(/usr/share/texlive/texmf-dist/tex/latex/kvoptions/kvoptions.sty
Package: kvoptions 2022-06-15 v3.15 Key value format for package options (HO)
))
\c@section@level=\count295
)
(/usr/share/texlive/texmf-dist/tex/latex/etoolbox/etoolbox.sty
Package: etoolbox 2020/10/05 v2.5k e-TeX tools for LaTeX (JAW)
\etb@tempcnta=\count296
)
\@linkdim=\dimen159
\Hy@linkcounter=\count297
\Hy@pagecounter=\count298

(/usr/share/texlive/texmf-dist/tex/latex/hyperref/pd1enc.def
File: pd1enc.def 2024-01-20 v7.01h Hyperref: PDFDocEncoding definition (HO)
Now handling font encoding PD1 ...
... no UTF-8 mapping file for font encoding PD1
)
(/usr/share/texlive/texmf-dist/tex/generic/intcalc/intcalc.sty
Package: intcalc 2019/12/15 v1.3 Expandable calculations with integers (HO)
)
\Hy@SavedSpaceFactor=\count299

(/usr/share/texlive/texmf-dist/tex/latex/hyperref/puenc.def
File: puenc.def 2024-01-20 v7.01h Hyperref: PDF Unicode definition (HO)
Now handling font encoding PU ...
... no UTF-8 mapping file for font encoding PU
)
Package hyperref Info: Hyper figures OFF on input line 4179.
Package hyperref Info: Link nesting OFF on input line 4184.
Package hyperref Info: Hyper index ON on input line 4187.
Package hyperref Info: Plain pages OFF on input line 4194.
Package hyperref Info: Backreferencing OFF on input line 4199.
Package hyperref Info: Implicit mode ON; LaTeX internals redefined.
Package hyperref Info: Bookmarks ON on input line 4446.
\c@Hy@tempcnt=\count300

(/usr/share/texlive/texmf-dist/tex/latex/url/url.sty
\Urlmuskip=\muskip16
Package: url 2013/09/16  ver 3.4  Verb mode for urls, etc.
)
LaTeX Info: Redefining \url on input line 4784.
\XeTeXLinkMargin=\dimen160

(/usr/share/texlive/texmf-dist/tex/generic/bitset/bitset.sty
Package: bitset 2019/12/09 v1.3 Handle bit-vector datatype (HO)

(/usr/share/texlive/texmf-dist/tex/generic/bigintcalc/bigintcalc.sty
Package: bigintcalc 2019/12/15 v1.5 Expandable calculations on big integers (HO
)
))
\Fld@menulength=\count301
\Field@Width=\dimen161
\Fld@charsize=\dimen162
Package hyperref Info: Hyper figures OFF on input line 6063.
Package hyperref Info: Link nesting OFF on input line 6068.
Package hyperref Info: Hyper index ON on input line 6071.
Package hyperref Info: backreferencing OFF on input line 6078.
Package hyperref Info: Link coloring OFF on input line 6083.
Package hyperref Info: Link coloring with OCG OFF on input line 6088.
Package hyperref Info: PDF/A mode OFF on input line 6093.

(/usr/share/texlive/texmf-dist/tex/latex/base/atbegshi-ltx.sty
Package: atbegshi-ltx 2021/01/10 v1.0c Emulation of the original atbegshi
package with kernel methods
)
\Hy@abspage=\count302
\c@Item=\count303
\c@Hfootnote=\count304
)
Package hyperref Info: Driver (autodetected): hpdftex.

(/usr/share/texlive/texmf-dist/tex/latex/hyperref/hpdftex.def
File: hpdftex.def 2024-01-20 v7.01h Hyperref driver for pdfTeX

(/usr/share/texlive/texmf-dist/tex/latex/base/atveryend-ltx.sty
Package: atveryend-ltx 2020/08/19 v1.0a Emulation of the original atveryend pac
kage
with kernel methods
)
\Fld@listcount=\count305
\c@bookmark@seq@number=\count306

(/usr/share/texlive/texmf-dist/tex/latex/rerunfilecheck/rerunfilecheck.sty
Package: rerunfilecheck 2022-07-10 v1.10 Rerun checks for auxiliary files (HO)

(/usr/share/texlive/texmf-dist/tex/generic/uniquecounter/uniquecounter.sty
Package: uniquecounter 2019/12/15 v1.4 Provide unlimited unique counter (HO)
)
Package uniquecounter Info: New unique counter `rerunfilecheck' on input line 2
85.
)
\Hy@SectionHShift=\skip53
)
(/usr/share/texlive/texmf-dist/tex/latex/tcolorbox/tcolorbox.sty
Package: tcolorbox 2024/01/10 version 6.2.0 text color boxes

(/usr/share/texlive/texmf-dist/tex/latex/pgf/basiclayer/pgf.sty
(/usr/share/texlive/texmf-dist/tex/latex/pgf/utilities/pgfrcs.sty
(/usr/share/texlive/texmf-dist/tex/generic/pgf/utilities/pgfutil-common.tex
\pgfutil@everybye=\toks23
\pgfutil@tempdima=\dimen163
\pgfutil@tempdimb=\dimen164
)
(/usr/share/texlive/texmf-dist/tex/generic/pgf/utilities/pgfutil-latex.def
\pgfutil@abb=\box54
)
(/usr/share/texlive/texmf-dist/tex/generic/pgf/utilities/pgfrcs.code.tex
(/usr/share/texlive/texmf-dist/tex/generic/pgf/pgf.revision.tex)
Package: pgfrcs 2023-01-15 v3.1.10 (3.1.10)
))
Package: pgf 2023-01-15 v3.1.10 (3.1.10)

(/usr/share/texlive/texmf-dist/tex/latex/pgf/basiclayer/pgfcore.sty
(/usr/share/texlive/texmf-dist/tex/latex/pgf/systemlayer/pgfsys.sty
(/usr/share/texlive/texmf-dist/tex/generic/pgf/systemlayer/pgfsys.code.tex
Package: pgfsys 2023-01-15 v3.1.10 (3.1.10)

(/usr/share/texlive/texmf-dist/tex/generic/pgf/utilities/pgfkeys.code.tex
\pgfkeys@pathtoks=\toks24
\pgfkeys@temptoks=\toks25

(/usr/share/texlive/texmf-dist/tex/generic/pgf/utilities/pgfkeyslibraryfiltered
.code.tex
\pgfkeys@tmptoks=\toks26
))
\pgf@x=\dimen165
\pgf@y=\dimen166
\pgf@xa=\dimen167
\pgf@ya=\dimen168
\pgf@xb=\dimen169
\pgf@yb=\dimen170
\pgf@xc=\dimen171
\pgf@yc=\dimen172
\pgf@xd=\dimen173
\pgf@yd=\dimen174
\w@pgf@writea=\write3
\r@pgf@reada=\read3
\c@pgf@counta=\count307
\c@pgf@countb=\count308
\c@pgf@countc=\count309
\c@pgf@countd=\count310
\t@pgf@toka=\toks27
\t@pgf@tokb=\toks28
\t@pgf@tokc=\toks29
\pgf@sys@id@count=\count311
 (/usr/share/texlive/texmf-dist/tex/generic/pgf/systemlayer/pgf.cfg
File: pgf.cfg 2023-01-15 v3.1.10 (3.1.10)
)
Driver file for pgf: pgfsys-pdftex.def
(/usr/share/texlive/texmf-dist/tex/generic/pgf/systemlayer/pgfsys-pdftex.def
File: pgfsys-pdftex.def 2023-01-15 v3.1.10 (3.1.10)

(/usr/share/texlive/texmf-dist/tex/generic/pgf/systemlayer/pgfsys-common-pdf.de
f
File: pgfsys-common-pdf.def 2023-01-15 v3.1.10 (3.1.10)
)))
(/usr/share/texlive/texmf-dist/tex/generic/pgf/systemlayer/pgfsyssoftpath.code.
tex
File: pgfsyssoftpath.code.tex 2023-01-15 v3.1.10 (3.1.10)
\pgfsyssoftpath@smallbuffer@items=\count312
\pgfsyssoftpath@bigbuffer@items=\count313
)
(/usr/share/texlive/texmf-dist/tex/generic/pgf/systemlayer/pgfsysprotocol.code.
tex
File: pgfsysprotocol.code.tex 2023-01-15 v3.1.10 (3.1.10)
))
(/usr/share/texlive/texmf-dist/tex/generic/pgf/basiclayer/pgfcore.code.tex
Package: pgfcore 2023-01-15 v3.1.10 (3.1.10)

(/usr/share/texlive/texmf-dist/tex/generic/pgf/math/pgfmath.code.tex
(/usr/share/texlive/texmf-dist/tex/generic/pgf/math/pgfmathutil.code.tex)
(/usr/share/texlive/texmf-dist/tex/generic/pgf/math/pgfmathparser.code.tex
\pgfmath@dimen=\dimen175
\pgfmath@count=\count314
\pgfmath@box=\box55
\pgfmath@toks=\toks30
\pgfmath@stack@operand=\toks31
\pgfmath@stack@operation=\toks32
)
(/usr/share/texlive/texmf-dist/tex/generic/pgf/math/pgfmathfunctions.code.tex)
(/usr/share/texlive/texmf-dist/tex/generic/pgf/math/pgfmathfunctions.basic.code
.tex)
(/usr/share/texlive/texmf-dist/tex/generic/pgf/math/pgfmathfunctions.trigonomet
ric.code.tex)
(/usr/share/texlive/texmf-dist/tex/generic/pgf/math/pgfmathfunctions.random.cod
e.tex)
(/usr/share/texlive/texmf-dist/tex/generic/pgf/math/pgfmathfunctions.comparison
.code.tex)
(/usr/share/texlive/texmf-dist/tex/generic/pgf/math/pgfmathfunctions.base.code.
tex)
(/usr/share/texlive/texmf-dist/tex/generic/pgf/math/pgfmathfunctions.round.code
.tex)
(/usr/share/texlive/texmf-dist/tex/generic/pgf/math/pgfmathfunctions.misc.code.
tex)
(/usr/share/texlive/texmf-dist/tex/generic/pgf/math/pgfmathfunctions.integerari
thmetics.code.tex)
(/usr/share/texlive/texmf-dist/tex/generic/pgf/math/pgfmathcalc.code.tex)
(/usr/share/texlive/texmf-dist/tex/generic/pgf/math/pgfmathfloat.code.tex
\c@pgfmathroundto@lastzeros=\count315
))
(/usr/share/texlive/texmf-dist/tex/generic/pgf/math/pgfint.code.tex)
(/usr/share/texlive/texmf-dist/tex/generic/pgf/basiclayer/pgfcorepoints.code.te
x
File: pgfcorepoints.code.tex 2023-01-15 v3.1.10 (3.1.10)
\pgf@picminx=\dimen176
\pgf@picmaxx=\dimen177
\pgf@picminy=\dimen178
\pgf@picmaxy=\dimen179
\pgf@pathminx=\dimen180
\pgf@pathmaxx=\dimen181
\pgf@pathminy=\dimen182
\pgf@pathmaxy=\dimen183
\pgf@xx=\dimen184
\pgf@xy=\dimen185
\pgf@yx=\dimen186
\pgf@yy=\dimen187
\pgf@zx=\dimen188
\pgf@zy=\dimen189
)
(/usr/share/texlive/texmf-dist/tex/generic/pgf/basiclayer/pgfcorepathconstruct.
code.tex
File: pgfcorepathconstruct.code.tex 2023-01-15 v3.1.10 (3.1.10)
\pgf@path@lastx=\dimen190
\pgf@path@lasty=\dimen191
)
(/usr/share/texlive/texmf-dist/tex/generic/pgf/basiclayer/pgfcorepathusage.code
.tex
File: pgfcorepathusage.code.tex 2023-01-15 v3.1.10 (3.1.10)
\pgf@shorten@end@additional=\dimen192
\pgf@shorten@start@additional=\dimen193
)
(/usr/share/texlive/texmf-dist/tex/generic/pgf/basiclayer/pgfcorescopes.code.te
x
File: pgfcorescopes.code.tex 2023-01-15 v3.1.10 (3.1.10)
\pgfpic=\box56
\pgf@hbox=\box57
\pgf@layerbox@main=\box58
\pgf@picture@serial@count=\count316
)
(/usr/share/texlive/texmf-dist/tex/generic/pgf/basiclayer/pgfcoregraphicstate.c
ode.tex
File: pgfcoregraphicstate.code.tex 2023-01-15 v3.1.10 (3.1.10)
\pgflinewidth=\dimen194
)
(/usr/share/texlive/texmf-dist/tex/generic/pgf/basiclayer/pgfcoretransformation
s.code.tex
File: pgfcoretransformations.code.tex 2023-01-15 v3.1.10 (3.1.10)
\pgf@pt@x=\dimen195
\pgf@pt@y=\dimen196
\pgf@pt@temp=\dimen197
)
(/usr/share/texlive/texmf-dist/tex/generic/pgf/basiclayer/pgfcorequick.code.tex
File: pgfcorequick.code.tex 2023-01-15 v3.1.10 (3.1.10)
)
(/usr/share/texlive/texmf-dist/tex/generic/pgf/basiclayer/pgfcoreobjects.code.t
ex
File: pgfcoreobjects.code.tex 2023-01-15 v3.1.10 (3.1.10)
)
(/usr/share/texlive/texmf-dist/tex/generic/pgf/basiclayer/pgfcorepathprocessing
.code.tex
File: pgfcorepathprocessing.code.tex 2023-01-15 v3.1.10 (3.1.10)
)
(/usr/share/texlive/texmf-dist/tex/generic/pgf/basiclayer/pgfcorearrows.code.te
x
File: pgfcorearrows.code.tex 2023-01-15 v3.1.10 (3.1.10)
\pgfarrowsep=\dimen198
)
(/usr/share/texlive/texmf-dist/tex/generic/pgf/basiclayer/pgfcoreshade.code.tex
File: pgfcoreshade.code.tex 2023-01-15 v3.1.10 (3.1.10)
\pgf@max=\dimen199
\pgf@sys@shading@range@num=\count317
\pgf@shadingcount=\count318
)
(/usr/share/texlive/texmf-dist/tex/generic/pgf/basiclayer/pgfcoreimage.code.tex
File: pgfcoreimage.code.tex 2023-01-15 v3.1.10 (3.1.10)
)
(/usr/share/texlive/texmf-dist/tex/generic/pgf/basiclayer/pgfcoreexternal.code.
tex
File: pgfcoreexternal.code.tex 2023-01-15 v3.1.10 (3.1.10)
\pgfexternal@startupbox=\box59
)
(/usr/share/texlive/texmf-dist/tex/generic/pgf/basiclayer/pgfcorelayers.code.te
x
File: pgfcorelayers.code.tex 2023-01-15 v3.1.10 (3.1.10)
)
(/usr/share/texlive/texmf-dist/tex/generic/pgf/basiclayer/pgfcoretransparency.c
ode.tex
File: pgfcoretransparency.code.tex 2023-01-15 v3.1.10 (3.1.10)
)
(/usr/share/texlive/texmf-dist/tex/generic/pgf/basiclayer/pgfcorepatterns.code.
tex
File: pgfcorepatterns.code.tex 2023-01-15 v3.1.10 (3.1.10)
)
(/usr/share/texlive/texmf-dist/tex/generic/pgf/basiclayer/pgfcorerdf.code.tex
File: pgfcorerdf.code.tex 2023-01-15 v3.1.10 (3.1.10)
)))
(/usr/share/texlive/texmf-dist/tex/generic/pgf/modules/pgfmoduleshapes.code.tex
File: pgfmoduleshapes.code.tex 2023-01-15 v3.1.10 (3.1.10)
\pgfnodeparttextbox=\box60
) (/usr/share/texlive/texmf-dist/tex/generic/pgf/modules/pgfmoduleplot.code.tex
File: pgfmoduleplot.code.tex 2023-01-15 v3.1.10 (3.1.10)
)
(/usr/share/texlive/texmf-dist/tex/latex/pgf/compatibility/pgfcomp-version-0-65
.sty
Package: pgfcomp-version-0-65 2023-01-15 v3.1.10 (3.1.10)
\pgf@nodesepstart=\dimen256
\pgf@nodesepend=\dimen257
)
(/usr/share/texlive/texmf-dist/tex/latex/pgf/compatibility/pgfcomp-version-1-18
.sty
Package: pgfcomp-version-1-18 2023-01-15 v3.1.10 (3.1.10)
)) (/usr/share/texlive/texmf-dist/tex/latex/tools/verbatim.sty
Package: verbatim 2023-11-06 v1.5v LaTeX2e package for verbatim enhancements
\every@verbatim=\toks33
\verbatim@line=\toks34
\verbatim@in@stream=\read4
)
(/usr/share/texlive/texmf-dist/tex/latex/environ/environ.sty
Package: environ 2014/05/04 v0.3 A new way to define environments

(/usr/share/texlive/texmf-dist/tex/latex/trimspaces/trimspaces.sty
Package: trimspaces 2009/09/17 v1.1 Trim spaces around a token list
)
\@envbody=\toks35
)
\tcb@titlebox=\box61
\tcb@upperbox=\box62
\tcb@lowerbox=\box63
\tcb@phantombox=\box64
\c@tcbbreakpart=\count319
\c@tcblayer=\count320
\c@tcolorbox@number=\count321
\l__tcobox_tmpa_box=\box65
\l__tcobox_tmpa_dim=\dimen258
\tcb@temp=\box66
\tcb@temp=\box67
\tcb@temp=\box68
\tcb@temp=\box69
)
(/usr/share/texlive/texmf-dist/tex/latex/tools/multicol.sty
Package: multicol 2023/03/30 v1.9f multicolumn formatting (FMi)
\c@tracingmulticols=\count322
\mult@box=\box70
\multicol@leftmargin=\dimen259
\c@unbalance=\count323
\c@collectmore=\count324
\doublecol@number=\count325
\multicoltolerance=\count326
\multicolpretolerance=\count327
\full@width=\dimen260
\page@free=\dimen261
\premulticols=\dimen262
\postmulticols=\dimen263
\multicolsep=\skip54
\multicolbaselineskip=\skip55
\partial@page=\box71
\last@line=\box72
\mc@boxedresult=\box73
\maxbalancingoverflow=\dimen264
\mult@rightbox=\box74
\mult@grightbox=\box75
\mult@firstbox=\box76
\mult@gfirstbox=\box77
\@tempa=\box78
\@tempa=\box79
\@tempa=\box80
\@tempa=\box81
\@tempa=\box82
\@tempa=\box83
\@tempa=\box84
\@tempa=\box85
\@tempa=\box86
\@tempa=\box87
\@tempa=\box88
\@tempa=\box89
\@tempa=\box90
\@tempa=\box91
\@tempa=\box92
\@tempa=\box93
\@tempa=\box94
\@tempa=\box95
\@tempa=\box96
\@tempa=\box97
\@tempa=\box98
\@tempa=\box99
\@tempa=\box100
\@tempa=\box101
\@tempa=\box102
\@tempa=\box103
\@tempa=\box104
\@tempa=\box105
\@tempa=\box106
\@tempa=\box107
\@tempa=\box108
\@tempa=\box109
\@tempa=\box110
\@tempa=\box111
\@tempa=\box112
\@tempa=\box113
\c@minrows=\count328
\c@columnbadness=\count329
\c@finalcolumnbadness=\count330
\last@try=\dimen265
\multicolovershoot=\dimen266
\multicolundershoot=\dimen267
\mult@nat@firstbox=\box114
\colbreak@box=\box115
\mc@col@check@num=\count331
)
(/usr/share/texlive/texmf-dist/tex/latex/base/fontenc.sty
Package: fontenc 2021/04/29 v2.0v Standard LaTeX package
)
(/usr/share/texlive/texmf-dist/tex/latex/psnfss/helvet.sty
Package: helvet 2020/03/25 PSNFSS-v9.3 (WaS) 
)
(/usr/share/texlive/texmf-dist/tex/latex/fancyhdr/fancyhdr.sty
Package: fancyhdr 2022/11/09 v4.1 Extensive control of page headers and footers

\f@nch@headwidth=\skip56
\f@nch@O@elh=\skip57
\f@nch@O@erh=\skip58
\f@nch@O@olh=\skip59
\f@nch@O@orh=\skip60
\f@nch@O@elf=\skip61
\f@nch@O@erf=\skip62
\f@nch@O@olf=\skip63
\f@nch@O@orf=\skip64
)
(./Memorias JEM.aux
LaTeX Info: Redefining \. on input line 11.
LaTeX Info: Redefining \% on input line 11.
)
\openout1 = `"Memorias JEM.aux"'.

LaTeX Font Info:    Checking defaults for OML/cmm/m/it on input line 35.
LaTeX Font Info:    ... okay on input line 35.
LaTeX Font Info:    Checking defaults for OMS/cmsy/m/n on input line 35.
LaTeX Font Info:    ... okay on input line 35.
LaTeX Font Info:    Checking defaults for OT1/cmr/m/n on input line 35.
LaTeX Font Info:    ... okay on input line 35.
LaTeX Font Info:    Checking defaults for T1/cmr/m/n on input line 35.
LaTeX Font Info:    ... okay on input line 35.
LaTeX Font Info:    Checking defaults for TS1/cmr/m/n on input line 35.
LaTeX Font Info:    ... okay on input line 35.
LaTeX Font Info:    Checking defaults for OMX/cmex/m/n on input line 35.
LaTeX Font Info:    ... okay on input line 35.
LaTeX Font Info:    Checking defaults for U/cmr/m/n on input line 35.
LaTeX Font Info:    ... okay on input line 35.
LaTeX Font Info:    Checking defaults for PD1/pdf/m/n on input line 35.
LaTeX Font Info:    ... okay on input line 35.
LaTeX Font Info:    Checking defaults for PU/pdf/m/n on input line 35.
LaTeX Font Info:    ... okay on input line 35.

(/usr/share/texlive/texmf-dist/tex/context/base/mkii/supp-pdf.mkii
[Loading MPS to PDF converter (version 2006.09.02).]
\scratchcounter=\count332
\scratchdimen=\dimen268
\scratchbox=\box116
\nofMPsegments=\count333
\nofMParguments=\count334
\everyMPshowfont=\toks36
\MPscratchCnt=\count335
\MPscratchDim=\dimen269
\MPnumerator=\count336
\makeMPintoPDFobject=\count337
\everyMPtoPDFconversion=\toks37
) (/usr/share/texlive/texmf-dist/tex/latex/epstopdf-pkg/epstopdf-base.sty
Package: epstopdf-base 2020-01-24 v2.11 Base part for package epstopdf
Package epstopdf-base Info: Redefining graphics rule for `.eps' on input line 4
85.

(/usr/share/texlive/texmf-dist/tex/latex/latexconfig/epstopdf-sys.cfg
File: epstopdf-sys.cfg 2010/07/13 v1.3 Configuration of (r)epstopdf for TeX Liv
e
))
(/usr/share/texlive/texmf-dist/tex/latex/pdflscape/pdflscape.sty
Package: pdflscape 2022-10-27 v0.13 Display of landscape pages in PDF

(/usr/share/texlive/texmf-dist/tex/latex/pdflscape/pdflscape-nometadata.sty
Package: pdflscape-nometadata 2022-10-28 v0.13 Display of landscape pages in PD
F (HO)

(/usr/share/texlive/texmf-dist/tex/latex/graphics/lscape.sty
Package: lscape 2020/05/28 v3.02 Landscape Pages (DPC)
)
Package pdflscape Info: Auto-detected driver: pdftex on input line 81.
))
LaTeX Info: Redefining \. on input line 35.
LaTeX Info: Redefining \% on input line 35.

*geometry* driver: auto-detecting
*geometry* detected driver: pdftex

Package geometry Warning: The marginal notes overrun the paper.
     Add 4.86812pt and more to the right margin.

*geometry* verbose mode - [ preamble ] result:
* driver: pdftex
* paper: a4paper
* layout: <same size as paper>
* layoutoffset:(h,v)=(0.0pt,0.0pt)
* modes: 
* h-part:(L,W,R)=(71.13188pt, 455.24411pt, 71.13188pt)
* v-part:(T,H,B)=(56.9055pt, 731.23584pt, 56.9055pt)
* \paperwidth=597.50787pt
* \paperheight=845.04684pt
* \textwidth=455.24411pt
* \textheight=731.23584pt
* \oddsidemargin=-1.1381pt
* \evensidemargin=-1.1381pt
* \topmargin=-52.36449pt
* \headheight=12.0pt
* \headsep=25.0pt
* \topskip=10.0pt
* \footskip=30.0pt
* \marginparwidth=65.0pt
* \marginparsep=11.0pt
* \columnsep=10.0pt
* \skip\footins=9.0pt plus 4.0pt minus 2.0pt
* \hoffset=0.0pt
* \voffset=0.0pt
* \mag=1000
* \@twocolumnfalse
* \@twosidefalse
* \@mparswitchfalse
* \@reversemarginfalse
* (1in=72.27pt=25.4mm, 1cm=28.453pt)

Package hyperref Info: Link coloring OFF on input line 35.
(./Memorias JEM.out) (./Memorias JEM.out)
\@outlinefile=\write4
\openout4 = `"Memorias JEM.out"'.

<Portada.pdf, id=58, 597.73312pt x 845.40843pt>
File: Portada.pdf Graphic file (type pdf)
<use Portada.pdf>
Package pdftex.def Info: Portada.pdf  used on input line 39.
(pdftex.def)             Requested size: 597.73166pt x 845.40636pt.
File: Portada.pdf Graphic file (type pdf)
<use Portada.pdf>
Package pdftex.def Info: Portada.pdf  used on input line 39.
(pdftex.def)             Requested size: 597.73166pt x 845.40636pt.
<Portada.pdf, id=61, page=1, 597.73312pt x 845.40843pt>
File: Portada.pdf Graphic file (type pdf)
<use Portada.pdf, page 1>
Package pdftex.def Info: Portada.pdf , page1 used on input line 39.
(pdftex.def)             Requested size: 597.73166pt x 845.40636pt.
File: Portada.pdf Graphic file (type pdf)
<use Portada.pdf, page 1>
Package pdftex.def Info: Portada.pdf , page1 used on input line 39.
(pdftex.def)             Requested size: 597.75902pt x 845.44505pt.
File: Portada.pdf Graphic file (type pdf)
<use Portada.pdf, page 1>
Package pdftex.def Info: Portada.pdf , page1 used on input line 39.
(pdftex.def)             Requested size: 597.75902pt x 845.44505pt.
File: Portada.pdf Graphic file (type pdf)
<use Portada.pdf, page 1>
Package pdftex.def Info: Portada.pdf , page1 used on input line 39.
(pdftex.def)             Requested size: 597.75902pt x 845.44505pt.
File: Portada.pdf Graphic file (type pdf)
<use Portada.pdf, page 1>
Package pdftex.def Info: Portada.pdf , page1 used on input line 39.
(pdftex.def)             Requested size: 597.75902pt x 845.44505pt.
 [1


 <./Portada.pdf>]
(./Informacion.tex
LaTeX Font Info:    Trying to load font information for T1+phv on input line 2.

 (/usr/share/texlive/texmf-dist/tex/latex/psnfss/t1phv.fd
File: t1phv.fd 2020/03/25 scalable font definitions for T1/phv.
))
[2

{/var/lib/texmf/fonts/map/pdftex/updmap/pdftex.map}{/usr/share/texlive/texmf-di
st/fonts/enc/dvips/base/8r.enc}{/usr/share/texmf/fonts/enc/dvips/cm-super/cm-su
per-t1.enc}] (./Autoridades.tex) [3

] (./Equipo.tex

LaTeX Font Warning: Font shape `TS1/cmr/m/sc' undefined
(Font)              using `TS1/cmr/m/n' instead
(Font)              for symbol `textdegree' on input line 59.

) [4

{/usr/share/texmf/fonts/enc/dvips/cm-super/cm-super-ts1.enc}]
(./Prologo.tex) [5

] (./Memorias JEM.toc
LaTeX Info: Redefining \. on input line 1.
LaTeX Info: Redefining \% on input line 1.
)
\tf@toc=\write5
\openout5 = `"Memorias JEM.toc"'.

 [6

] [7


]
<Tall-01/Tall01.pdf, id=161, 597.50829pt x 845.0471pt>
File: Tall-01/Tall01.pdf Graphic file (type pdf)
<use Tall-01/Tall01.pdf>
Package pdftex.def Info: Tall-01/Tall01.pdf  used on input line 85.
(pdftex.def)             Requested size: 597.50682pt x 845.04504pt.
File: Tall-01/Tall01.pdf Graphic file (type pdf)
<use Tall-01/Tall01.pdf>
Package pdftex.def Info: Tall-01/Tall01.pdf  used on input line 85.
(pdftex.def)             Requested size: 597.50682pt x 845.04504pt.
<Tall-01/Tall01.pdf, id=164, page=1, 597.50829pt x 845.0471pt>
File: Tall-01/Tall01.pdf Graphic file (type pdf)
<use Tall-01/Tall01.pdf, page 1>
Package pdftex.def Info: Tall-01/Tall01.pdf , page1 used on input line 85.
(pdftex.def)             Requested size: 597.50682pt x 845.04504pt.
File: Tall-01/Tall01.pdf Graphic file (type pdf)
<use Tall-01/Tall01.pdf, page 1>
Package pdftex.def Info: Tall-01/Tall01.pdf , page1 used on input line 85.
(pdftex.def)             Requested size: 597.53416pt x 845.08372pt.
File: Tall-01/Tall01.pdf Graphic file (type pdf)
<use Tall-01/Tall01.pdf, page 1>
Package pdftex.def Info: Tall-01/Tall01.pdf , page1 used on input line 85.
(pdftex.def)             Requested size: 597.53416pt x 845.08372pt.
File: Tall-01/Tall01.pdf Graphic file (type pdf)
<use Tall-01/Tall01.pdf, page 1>
Package pdftex.def Info: Tall-01/Tall01.pdf , page1 used on input line 85.
(pdftex.def)             Requested size: 597.53416pt x 845.08372pt.
File: Tall-01/Tall01.pdf Graphic file (type pdf)
<use Tall-01/Tall01.pdf, page 1>
Package pdftex.def Info: Tall-01/Tall01.pdf , page1 used on input line 85.
(pdftex.def)             Requested size: 597.53416pt x 845.08372pt.
 [8


 <./Tall-01/Tall01.pdf>]
<Tall-01/Tall01.pdf, id=208, page=2, 597.50829pt x 845.0471pt>
File: Tall-01/Tall01.pdf Graphic file (type pdf)
<use Tall-01/Tall01.pdf, page 2>
Package pdftex.def Info: Tall-01/Tall01.pdf , page2 used on input line 85.
(pdftex.def)             Requested size: 597.53416pt x 845.08372pt.
File: Tall-01/Tall01.pdf Graphic file (type pdf)
<use Tall-01/Tall01.pdf, page 2>
Package pdftex.def Info: Tall-01/Tall01.pdf , page2 used on input line 85.
(pdftex.def)             Requested size: 597.53416pt x 845.08372pt.
File: Tall-01/Tall01.pdf Graphic file (type pdf)
<use Tall-01/Tall01.pdf, page 2>
Package pdftex.def Info: Tall-01/Tall01.pdf , page2 used on input line 85.
(pdftex.def)             Requested size: 597.53416pt x 845.08372pt.

[9

 <./Tall-01/Tall01.pdf>]
<Tall-01/Tall01.pdf, id=243, page=3, 597.50829pt x 845.0471pt>
File: Tall-01/Tall01.pdf Graphic file (type pdf)
<use Tall-01/Tall01.pdf, page 3>
Package pdftex.def Info: Tall-01/Tall01.pdf , page3 used on input line 85.
(pdftex.def)             Requested size: 597.53416pt x 845.08372pt.
File: Tall-01/Tall01.pdf Graphic file (type pdf)
<use Tall-01/Tall01.pdf, page 3>
Package pdftex.def Info: Tall-01/Tall01.pdf , page3 used on input line 85.
(pdftex.def)             Requested size: 597.53416pt x 845.08372pt.
File: Tall-01/Tall01.pdf Graphic file (type pdf)
<use Tall-01/Tall01.pdf, page 3>
Package pdftex.def Info: Tall-01/Tall01.pdf , page3 used on input line 85.
(pdftex.def)             Requested size: 597.53416pt x 845.08372pt.
 [10

 <./Tall-01/Tall01.pdf>]
<Tall-01/Tall01.pdf, id=270, page=4, 597.50829pt x 845.0471pt>
File: Tall-01/Tall01.pdf Graphic file (type pdf)
<use Tall-01/Tall01.pdf, page 4>
Package pdftex.def Info: Tall-01/Tall01.pdf , page4 used on input line 85.
(pdftex.def)             Requested size: 597.53416pt x 845.08372pt.
File: Tall-01/Tall01.pdf Graphic file (type pdf)
<use Tall-01/Tall01.pdf, page 4>
Package pdftex.def Info: Tall-01/Tall01.pdf , page4 used on input line 85.
(pdftex.def)             Requested size: 597.53416pt x 845.08372pt.
File: Tall-01/Tall01.pdf Graphic file (type pdf)
<use Tall-01/Tall01.pdf, page 4>
Package pdftex.def Info: Tall-01/Tall01.pdf , page4 used on input line 85.
(pdftex.def)             Requested size: 597.53416pt x 845.08372pt.
 [11

 <./Tall-01/Tall01.pdf>]
<Tall-02/Tall02.pdf, id=287, 597.50829pt x 845.0471pt>
File: Tall-02/Tall02.pdf Graphic file (type pdf)
<use Tall-02/Tall02.pdf>
Package pdftex.def Info: Tall-02/Tall02.pdf  used on input line 91.
(pdftex.def)             Requested size: 597.50682pt x 845.04504pt.
File: Tall-02/Tall02.pdf Graphic file (type pdf)
<use Tall-02/Tall02.pdf>
Package pdftex.def Info: Tall-02/Tall02.pdf  used on input line 91.
(pdftex.def)             Requested size: 597.50682pt x 845.04504pt.
<Tall-02/Tall02.pdf, id=290, page=1, 597.50829pt x 845.0471pt>
File: Tall-02/Tall02.pdf Graphic file (type pdf)
<use Tall-02/Tall02.pdf, page 1>
Package pdftex.def Info: Tall-02/Tall02.pdf , page1 used on input line 91.
(pdftex.def)             Requested size: 597.50682pt x 845.04504pt.
File: Tall-02/Tall02.pdf Graphic file (type pdf)
<use Tall-02/Tall02.pdf, page 1>
Package pdftex.def Info: Tall-02/Tall02.pdf , page1 used on input line 91.
(pdftex.def)             Requested size: 597.53416pt x 845.08372pt.
File: Tall-02/Tall02.pdf Graphic file (type pdf)
<use Tall-02/Tall02.pdf, page 1>
Package pdftex.def Info: Tall-02/Tall02.pdf , page1 used on input line 91.
(pdftex.def)             Requested size: 597.53416pt x 845.08372pt.
File: Tall-02/Tall02.pdf Graphic file (type pdf)
<use Tall-02/Tall02.pdf, page 1>
Package pdftex.def Info: Tall-02/Tall02.pdf , page1 used on input line 91.
(pdftex.def)             Requested size: 597.53416pt x 845.08372pt.
File: Tall-02/Tall02.pdf Graphic file (type pdf)
<use Tall-02/Tall02.pdf, page 1>
Package pdftex.def Info: Tall-02/Tall02.pdf , page1 used on input line 91.
(pdftex.def)             Requested size: 597.53416pt x 845.08372pt.
 [12


 <./Tall-02/Tall02.pdf>]
<Tall-02/Tall02.pdf, id=328, page=2, 597.50829pt x 845.0471pt>
File: Tall-02/Tall02.pdf Graphic file (type pdf)
<use Tall-02/Tall02.pdf, page 2>
Package pdftex.def Info: Tall-02/Tall02.pdf , page2 used on input line 91.
(pdftex.def)             Requested size: 597.53416pt x 845.08372pt.
File: Tall-02/Tall02.pdf Graphic file (type pdf)
<use Tall-02/Tall02.pdf, page 2>
Package pdftex.def Info: Tall-02/Tall02.pdf , page2 used on input line 91.
(pdftex.def)             Requested size: 597.53416pt x 845.08372pt.
File: Tall-02/Tall02.pdf Graphic file (type pdf)
<use Tall-02/Tall02.pdf, page 2>
Package pdftex.def Info: Tall-02/Tall02.pdf , page2 used on input line 91.
(pdftex.def)             Requested size: 597.53416pt x 845.08372pt.
 [13

 <./Tall-02/Tall02.pdf>]
<Tall-02/Tall02.pdf, id=354, page=3, 597.50829pt x 845.0471pt>
File: Tall-02/Tall02.pdf Graphic file (type pdf)
<use Tall-02/Tall02.pdf, page 3>
Package pdftex.def Info: Tall-02/Tall02.pdf , page3 used on input line 91.
(pdftex.def)             Requested size: 597.53416pt x 845.08372pt.
File: Tall-02/Tall02.pdf Graphic file (type pdf)
<use Tall-02/Tall02.pdf, page 3>
Package pdftex.def Info: Tall-02/Tall02.pdf , page3 used on input line 91.
(pdftex.def)             Requested size: 597.53416pt x 845.08372pt.
File: Tall-02/Tall02.pdf Graphic file (type pdf)
<use Tall-02/Tall02.pdf, page 3>
Package pdftex.def Info: Tall-02/Tall02.pdf , page3 used on input line 91.
(pdftex.def)             Requested size: 597.53416pt x 845.08372pt.
 [14

 <./Tall-02/Tall02.pdf>]
<Tall-02/Tall02.pdf, id=372, page=4, 597.50829pt x 845.0471pt>
File: Tall-02/Tall02.pdf Graphic file (type pdf)
<use Tall-02/Tall02.pdf, page 4>
Package pdftex.def Info: Tall-02/Tall02.pdf , page4 used on input line 91.
(pdftex.def)             Requested size: 597.53416pt x 845.08372pt.
File: Tall-02/Tall02.pdf Graphic file (type pdf)
<use Tall-02/Tall02.pdf, page 4>
Package pdftex.def Info: Tall-02/Tall02.pdf , page4 used on input line 91.
(pdftex.def)             Requested size: 597.53416pt x 845.08372pt.
File: Tall-02/Tall02.pdf Graphic file (type pdf)
<use Tall-02/Tall02.pdf, page 4>
Package pdftex.def Info: Tall-02/Tall02.pdf , page4 used on input line 91.
(pdftex.def)             Requested size: 597.53416pt x 845.08372pt.
 [15

 <./Tall-02/Tall02.pdf>]
<Tall-03/Tall03.pdf, id=381, 597.50829pt x 845.0471pt>
File: Tall-03/Tall03.pdf Graphic file (type pdf)
<use Tall-03/Tall03.pdf>
Package pdftex.def Info: Tall-03/Tall03.pdf  used on input line 97.
(pdftex.def)             Requested size: 597.50682pt x 845.04504pt.
File: Tall-03/Tall03.pdf Graphic file (type pdf)
<use Tall-03/Tall03.pdf>
Package pdftex.def Info: Tall-03/Tall03.pdf  used on input line 97.
(pdftex.def)             Requested size: 597.50682pt x 845.04504pt.
<Tall-03/Tall03.pdf, id=384, page=1, 597.50829pt x 845.0471pt>
File: Tall-03/Tall03.pdf Graphic file (type pdf)
<use Tall-03/Tall03.pdf, page 1>
Package pdftex.def Info: Tall-03/Tall03.pdf , page1 used on input line 97.
(pdftex.def)             Requested size: 597.50682pt x 845.04504pt.
File: Tall-03/Tall03.pdf Graphic file (type pdf)
<use Tall-03/Tall03.pdf, page 1>
Package pdftex.def Info: Tall-03/Tall03.pdf , page1 used on input line 97.
(pdftex.def)             Requested size: 597.53416pt x 845.08372pt.
File: Tall-03/Tall03.pdf Graphic file (type pdf)
<use Tall-03/Tall03.pdf, page 1>
Package pdftex.def Info: Tall-03/Tall03.pdf , page1 used on input line 97.
(pdftex.def)             Requested size: 597.53416pt x 845.08372pt.
File: Tall-03/Tall03.pdf Graphic file (type pdf)
<use Tall-03/Tall03.pdf, page 1>
Package pdftex.def Info: Tall-03/Tall03.pdf , page1 used on input line 97.
(pdftex.def)             Requested size: 597.53416pt x 845.08372pt.
File: Tall-03/Tall03.pdf Graphic file (type pdf)
<use Tall-03/Tall03.pdf, page 1>
Package pdftex.def Info: Tall-03/Tall03.pdf , page1 used on input line 97.
(pdftex.def)             Requested size: 597.53416pt x 845.08372pt.
 [16


 <./Tall-03/Tall03.pdf>]
<Tall-03/Tall03.pdf, id=426, page=2, 597.50829pt x 845.0471pt>
File: Tall-03/Tall03.pdf Graphic file (type pdf)
<use Tall-03/Tall03.pdf, page 2>
Package pdftex.def Info: Tall-03/Tall03.pdf , page2 used on input line 97.
(pdftex.def)             Requested size: 597.53416pt x 845.08372pt.
File: Tall-03/Tall03.pdf Graphic file (type pdf)
<use Tall-03/Tall03.pdf, page 2>
Package pdftex.def Info: Tall-03/Tall03.pdf , page2 used on input line 97.
(pdftex.def)             Requested size: 597.53416pt x 845.08372pt.
File: Tall-03/Tall03.pdf Graphic file (type pdf)
<use Tall-03/Tall03.pdf, page 2>
Package pdftex.def Info: Tall-03/Tall03.pdf , page2 used on input line 97.
(pdftex.def)             Requested size: 597.53416pt x 845.08372pt.
 [17

 <./Tall-03/Tall03.pdf>]
<Tall-03/Tall03.pdf, id=439, page=3, 597.50829pt x 845.0471pt>
File: Tall-03/Tall03.pdf Graphic file (type pdf)
<use Tall-03/Tall03.pdf, page 3>
Package pdftex.def Info: Tall-03/Tall03.pdf , page3 used on input line 97.
(pdftex.def)             Requested size: 597.53416pt x 845.08372pt.
File: Tall-03/Tall03.pdf Graphic file (type pdf)
<use Tall-03/Tall03.pdf, page 3>
Package pdftex.def Info: Tall-03/Tall03.pdf , page3 used on input line 97.
(pdftex.def)             Requested size: 597.53416pt x 845.08372pt.
File: Tall-03/Tall03.pdf Graphic file (type pdf)
<use Tall-03/Tall03.pdf, page 3>
Package pdftex.def Info: Tall-03/Tall03.pdf , page3 used on input line 97.
(pdftex.def)             Requested size: 597.53416pt x 845.08372pt.
 [18

 <./Tall-03/Tall03.pdf>]
<Tall-03/Tall03.pdf, id=451, page=4, 597.50829pt x 845.0471pt>
File: Tall-03/Tall03.pdf Graphic file (type pdf)
<use Tall-03/Tall03.pdf, page 4>
Package pdftex.def Info: Tall-03/Tall03.pdf , page4 used on input line 97.
(pdftex.def)             Requested size: 597.53416pt x 845.08372pt.
File: Tall-03/Tall03.pdf Graphic file (type pdf)
<use Tall-03/Tall03.pdf, page 4>
Package pdftex.def Info: Tall-03/Tall03.pdf , page4 used on input line 97.
(pdftex.def)             Requested size: 597.53416pt x 845.08372pt.
File: Tall-03/Tall03.pdf Graphic file (type pdf)
<use Tall-03/Tall03.pdf, page 4>
Package pdftex.def Info: Tall-03/Tall03.pdf , page4 used on input line 97.
(pdftex.def)             Requested size: 597.53416pt x 845.08372pt.
 [19

 <./Tall-03/Tall03.pdf>]
<Tall-03/Tall03.pdf, id=459, page=5, 597.50829pt x 845.0471pt>
File: Tall-03/Tall03.pdf Graphic file (type pdf)
<use Tall-03/Tall03.pdf, page 5>
Package pdftex.def Info: Tall-03/Tall03.pdf , page5 used on input line 97.
(pdftex.def)             Requested size: 597.53416pt x 845.08372pt.
File: Tall-03/Tall03.pdf Graphic file (type pdf)
<use Tall-03/Tall03.pdf, page 5>
Package pdftex.def Info: Tall-03/Tall03.pdf , page5 used on input line 97.
(pdftex.def)             Requested size: 597.53416pt x 845.08372pt.
File: Tall-03/Tall03.pdf Graphic file (type pdf)
<use Tall-03/Tall03.pdf, page 5>
Package pdftex.def Info: Tall-03/Tall03.pdf , page5 used on input line 97.
(pdftex.def)             Requested size: 597.53416pt x 845.08372pt.
 [20

 <./Tall-03/Tall03.pdf>] [21


]
<Com-01/Com01.pdf, id=480, 597.50829pt x 845.0471pt>
File: Com-01/Com01.pdf Graphic file (type pdf)
<use Com-01/Com01.pdf>
Package pdftex.def Info: Com-01/Com01.pdf  used on input line 117.
(pdftex.def)             Requested size: 597.50682pt x 845.04504pt.
File: Com-01/Com01.pdf Graphic file (type pdf)
<use Com-01/Com01.pdf>
Package pdftex.def Info: Com-01/Com01.pdf  used on input line 117.
(pdftex.def)             Requested size: 597.50682pt x 845.04504pt.
<Com-01/Com01.pdf, id=483, page=1, 597.50829pt x 845.0471pt>
File: Com-01/Com01.pdf Graphic file (type pdf)
<use Com-01/Com01.pdf, page 1>
Package pdftex.def Info: Com-01/Com01.pdf , page1 used on input line 117.
(pdftex.def)             Requested size: 597.50682pt x 845.04504pt.
File: Com-01/Com01.pdf Graphic file (type pdf)
<use Com-01/Com01.pdf, page 1>
Package pdftex.def Info: Com-01/Com01.pdf , page1 used on input line 117.
(pdftex.def)             Requested size: 597.53416pt x 845.08372pt.
File: Com-01/Com01.pdf Graphic file (type pdf)
<use Com-01/Com01.pdf, page 1>
Package pdftex.def Info: Com-01/Com01.pdf , page1 used on input line 117.
(pdftex.def)             Requested size: 597.53416pt x 845.08372pt.
File: Com-01/Com01.pdf Graphic file (type pdf)
<use Com-01/Com01.pdf, page 1>
Package pdftex.def Info: Com-01/Com01.pdf , page1 used on input line 117.
(pdftex.def)             Requested size: 597.53416pt x 845.08372pt.
File: Com-01/Com01.pdf Graphic file (type pdf)
<use Com-01/Com01.pdf, page 1>
Package pdftex.def Info: Com-01/Com01.pdf , page1 used on input line 117.
(pdftex.def)             Requested size: 597.53416pt x 845.08372pt.
 [22


 <./Com-01/Com01.pdf>]
<Com-01/Com01.pdf, id=514, page=2, 597.50829pt x 845.0471pt>
File: Com-01/Com01.pdf Graphic file (type pdf)
<use Com-01/Com01.pdf, page 2>
Package pdftex.def Info: Com-01/Com01.pdf , page2 used on input line 117.
(pdftex.def)             Requested size: 597.53416pt x 845.08372pt.
File: Com-01/Com01.pdf Graphic file (type pdf)
<use Com-01/Com01.pdf, page 2>
Package pdftex.def Info: Com-01/Com01.pdf , page2 used on input line 117.
(pdftex.def)             Requested size: 597.53416pt x 845.08372pt.
File: Com-01/Com01.pdf Graphic file (type pdf)
<use Com-01/Com01.pdf, page 2>
Package pdftex.def Info: Com-01/Com01.pdf , page2 used on input line 117.
(pdftex.def)             Requested size: 597.53416pt x 845.08372pt.
 [23

 <./Com-01/Com01.pdf>]
<Com-01/Com01.pdf, id=531, page=3, 597.50829pt x 845.0471pt>
File: Com-01/Com01.pdf Graphic file (type pdf)
<use Com-01/Com01.pdf, page 3>
Package pdftex.def Info: Com-01/Com01.pdf , page3 used on input line 117.
(pdftex.def)             Requested size: 597.53416pt x 845.08372pt.
File: Com-01/Com01.pdf Graphic file (type pdf)
<use Com-01/Com01.pdf, page 3>
Package pdftex.def Info: Com-01/Com01.pdf , page3 used on input line 117.
(pdftex.def)             Requested size: 597.53416pt x 845.08372pt.
File: Com-01/Com01.pdf Graphic file (type pdf)
<use Com-01/Com01.pdf, page 3>
Package pdftex.def Info: Com-01/Com01.pdf , page3 used on input line 117.
(pdftex.def)             Requested size: 597.53416pt x 845.08372pt.

[24

 <./Com-01/Com01.pdf>]
<Com-02/Com02.pdf, id=544, 597.50829pt x 845.0471pt>
File: Com-02/Com02.pdf Graphic file (type pdf)
<use Com-02/Com02.pdf>
Package pdftex.def Info: Com-02/Com02.pdf  used on input line 123.
(pdftex.def)             Requested size: 597.50682pt x 845.04504pt.
File: Com-02/Com02.pdf Graphic file (type pdf)
<use Com-02/Com02.pdf>
Package pdftex.def Info: Com-02/Com02.pdf  used on input line 123.
(pdftex.def)             Requested size: 597.50682pt x 845.04504pt.
<Com-02/Com02.pdf, id=547, page=1, 597.50829pt x 845.0471pt>
File: Com-02/Com02.pdf Graphic file (type pdf)
<use Com-02/Com02.pdf, page 1>
Package pdftex.def Info: Com-02/Com02.pdf , page1 used on input line 123.
(pdftex.def)             Requested size: 597.50682pt x 845.04504pt.
File: Com-02/Com02.pdf Graphic file (type pdf)
<use Com-02/Com02.pdf, page 1>
Package pdftex.def Info: Com-02/Com02.pdf , page1 used on input line 123.
(pdftex.def)             Requested size: 597.53416pt x 845.08372pt.
File: Com-02/Com02.pdf Graphic file (type pdf)
<use Com-02/Com02.pdf, page 1>
Package pdftex.def Info: Com-02/Com02.pdf , page1 used on input line 123.
(pdftex.def)             Requested size: 597.53416pt x 845.08372pt.
File: Com-02/Com02.pdf Graphic file (type pdf)
<use Com-02/Com02.pdf, page 1>
Package pdftex.def Info: Com-02/Com02.pdf , page1 used on input line 123.
(pdftex.def)             Requested size: 597.53416pt x 845.08372pt.
File: Com-02/Com02.pdf Graphic file (type pdf)
<use Com-02/Com02.pdf, page 1>
Package pdftex.def Info: Com-02/Com02.pdf , page1 used on input line 123.
(pdftex.def)             Requested size: 597.53416pt x 845.08372pt.
 [25


 <./Com-02/Com02.pdf>]
<Com-02/Com02.pdf, id=578, page=2, 597.50829pt x 845.0471pt>
File: Com-02/Com02.pdf Graphic file (type pdf)
<use Com-02/Com02.pdf, page 2>
Package pdftex.def Info: Com-02/Com02.pdf , page2 used on input line 123.
(pdftex.def)             Requested size: 597.53416pt x 845.08372pt.
File: Com-02/Com02.pdf Graphic file (type pdf)
<use Com-02/Com02.pdf, page 2>
Package pdftex.def Info: Com-02/Com02.pdf , page2 used on input line 123.
(pdftex.def)             Requested size: 597.53416pt x 845.08372pt.
File: Com-02/Com02.pdf Graphic file (type pdf)
<use Com-02/Com02.pdf, page 2>
Package pdftex.def Info: Com-02/Com02.pdf , page2 used on input line 123.
(pdftex.def)             Requested size: 597.53416pt x 845.08372pt.
 [26

 <./Com-02/Com02.pdf>]
<Com-02/Com02.pdf, id=599, page=3, 597.50829pt x 845.0471pt>
File: Com-02/Com02.pdf Graphic file (type pdf)
<use Com-02/Com02.pdf, page 3>
Package pdftex.def Info: Com-02/Com02.pdf , page3 used on input line 123.
(pdftex.def)             Requested size: 597.53416pt x 845.08372pt.
File: Com-02/Com02.pdf Graphic file (type pdf)
<use Com-02/Com02.pdf, page 3>
Package pdftex.def Info: Com-02/Com02.pdf , page3 used on input line 123.
(pdftex.def)             Requested size: 597.53416pt x 845.08372pt.
File: Com-02/Com02.pdf Graphic file (type pdf)
<use Com-02/Com02.pdf, page 3>
Package pdftex.def Info: Com-02/Com02.pdf , page3 used on input line 123.
(pdftex.def)             Requested size: 597.53416pt x 845.08372pt.

[27

 <./Com-02/Com02.pdf>]
<Com-02/Com02.pdf, id=617, page=4, 597.50829pt x 845.0471pt>
File: Com-02/Com02.pdf Graphic file (type pdf)
<use Com-02/Com02.pdf, page 4>
Package pdftex.def Info: Com-02/Com02.pdf , page4 used on input line 123.
(pdftex.def)             Requested size: 597.53416pt x 845.08372pt.
File: Com-02/Com02.pdf Graphic file (type pdf)
<use Com-02/Com02.pdf, page 4>
Package pdftex.def Info: Com-02/Com02.pdf , page4 used on input line 123.
(pdftex.def)             Requested size: 597.53416pt x 845.08372pt.
File: Com-02/Com02.pdf Graphic file (type pdf)
<use Com-02/Com02.pdf, page 4>
Package pdftex.def Info: Com-02/Com02.pdf , page4 used on input line 123.
(pdftex.def)             Requested size: 597.53416pt x 845.08372pt.
 [28

 <./Com-02/Com02.pdf>]
<Com-02/Com02.pdf, id=672, page=5, 597.50829pt x 845.0471pt>
File: Com-02/Com02.pdf Graphic file (type pdf)
<use Com-02/Com02.pdf, page 5>
Package pdftex.def Info: Com-02/Com02.pdf , page5 used on input line 123.
(pdftex.def)             Requested size: 597.53416pt x 845.08372pt.
File: Com-02/Com02.pdf Graphic file (type pdf)
<use Com-02/Com02.pdf, page 5>
Package pdftex.def Info: Com-02/Com02.pdf , page5 used on input line 123.
(pdftex.def)             Requested size: 597.53416pt x 845.08372pt.
File: Com-02/Com02.pdf Graphic file (type pdf)
<use Com-02/Com02.pdf, page 5>
Package pdftex.def Info: Com-02/Com02.pdf , page5 used on input line 123.
(pdftex.def)             Requested size: 597.53416pt x 845.08372pt.
 [29

 <./Com-02/Com02.pdf>]
<Com-02/Com02.pdf, id=677, page=6, 597.50829pt x 845.0471pt>
File: Com-02/Com02.pdf Graphic file (type pdf)
<use Com-02/Com02.pdf, page 6>
Package pdftex.def Info: Com-02/Com02.pdf , page6 used on input line 123.
(pdftex.def)             Requested size: 597.53416pt x 845.08372pt.
File: Com-02/Com02.pdf Graphic file (type pdf)
<use Com-02/Com02.pdf, page 6>
Package pdftex.def Info: Com-02/Com02.pdf , page6 used on input line 123.
(pdftex.def)             Requested size: 597.53416pt x 845.08372pt.
File: Com-02/Com02.pdf Graphic file (type pdf)
<use Com-02/Com02.pdf, page 6>
Package pdftex.def Info: Com-02/Com02.pdf , page6 used on input line 123.
(pdftex.def)             Requested size: 597.53416pt x 845.08372pt.

[30

 <./Com-02/Com02.pdf>]
<Com-02/Com02.pdf, id=685, page=7, 597.50829pt x 845.0471pt>
File: Com-02/Com02.pdf Graphic file (type pdf)
<use Com-02/Com02.pdf, page 7>
Package pdftex.def Info: Com-02/Com02.pdf , page7 used on input line 123.
(pdftex.def)             Requested size: 597.53416pt x 845.08372pt.
File: Com-02/Com02.pdf Graphic file (type pdf)
<use Com-02/Com02.pdf, page 7>
Package pdftex.def Info: Com-02/Com02.pdf , page7 used on input line 123.
(pdftex.def)             Requested size: 597.53416pt x 845.08372pt.
File: Com-02/Com02.pdf Graphic file (type pdf)
<use Com-02/Com02.pdf, page 7>
Package pdftex.def Info: Com-02/Com02.pdf , page7 used on input line 123.
(pdftex.def)             Requested size: 597.53416pt x 845.08372pt.
 [31

 <./Com-02/Com02.pdf>]
<Com-03/Com03.pdf, id=695, 597.50829pt x 845.0471pt>
File: Com-03/Com03.pdf Graphic file (type pdf)
<use Com-03/Com03.pdf>
Package pdftex.def Info: Com-03/Com03.pdf  used on input line 129.
(pdftex.def)             Requested size: 597.50682pt x 845.04504pt.
File: Com-03/Com03.pdf Graphic file (type pdf)
<use Com-03/Com03.pdf>
Package pdftex.def Info: Com-03/Com03.pdf  used on input line 129.
(pdftex.def)             Requested size: 597.50682pt x 845.04504pt.
<Com-03/Com03.pdf, id=698, page=1, 597.50829pt x 845.0471pt>
File: Com-03/Com03.pdf Graphic file (type pdf)
<use Com-03/Com03.pdf, page 1>
Package pdftex.def Info: Com-03/Com03.pdf , page1 used on input line 129.
(pdftex.def)             Requested size: 597.50682pt x 845.04504pt.
File: Com-03/Com03.pdf Graphic file (type pdf)
<use Com-03/Com03.pdf, page 1>
Package pdftex.def Info: Com-03/Com03.pdf , page1 used on input line 129.
(pdftex.def)             Requested size: 597.53416pt x 845.08372pt.
File: Com-03/Com03.pdf Graphic file (type pdf)
<use Com-03/Com03.pdf, page 1>
Package pdftex.def Info: Com-03/Com03.pdf , page1 used on input line 129.
(pdftex.def)             Requested size: 597.53416pt x 845.08372pt.
File: Com-03/Com03.pdf Graphic file (type pdf)
<use Com-03/Com03.pdf, page 1>
Package pdftex.def Info: Com-03/Com03.pdf , page1 used on input line 129.
(pdftex.def)             Requested size: 597.53416pt x 845.08372pt.
File: Com-03/Com03.pdf Graphic file (type pdf)
<use Com-03/Com03.pdf, page 1>
Package pdftex.def Info: Com-03/Com03.pdf , page1 used on input line 129.
(pdftex.def)             Requested size: 597.53416pt x 845.08372pt.
 [32


 <./Com-03/Com03.pdf>]
<Com-03/Com03.pdf, id=728, page=2, 597.50829pt x 845.0471pt>
File: Com-03/Com03.pdf Graphic file (type pdf)
<use Com-03/Com03.pdf, page 2>
Package pdftex.def Info: Com-03/Com03.pdf , page2 used on input line 129.
(pdftex.def)             Requested size: 597.53416pt x 845.08372pt.
File: Com-03/Com03.pdf Graphic file (type pdf)
<use Com-03/Com03.pdf, page 2>
Package pdftex.def Info: Com-03/Com03.pdf , page2 used on input line 129.
(pdftex.def)             Requested size: 597.53416pt x 845.08372pt.
File: Com-03/Com03.pdf Graphic file (type pdf)
<use Com-03/Com03.pdf, page 2>
Package pdftex.def Info: Com-03/Com03.pdf , page2 used on input line 129.
(pdftex.def)             Requested size: 597.53416pt x 845.08372pt.

[33

 <./Com-03/Com03.pdf>]
<Com-03/Com03.pdf, id=745, page=3, 597.50829pt x 845.0471pt>
File: Com-03/Com03.pdf Graphic file (type pdf)
<use Com-03/Com03.pdf, page 3>
Package pdftex.def Info: Com-03/Com03.pdf , page3 used on input line 129.
(pdftex.def)             Requested size: 597.53416pt x 845.08372pt.
File: Com-03/Com03.pdf Graphic file (type pdf)
<use Com-03/Com03.pdf, page 3>
Package pdftex.def Info: Com-03/Com03.pdf , page3 used on input line 129.
(pdftex.def)             Requested size: 597.53416pt x 845.08372pt.
File: Com-03/Com03.pdf Graphic file (type pdf)
<use Com-03/Com03.pdf, page 3>
Package pdftex.def Info: Com-03/Com03.pdf , page3 used on input line 129.
(pdftex.def)             Requested size: 597.53416pt x 845.08372pt.
 [34

 <./Com-03/Com03.pdf>]
<Com-03/Com03.pdf, id=759, page=4, 597.50829pt x 845.0471pt>
File: Com-03/Com03.pdf Graphic file (type pdf)
<use Com-03/Com03.pdf, page 4>
Package pdftex.def Info: Com-03/Com03.pdf , page4 used on input line 129.
(pdftex.def)             Requested size: 597.53416pt x 845.08372pt.
File: Com-03/Com03.pdf Graphic file (type pdf)
<use Com-03/Com03.pdf, page 4>
Package pdftex.def Info: Com-03/Com03.pdf , page4 used on input line 129.
(pdftex.def)             Requested size: 597.53416pt x 845.08372pt.
File: Com-03/Com03.pdf Graphic file (type pdf)
<use Com-03/Com03.pdf, page 4>
Package pdftex.def Info: Com-03/Com03.pdf , page4 used on input line 129.
(pdftex.def)             Requested size: 597.53416pt x 845.08372pt.
 [35

 <./Com-03/Com03.pdf>]
<Com-03/Com03.pdf, id=771, page=5, 597.50829pt x 845.0471pt>
File: Com-03/Com03.pdf Graphic file (type pdf)
<use Com-03/Com03.pdf, page 5>
Package pdftex.def Info: Com-03/Com03.pdf , page5 used on input line 129.
(pdftex.def)             Requested size: 597.53416pt x 845.08372pt.
File: Com-03/Com03.pdf Graphic file (type pdf)
<use Com-03/Com03.pdf, page 5>
Package pdftex.def Info: Com-03/Com03.pdf , page5 used on input line 129.
(pdftex.def)             Requested size: 597.53416pt x 845.08372pt.
File: Com-03/Com03.pdf Graphic file (type pdf)
<use Com-03/Com03.pdf, page 5>
Package pdftex.def Info: Com-03/Com03.pdf , page5 used on input line 129.
(pdftex.def)             Requested size: 597.53416pt x 845.08372pt.

[36

 <./Com-03/Com03.pdf>]
<Com-03/Com03.pdf, id=780, page=6, 597.50829pt x 845.0471pt>
File: Com-03/Com03.pdf Graphic file (type pdf)
<use Com-03/Com03.pdf, page 6>
Package pdftex.def Info: Com-03/Com03.pdf , page6 used on input line 129.
(pdftex.def)             Requested size: 597.53416pt x 845.08372pt.
File: Com-03/Com03.pdf Graphic file (type pdf)
<use Com-03/Com03.pdf, page 6>
Package pdftex.def Info: Com-03/Com03.pdf , page6 used on input line 129.
(pdftex.def)             Requested size: 597.53416pt x 845.08372pt.
File: Com-03/Com03.pdf Graphic file (type pdf)
<use Com-03/Com03.pdf, page 6>
Package pdftex.def Info: Com-03/Com03.pdf , page6 used on input line 129.
(pdftex.def)             Requested size: 597.53416pt x 845.08372pt.
 [37

 <./Com-03/Com03.pdf>]
<Com-04/Com04.pdf, id=794, 597.50829pt x 845.0471pt>
File: Com-04/Com04.pdf Graphic file (type pdf)
<use Com-04/Com04.pdf>
Package pdftex.def Info: Com-04/Com04.pdf  used on input line 135.
(pdftex.def)             Requested size: 597.50682pt x 845.04504pt.
File: Com-04/Com04.pdf Graphic file (type pdf)
<use Com-04/Com04.pdf>
Package pdftex.def Info: Com-04/Com04.pdf  used on input line 135.
(pdftex.def)             Requested size: 597.50682pt x 845.04504pt.
<Com-04/Com04.pdf, id=797, page=1, 597.50829pt x 845.0471pt>
File: Com-04/Com04.pdf Graphic file (type pdf)
<use Com-04/Com04.pdf, page 1>
Package pdftex.def Info: Com-04/Com04.pdf , page1 used on input line 135.
(pdftex.def)             Requested size: 597.50682pt x 845.04504pt.
File: Com-04/Com04.pdf Graphic file (type pdf)
<use Com-04/Com04.pdf, page 1>
Package pdftex.def Info: Com-04/Com04.pdf , page1 used on input line 135.
(pdftex.def)             Requested size: 597.53416pt x 845.08372pt.
File: Com-04/Com04.pdf Graphic file (type pdf)
<use Com-04/Com04.pdf, page 1>
Package pdftex.def Info: Com-04/Com04.pdf , page1 used on input line 135.
(pdftex.def)             Requested size: 597.53416pt x 845.08372pt.
File: Com-04/Com04.pdf Graphic file (type pdf)
<use Com-04/Com04.pdf, page 1>
Package pdftex.def Info: Com-04/Com04.pdf , page1 used on input line 135.
(pdftex.def)             Requested size: 597.53416pt x 845.08372pt.
File: Com-04/Com04.pdf Graphic file (type pdf)
<use Com-04/Com04.pdf, page 1>
Package pdftex.def Info: Com-04/Com04.pdf , page1 used on input line 135.
(pdftex.def)             Requested size: 597.53416pt x 845.08372pt.
 [38


 <./Com-04/Com04.pdf>]
<Com-04/Com04.pdf, id=827, page=2, 597.50829pt x 845.0471pt>
File: Com-04/Com04.pdf Graphic file (type pdf)
<use Com-04/Com04.pdf, page 2>
Package pdftex.def Info: Com-04/Com04.pdf , page2 used on input line 135.
(pdftex.def)             Requested size: 597.53416pt x 845.08372pt.
File: Com-04/Com04.pdf Graphic file (type pdf)
<use Com-04/Com04.pdf, page 2>
Package pdftex.def Info: Com-04/Com04.pdf , page2 used on input line 135.
(pdftex.def)             Requested size: 597.53416pt x 845.08372pt.
File: Com-04/Com04.pdf Graphic file (type pdf)
<use Com-04/Com04.pdf, page 2>
Package pdftex.def Info: Com-04/Com04.pdf , page2 used on input line 135.
(pdftex.def)             Requested size: 597.53416pt x 845.08372pt.

[39

 <./Com-04/Com04.pdf>]
<Com-04/Com04.pdf, id=853, page=3, 597.50829pt x 845.0471pt>
File: Com-04/Com04.pdf Graphic file (type pdf)
<use Com-04/Com04.pdf, page 3>
Package pdftex.def Info: Com-04/Com04.pdf , page3 used on input line 135.
(pdftex.def)             Requested size: 597.53416pt x 845.08372pt.
File: Com-04/Com04.pdf Graphic file (type pdf)
<use Com-04/Com04.pdf, page 3>
Package pdftex.def Info: Com-04/Com04.pdf , page3 used on input line 135.
(pdftex.def)             Requested size: 597.53416pt x 845.08372pt.
File: Com-04/Com04.pdf Graphic file (type pdf)
<use Com-04/Com04.pdf, page 3>
Package pdftex.def Info: Com-04/Com04.pdf , page3 used on input line 135.
(pdftex.def)             Requested size: 597.53416pt x 845.08372pt.
 [40

 <./Com-04/Com04.pdf>]
<Com-04/Com04.pdf, id=858, page=4, 597.50829pt x 845.0471pt>
File: Com-04/Com04.pdf Graphic file (type pdf)
<use Com-04/Com04.pdf, page 4>
Package pdftex.def Info: Com-04/Com04.pdf , page4 used on input line 135.
(pdftex.def)             Requested size: 597.53416pt x 845.08372pt.
File: Com-04/Com04.pdf Graphic file (type pdf)
<use Com-04/Com04.pdf, page 4>
Package pdftex.def Info: Com-04/Com04.pdf , page4 used on input line 135.
(pdftex.def)             Requested size: 597.53416pt x 845.08372pt.
File: Com-04/Com04.pdf Graphic file (type pdf)
<use Com-04/Com04.pdf, page 4>
Package pdftex.def Info: Com-04/Com04.pdf , page4 used on input line 135.
(pdftex.def)             Requested size: 597.53416pt x 845.08372pt.
 [41

 <./Com-04/Com04.pdf>]
<Com-05/Com05.pdf, id=871, 597.50829pt x 845.0471pt>
File: Com-05/Com05.pdf Graphic file (type pdf)
<use Com-05/Com05.pdf>
Package pdftex.def Info: Com-05/Com05.pdf  used on input line 141.
(pdftex.def)             Requested size: 597.50682pt x 845.04504pt.
File: Com-05/Com05.pdf Graphic file (type pdf)
<use Com-05/Com05.pdf>
Package pdftex.def Info: Com-05/Com05.pdf  used on input line 141.
(pdftex.def)             Requested size: 597.50682pt x 845.04504pt.
<Com-05/Com05.pdf, id=874, page=1, 597.50829pt x 845.0471pt>
File: Com-05/Com05.pdf Graphic file (type pdf)
<use Com-05/Com05.pdf, page 1>
Package pdftex.def Info: Com-05/Com05.pdf , page1 used on input line 141.
(pdftex.def)             Requested size: 597.50682pt x 845.04504pt.
File: Com-05/Com05.pdf Graphic file (type pdf)
<use Com-05/Com05.pdf, page 1>
Package pdftex.def Info: Com-05/Com05.pdf , page1 used on input line 141.
(pdftex.def)             Requested size: 597.53416pt x 845.08372pt.
File: Com-05/Com05.pdf Graphic file (type pdf)
<use Com-05/Com05.pdf, page 1>
Package pdftex.def Info: Com-05/Com05.pdf , page1 used on input line 141.
(pdftex.def)             Requested size: 597.53416pt x 845.08372pt.
File: Com-05/Com05.pdf Graphic file (type pdf)
<use Com-05/Com05.pdf, page 1>
Package pdftex.def Info: Com-05/Com05.pdf , page1 used on input line 141.
(pdftex.def)             Requested size: 597.53416pt x 845.08372pt.
File: Com-05/Com05.pdf Graphic file (type pdf)
<use Com-05/Com05.pdf, page 1>
Package pdftex.def Info: Com-05/Com05.pdf , page1 used on input line 141.
(pdftex.def)             Requested size: 597.53416pt x 845.08372pt.

[42


 <./Com-05/Com05.pdf>]
<Com-05/Com05.pdf, id=904, page=2, 597.50829pt x 845.0471pt>
File: Com-05/Com05.pdf Graphic file (type pdf)
<use Com-05/Com05.pdf, page 2>
Package pdftex.def Info: Com-05/Com05.pdf , page2 used on input line 141.
(pdftex.def)             Requested size: 597.53416pt x 845.08372pt.
File: Com-05/Com05.pdf Graphic file (type pdf)
<use Com-05/Com05.pdf, page 2>
Package pdftex.def Info: Com-05/Com05.pdf , page2 used on input line 141.
(pdftex.def)             Requested size: 597.53416pt x 845.08372pt.
File: Com-05/Com05.pdf Graphic file (type pdf)
<use Com-05/Com05.pdf, page 2>
Package pdftex.def Info: Com-05/Com05.pdf , page2 used on input line 141.
(pdftex.def)             Requested size: 597.53416pt x 845.08372pt.
 [43

 <./Com-05/Com05.pdf>]
<Com-05/Com05.pdf, id=914, page=3, 597.50829pt x 845.0471pt>
File: Com-05/Com05.pdf Graphic file (type pdf)
<use Com-05/Com05.pdf, page 3>
Package pdftex.def Info: Com-05/Com05.pdf , page3 used on input line 141.
(pdftex.def)             Requested size: 597.53416pt x 845.08372pt.
File: Com-05/Com05.pdf Graphic file (type pdf)
<use Com-05/Com05.pdf, page 3>
Package pdftex.def Info: Com-05/Com05.pdf , page3 used on input line 141.
(pdftex.def)             Requested size: 597.53416pt x 845.08372pt.
File: Com-05/Com05.pdf Graphic file (type pdf)
<use Com-05/Com05.pdf, page 3>
Package pdftex.def Info: Com-05/Com05.pdf , page3 used on input line 141.
(pdftex.def)             Requested size: 597.53416pt x 845.08372pt.
 [44

 <./Com-05/Com05.pdf>]
<Com-05/Com05.pdf, id=923, page=4, 597.50829pt x 845.0471pt>
File: Com-05/Com05.pdf Graphic file (type pdf)
<use Com-05/Com05.pdf, page 4>
Package pdftex.def Info: Com-05/Com05.pdf , page4 used on input line 141.
(pdftex.def)             Requested size: 597.53416pt x 845.08372pt.
File: Com-05/Com05.pdf Graphic file (type pdf)
<use Com-05/Com05.pdf, page 4>
Package pdftex.def Info: Com-05/Com05.pdf , page4 used on input line 141.
(pdftex.def)             Requested size: 597.53416pt x 845.08372pt.
File: Com-05/Com05.pdf Graphic file (type pdf)
<use Com-05/Com05.pdf, page 4>
Package pdftex.def Info: Com-05/Com05.pdf , page4 used on input line 141.
(pdftex.def)             Requested size: 597.53416pt x 845.08372pt.

[45

 <./Com-05/Com05.pdf>]
<Com-05/Com05.pdf, id=936, page=5, 597.50829pt x 845.0471pt>
File: Com-05/Com05.pdf Graphic file (type pdf)
<use Com-05/Com05.pdf, page 5>
Package pdftex.def Info: Com-05/Com05.pdf , page5 used on input line 141.
(pdftex.def)             Requested size: 597.53416pt x 845.08372pt.
File: Com-05/Com05.pdf Graphic file (type pdf)
<use Com-05/Com05.pdf, page 5>
Package pdftex.def Info: Com-05/Com05.pdf , page5 used on input line 141.
(pdftex.def)             Requested size: 597.53416pt x 845.08372pt.
File: Com-05/Com05.pdf Graphic file (type pdf)
<use Com-05/Com05.pdf, page 5>
Package pdftex.def Info: Com-05/Com05.pdf , page5 used on input line 141.
(pdftex.def)             Requested size: 597.53416pt x 845.08372pt.
 [46

 <./Com-05/Com05.pdf>]
<Com-06/Com06.pdf, id=949, 597.50829pt x 845.0471pt>
File: Com-06/Com06.pdf Graphic file (type pdf)
<use Com-06/Com06.pdf>
Package pdftex.def Info: Com-06/Com06.pdf  used on input line 147.
(pdftex.def)             Requested size: 597.50682pt x 845.04504pt.
File: Com-06/Com06.pdf Graphic file (type pdf)
<use Com-06/Com06.pdf>
Package pdftex.def Info: Com-06/Com06.pdf  used on input line 147.
(pdftex.def)             Requested size: 597.50682pt x 845.04504pt.
<Com-06/Com06.pdf, id=952, page=1, 597.50829pt x 845.0471pt>
File: Com-06/Com06.pdf Graphic file (type pdf)
<use Com-06/Com06.pdf, page 1>
Package pdftex.def Info: Com-06/Com06.pdf , page1 used on input line 147.
(pdftex.def)             Requested size: 597.50682pt x 845.04504pt.
File: Com-06/Com06.pdf Graphic file (type pdf)
<use Com-06/Com06.pdf, page 1>
Package pdftex.def Info: Com-06/Com06.pdf , page1 used on input line 147.
(pdftex.def)             Requested size: 597.53416pt x 845.08372pt.
File: Com-06/Com06.pdf Graphic file (type pdf)
<use Com-06/Com06.pdf, page 1>
Package pdftex.def Info: Com-06/Com06.pdf , page1 used on input line 147.
(pdftex.def)             Requested size: 597.53416pt x 845.08372pt.
File: Com-06/Com06.pdf Graphic file (type pdf)
<use Com-06/Com06.pdf, page 1>
Package pdftex.def Info: Com-06/Com06.pdf , page1 used on input line 147.
(pdftex.def)             Requested size: 597.53416pt x 845.08372pt.
File: Com-06/Com06.pdf Graphic file (type pdf)
<use Com-06/Com06.pdf, page 1>
Package pdftex.def Info: Com-06/Com06.pdf , page1 used on input line 147.
(pdftex.def)             Requested size: 597.53416pt x 845.08372pt.
 [47


 <./Com-06/Com06.pdf>]
<Com-06/Com06.pdf, id=983, page=2, 597.50829pt x 845.0471pt>
File: Com-06/Com06.pdf Graphic file (type pdf)
<use Com-06/Com06.pdf, page 2>
Package pdftex.def Info: Com-06/Com06.pdf , page2 used on input line 147.
(pdftex.def)             Requested size: 597.53416pt x 845.08372pt.
File: Com-06/Com06.pdf Graphic file (type pdf)
<use Com-06/Com06.pdf, page 2>
Package pdftex.def Info: Com-06/Com06.pdf , page2 used on input line 147.
(pdftex.def)             Requested size: 597.53416pt x 845.08372pt.
File: Com-06/Com06.pdf Graphic file (type pdf)
<use Com-06/Com06.pdf, page 2>
Package pdftex.def Info: Com-06/Com06.pdf , page2 used on input line 147.
(pdftex.def)             Requested size: 597.53416pt x 845.08372pt.

[48

 <./Com-06/Com06.pdf>]
<Com-06/Com06.pdf, id=992, page=3, 597.50829pt x 845.0471pt>
File: Com-06/Com06.pdf Graphic file (type pdf)
<use Com-06/Com06.pdf, page 3>
Package pdftex.def Info: Com-06/Com06.pdf , page3 used on input line 147.
(pdftex.def)             Requested size: 597.53416pt x 845.08372pt.
File: Com-06/Com06.pdf Graphic file (type pdf)
<use Com-06/Com06.pdf, page 3>
Package pdftex.def Info: Com-06/Com06.pdf , page3 used on input line 147.
(pdftex.def)             Requested size: 597.53416pt x 845.08372pt.
File: Com-06/Com06.pdf Graphic file (type pdf)
<use Com-06/Com06.pdf, page 3>
Package pdftex.def Info: Com-06/Com06.pdf , page3 used on input line 147.
(pdftex.def)             Requested size: 597.53416pt x 845.08372pt.
 [49

 <./Com-06/Com06.pdf>]
<Com-06/Com06.pdf, id=1002, page=4, 597.50829pt x 845.0471pt>
File: Com-06/Com06.pdf Graphic file (type pdf)
<use Com-06/Com06.pdf, page 4>
Package pdftex.def Info: Com-06/Com06.pdf , page4 used on input line 147.
(pdftex.def)             Requested size: 597.53416pt x 845.08372pt.
File: Com-06/Com06.pdf Graphic file (type pdf)
<use Com-06/Com06.pdf, page 4>
Package pdftex.def Info: Com-06/Com06.pdf , page4 used on input line 147.
(pdftex.def)             Requested size: 597.53416pt x 845.08372pt.
File: Com-06/Com06.pdf Graphic file (type pdf)
<use Com-06/Com06.pdf, page 4>
Package pdftex.def Info: Com-06/Com06.pdf , page4 used on input line 147.
(pdftex.def)             Requested size: 597.53416pt x 845.08372pt.
 [50

 <./Com-06/Com06.pdf>]
<Com-06/Com06.pdf, id=1007, page=5, 597.50829pt x 845.0471pt>
File: Com-06/Com06.pdf Graphic file (type pdf)
<use Com-06/Com06.pdf, page 5>
Package pdftex.def Info: Com-06/Com06.pdf , page5 used on input line 147.
(pdftex.def)             Requested size: 597.53416pt x 845.08372pt.
File: Com-06/Com06.pdf Graphic file (type pdf)
<use Com-06/Com06.pdf, page 5>
Package pdftex.def Info: Com-06/Com06.pdf , page5 used on input line 147.
(pdftex.def)             Requested size: 597.53416pt x 845.08372pt.
File: Com-06/Com06.pdf Graphic file (type pdf)
<use Com-06/Com06.pdf, page 5>
Package pdftex.def Info: Com-06/Com06.pdf , page5 used on input line 147.
(pdftex.def)             Requested size: 597.53416pt x 845.08372pt.

[51

 <./Com-06/Com06.pdf>]
<Com-06/Com06.pdf, id=1012, page=6, 597.50829pt x 845.0471pt>
File: Com-06/Com06.pdf Graphic file (type pdf)
<use Com-06/Com06.pdf, page 6>
Package pdftex.def Info: Com-06/Com06.pdf , page6 used on input line 147.
(pdftex.def)             Requested size: 597.53416pt x 845.08372pt.
File: Com-06/Com06.pdf Graphic file (type pdf)
<use Com-06/Com06.pdf, page 6>
Package pdftex.def Info: Com-06/Com06.pdf , page6 used on input line 147.
(pdftex.def)             Requested size: 597.53416pt x 845.08372pt.
File: Com-06/Com06.pdf Graphic file (type pdf)
<use Com-06/Com06.pdf, page 6>
Package pdftex.def Info: Com-06/Com06.pdf , page6 used on input line 147.
(pdftex.def)             Requested size: 597.53416pt x 845.08372pt.
 [52

 <./Com-06/Com06.pdf>]
<Com-06/Com06.pdf, id=1021, page=7, 597.50829pt x 845.0471pt>
File: Com-06/Com06.pdf Graphic file (type pdf)
<use Com-06/Com06.pdf, page 7>
Package pdftex.def Info: Com-06/Com06.pdf , page7 used on input line 147.
(pdftex.def)             Requested size: 597.53416pt x 845.08372pt.
File: Com-06/Com06.pdf Graphic file (type pdf)
<use Com-06/Com06.pdf, page 7>
Package pdftex.def Info: Com-06/Com06.pdf , page7 used on input line 147.
(pdftex.def)             Requested size: 597.53416pt x 845.08372pt.
File: Com-06/Com06.pdf Graphic file (type pdf)
<use Com-06/Com06.pdf, page 7>
Package pdftex.def Info: Com-06/Com06.pdf , page7 used on input line 147.
(pdftex.def)             Requested size: 597.53416pt x 845.08372pt.
 [53

 <./Com-06/Com06.pdf>]
<Com-07/Com07.pdf, id=1034, 597.50829pt x 845.0471pt>
File: Com-07/Com07.pdf Graphic file (type pdf)
<use Com-07/Com07.pdf>
Package pdftex.def Info: Com-07/Com07.pdf  used on input line 153.
(pdftex.def)             Requested size: 597.50682pt x 845.04504pt.
File: Com-07/Com07.pdf Graphic file (type pdf)
<use Com-07/Com07.pdf>
Package pdftex.def Info: Com-07/Com07.pdf  used on input line 153.
(pdftex.def)             Requested size: 597.50682pt x 845.04504pt.
<Com-07/Com07.pdf, id=1037, page=1, 597.50829pt x 845.0471pt>
File: Com-07/Com07.pdf Graphic file (type pdf)
<use Com-07/Com07.pdf, page 1>
Package pdftex.def Info: Com-07/Com07.pdf , page1 used on input line 153.
(pdftex.def)             Requested size: 597.50682pt x 845.04504pt.
File: Com-07/Com07.pdf Graphic file (type pdf)
<use Com-07/Com07.pdf, page 1>
Package pdftex.def Info: Com-07/Com07.pdf , page1 used on input line 153.
(pdftex.def)             Requested size: 597.53416pt x 845.08372pt.
File: Com-07/Com07.pdf Graphic file (type pdf)
<use Com-07/Com07.pdf, page 1>
Package pdftex.def Info: Com-07/Com07.pdf , page1 used on input line 153.
(pdftex.def)             Requested size: 597.53416pt x 845.08372pt.
File: Com-07/Com07.pdf Graphic file (type pdf)
<use Com-07/Com07.pdf, page 1>
Package pdftex.def Info: Com-07/Com07.pdf , page1 used on input line 153.
(pdftex.def)             Requested size: 597.53416pt x 845.08372pt.
File: Com-07/Com07.pdf Graphic file (type pdf)
<use Com-07/Com07.pdf, page 1>
Package pdftex.def Info: Com-07/Com07.pdf , page1 used on input line 153.
(pdftex.def)             Requested size: 597.53416pt x 845.08372pt.

[54


 <./Com-07/Com07.pdf>]
<Com-07/Com07.pdf, id=1071, page=2, 597.50829pt x 845.0471pt>
File: Com-07/Com07.pdf Graphic file (type pdf)
<use Com-07/Com07.pdf, page 2>
Package pdftex.def Info: Com-07/Com07.pdf , page2 used on input line 153.
(pdftex.def)             Requested size: 597.53416pt x 845.08372pt.
File: Com-07/Com07.pdf Graphic file (type pdf)
<use Com-07/Com07.pdf, page 2>
Package pdftex.def Info: Com-07/Com07.pdf , page2 used on input line 153.
(pdftex.def)             Requested size: 597.53416pt x 845.08372pt.
File: Com-07/Com07.pdf Graphic file (type pdf)
<use Com-07/Com07.pdf, page 2>
Package pdftex.def Info: Com-07/Com07.pdf , page2 used on input line 153.
(pdftex.def)             Requested size: 597.53416pt x 845.08372pt.
 [55

 <./Com-07/Com07.pdf>]
<Com-07/Com07.pdf, id=1077, page=3, 597.50829pt x 845.0471pt>
File: Com-07/Com07.pdf Graphic file (type pdf)
<use Com-07/Com07.pdf, page 3>
Package pdftex.def Info: Com-07/Com07.pdf , page3 used on input line 153.
(pdftex.def)             Requested size: 597.53416pt x 845.08372pt.
File: Com-07/Com07.pdf Graphic file (type pdf)
<use Com-07/Com07.pdf, page 3>
Package pdftex.def Info: Com-07/Com07.pdf , page3 used on input line 153.
(pdftex.def)             Requested size: 597.53416pt x 845.08372pt.
File: Com-07/Com07.pdf Graphic file (type pdf)
<use Com-07/Com07.pdf, page 3>
Package pdftex.def Info: Com-07/Com07.pdf , page3 used on input line 153.
(pdftex.def)             Requested size: 597.53416pt x 845.08372pt.
 [56

 <./Com-07/Com07.pdf>]
<Com-08/Com08.pdf, id=1102, 597.50829pt x 845.0471pt>
File: Com-08/Com08.pdf Graphic file (type pdf)
<use Com-08/Com08.pdf>
Package pdftex.def Info: Com-08/Com08.pdf  used on input line 159.
(pdftex.def)             Requested size: 597.50682pt x 845.04504pt.
File: Com-08/Com08.pdf Graphic file (type pdf)
<use Com-08/Com08.pdf>
Package pdftex.def Info: Com-08/Com08.pdf  used on input line 159.
(pdftex.def)             Requested size: 597.50682pt x 845.04504pt.
<Com-08/Com08.pdf, id=1105, page=1, 597.50829pt x 845.0471pt>
File: Com-08/Com08.pdf Graphic file (type pdf)
<use Com-08/Com08.pdf, page 1>
Package pdftex.def Info: Com-08/Com08.pdf , page1 used on input line 159.
(pdftex.def)             Requested size: 597.50682pt x 845.04504pt.
File: Com-08/Com08.pdf Graphic file (type pdf)
<use Com-08/Com08.pdf, page 1>
Package pdftex.def Info: Com-08/Com08.pdf , page1 used on input line 159.
(pdftex.def)             Requested size: 597.53416pt x 845.08372pt.
File: Com-08/Com08.pdf Graphic file (type pdf)
<use Com-08/Com08.pdf, page 1>
Package pdftex.def Info: Com-08/Com08.pdf , page1 used on input line 159.
(pdftex.def)             Requested size: 597.53416pt x 845.08372pt.
File: Com-08/Com08.pdf Graphic file (type pdf)
<use Com-08/Com08.pdf, page 1>
Package pdftex.def Info: Com-08/Com08.pdf , page1 used on input line 159.
(pdftex.def)             Requested size: 597.53416pt x 845.08372pt.
File: Com-08/Com08.pdf Graphic file (type pdf)
<use Com-08/Com08.pdf, page 1>
Package pdftex.def Info: Com-08/Com08.pdf , page1 used on input line 159.
(pdftex.def)             Requested size: 597.53416pt x 845.08372pt.

[57


 <./Com-08/Com08.pdf>]
<Com-08/Com08.pdf, id=1140, page=2, 597.50829pt x 845.0471pt>
File: Com-08/Com08.pdf Graphic file (type pdf)
<use Com-08/Com08.pdf, page 2>
Package pdftex.def Info: Com-08/Com08.pdf , page2 used on input line 159.
(pdftex.def)             Requested size: 597.53416pt x 845.08372pt.
File: Com-08/Com08.pdf Graphic file (type pdf)
<use Com-08/Com08.pdf, page 2>
Package pdftex.def Info: Com-08/Com08.pdf , page2 used on input line 159.
(pdftex.def)             Requested size: 597.53416pt x 845.08372pt.
File: Com-08/Com08.pdf Graphic file (type pdf)
<use Com-08/Com08.pdf, page 2>
Package pdftex.def Info: Com-08/Com08.pdf , page2 used on input line 159.
(pdftex.def)             Requested size: 597.53416pt x 845.08372pt.
 [58

 <./Com-08/Com08.pdf>]
<Com-08/Com08.pdf, id=1149, page=3, 597.50829pt x 845.0471pt>
File: Com-08/Com08.pdf Graphic file (type pdf)
<use Com-08/Com08.pdf, page 3>
Package pdftex.def Info: Com-08/Com08.pdf , page3 used on input line 159.
(pdftex.def)             Requested size: 597.53416pt x 845.08372pt.
File: Com-08/Com08.pdf Graphic file (type pdf)
<use Com-08/Com08.pdf, page 3>
Package pdftex.def Info: Com-08/Com08.pdf , page3 used on input line 159.
(pdftex.def)             Requested size: 597.53416pt x 845.08372pt.
File: Com-08/Com08.pdf Graphic file (type pdf)
<use Com-08/Com08.pdf, page 3>
Package pdftex.def Info: Com-08/Com08.pdf , page3 used on input line 159.
(pdftex.def)             Requested size: 597.53416pt x 845.08372pt.
 [59

 <./Com-08/Com08.pdf>]
<Com-08/Com08.pdf, id=1154, page=4, 597.50829pt x 845.0471pt>
File: Com-08/Com08.pdf Graphic file (type pdf)
<use Com-08/Com08.pdf, page 4>
Package pdftex.def Info: Com-08/Com08.pdf , page4 used on input line 159.
(pdftex.def)             Requested size: 597.53416pt x 845.08372pt.
File: Com-08/Com08.pdf Graphic file (type pdf)
<use Com-08/Com08.pdf, page 4>
Package pdftex.def Info: Com-08/Com08.pdf , page4 used on input line 159.
(pdftex.def)             Requested size: 597.53416pt x 845.08372pt.
File: Com-08/Com08.pdf Graphic file (type pdf)
<use Com-08/Com08.pdf, page 4>
Package pdftex.def Info: Com-08/Com08.pdf , page4 used on input line 159.
(pdftex.def)             Requested size: 597.53416pt x 845.08372pt.

[60

 <./Com-08/Com08.pdf>]
<Contraportada.pdf, id=1167, 597.73312pt x 845.40843pt>
File: Contraportada.pdf Graphic file (type pdf)
<use Contraportada.pdf>
Package pdftex.def Info: Contraportada.pdf  used on input line 165.
(pdftex.def)             Requested size: 597.73166pt x 845.40636pt.
File: Contraportada.pdf Graphic file (type pdf)
<use Contraportada.pdf>
Package pdftex.def Info: Contraportada.pdf  used on input line 165.
(pdftex.def)             Requested size: 597.73166pt x 845.40636pt.
<Contraportada.pdf, id=1170, page=1, 597.73312pt x 845.40843pt>
File: Contraportada.pdf Graphic file (type pdf)
<use Contraportada.pdf, page 1>
Package pdftex.def Info: Contraportada.pdf , page1 used on input line 165.
(pdftex.def)             Requested size: 597.73166pt x 845.40636pt.
File: Contraportada.pdf Graphic file (type pdf)
<use Contraportada.pdf, page 1>
Package pdftex.def Info: Contraportada.pdf , page1 used on input line 165.
(pdftex.def)             Requested size: 597.75902pt x 845.44505pt.
File: Contraportada.pdf Graphic file (type pdf)
<use Contraportada.pdf, page 1>
Package pdftex.def Info: Contraportada.pdf , page1 used on input line 165.
(pdftex.def)             Requested size: 597.75902pt x 845.44505pt.
File: Contraportada.pdf Graphic file (type pdf)
<use Contraportada.pdf, page 1>
Package pdftex.def Info: Contraportada.pdf , page1 used on input line 165.
(pdftex.def)             Requested size: 597.75902pt x 845.44505pt.
File: Contraportada.pdf Graphic file (type pdf)
<use Contraportada.pdf, page 1>
Package pdftex.def Info: Contraportada.pdf , page1 used on input line 165.
(pdftex.def)             Requested size: 597.75902pt x 845.44505pt.
 [61


 <./Contraportada.pdf>] (./Memorias JEM.aux
LaTeX Info: Redefining \. on input line 11.
LaTeX Info: Redefining \% on input line 11.
)
 ***********
LaTeX2e <2023-11-01> patch level 1
L3 programming layer <2024-01-22>
 ***********


LaTeX Font Warning: Some font shapes were not available, defaults substituted.

Package rerunfilecheck Info: File `"Memorias JEM".out' has not changed.
(rerunfilecheck)             Checksum: B1E75C247E82D06CD99C32FAA6261EA8;5754.
 ) 
Here is how much of TeX's memory you used:
 22726 strings out of 474222
 426735 string characters out of 5748732
 1932975 words of memory out of 5000000
 44525 multiletter control sequences out of 15000+600000
 602263 words of font info for 68 fonts, out of 8000000 for 9000
 1141 hyphenation exceptions out of 8191
 83i,17n,93p,834b,615s stack positions out of 10000i,1000n,20000p,200000b,200000s
</usr/share/texlive/texmf-dist/fonts/type1/public/amsfonts/cm/cmex10.pfb></us
r/share/texlive/texmf-dist/fonts/type1/public/amsfonts/cm/cmmi10.pfb></usr/shar
e/texlive/texmf-dist/fonts/type1/public/amsfonts/cm/cmmi5.pfb></usr/share/texli
ve/texmf-dist/fonts/type1/public/amsfonts/cm/cmmi7.pfb></usr/share/texlive/texm
f-dist/fonts/type1/public/amsfonts/cm/cmr10.pfb></usr/share/texlive/texmf-dist/
fonts/type1/public/amsfonts/cm/cmr5.pfb></usr/share/texlive/texmf-dist/fonts/ty
pe1/public/amsfonts/cm/cmr7.pfb></usr/share/texlive/texmf-dist/fonts/type1/publ
ic/amsfonts/cm/cmsy10.pfb></usr/share/texlive/texmf-dist/fonts/type1/public/ams
fonts/cm/cmsy5.pfb></usr/share/texlive/texmf-dist/fonts/type1/public/amsfonts/c
m/cmsy7.pfb></usr/share/texmf/fonts/type1/public/cm-super/sfbx1000.pfb></usr/sh
are/texmf/fonts/type1/public/cm-super/sfbx1200.pfb></usr/share/texmf/fonts/type
1/public/cm-super/sfbx1440.pfb></usr/share/texmf/fonts/type1/public/cm-super/sf
cc0800.pfb></usr/share/texmf/fonts/type1/public/cm-super/sfcc0900.pfb></usr/sha
re/texmf/fonts/type1/public/cm-super/sfcc1000.pfb></usr/share/texmf/fonts/type1
/public/cm-super/sfcc1440.pfb></usr/share/texmf/fonts/type1/public/cm-super/sfr
m0600.pfb></usr/share/texmf/fonts/type1/public/cm-super/sfrm0700.pfb></usr/shar
e/texmf/fonts/type1/public/cm-super/sfrm0800.pfb></usr/share/texmf/fonts/type1/
public/cm-super/sfrm1000.pfb></usr/share/texmf/fonts/type1/public/cm-super/sfrm
1200.pfb></usr/share/texmf/fonts/type1/public/cm-super/sfti0800.pfb></usr/share
/texmf/fonts/type1/public/cm-super/sfti1000.pfb></usr/share/texmf/fonts/type1/p
ublic/cm-super/sftt0800.pfb></usr/share/texmf/fonts/type1/public/cm-super/sftt1
000.pfb></usr/share/texlive/texmf-dist/fonts/type1/urw/helvetic/uhvb8a.pfb>
Output written on "Memorias JEM.pdf" (61 pages, 3661235 bytes).
PDF statistics:
 1287 PDF objects out of 1440 (max. 8388607)
 874 compressed objects within 9 object streams
 75 named destinations out of 1000 (max. 500000)
 582 words of extra memory for PDF output out of 10000 (max. 10000000)

