This is pdfTeX, Version 3.141592653-2.6-1.40.24 (TeX Live 2022) (preloaded format=pdflatex 2022.10.15)  21 OCT 2024 00:59
entering extended mode
 restricted \write18 enabled.
 %&-line parsing enabled.
**"VII JEM - 2023.tex"
(./VII JEM - 2023.tex
LaTeX2e <2022-06-01> patch level 5
L3 programming layer <2022-09-28>
(e:/Stuff/texlive/2022/texmf-dist/tex/latex/amscls/amsart.cls
Document Class: amsart 2020/05/29 v2.20.6
\linespacing=\dimen138
\normalparindent=\dimen139
\normaltopskip=\skip47
(e:/Stuff/texlive/2022/texmf-dist/tex/latex/amsmath/amsmath.sty
Package: amsmath 2022/04/08 v2.17n AMS math features
\@mathmargin=\skip48

For additional information on amsmath, use the `?' option.
(e:/Stuff/texlive/2022/texmf-dist/tex/latex/amsmath/amstext.sty
Package: amstext 2021/08/26 v2.01 AMS text

(e:/Stuff/texlive/2022/texmf-dist/tex/latex/amsmath/amsgen.sty
File: amsgen.sty 1999/11/30 v2.0 generic functions
\@emptytoks=\toks16
\ex@=\dimen140
))
(e:/Stuff/texlive/2022/texmf-dist/tex/latex/amsmath/amsbsy.sty
Package: amsbsy 1999/11/29 v1.2d Bold Symbols
\pmbraise@=\dimen141
)
(e:/Stuff/texlive/2022/texmf-dist/tex/latex/amsmath/amsopn.sty
Package: amsopn 2022/04/08 v2.04 operator names
)
\inf@bad=\count185
LaTeX Info: Redefining \frac on input line 234.
\uproot@=\count186
\leftroot@=\count187
LaTeX Info: Redefining \overline on input line 399.
LaTeX Info: Redefining \colon on input line 410.
\classnum@=\count188
\DOTSCASE@=\count189
LaTeX Info: Redefining \ldots on input line 496.
LaTeX Info: Redefining \dots on input line 499.
LaTeX Info: Redefining \cdots on input line 620.
\Mathstrutbox@=\box51
\strutbox@=\box52
LaTeX Info: Redefining \big on input line 722.
LaTeX Info: Redefining \Big on input line 723.
LaTeX Info: Redefining \bigg on input line 724.
LaTeX Info: Redefining \Bigg on input line 725.
\big@size=\dimen142
LaTeX Font Info:    Redeclaring font encoding OML on input line 743.
LaTeX Font Info:    Redeclaring font encoding OMS on input line 744.
\macc@depth=\count190
LaTeX Info: Redefining \bmod on input line 905.
LaTeX Info: Redefining \pmod on input line 910.
LaTeX Info: Redefining \smash on input line 940.
LaTeX Info: Redefining \relbar on input line 970.
LaTeX Info: Redefining \Relbar on input line 971.
\c@MaxMatrixCols=\count191
\dotsspace@=\muskip16
\c@parentequation=\count192
\dspbrk@lvl=\count193
\tag@help=\toks17
\row@=\count194
\column@=\count195
\maxfields@=\count196
\andhelp@=\toks18
\eqnshift@=\dimen143
\alignsep@=\dimen144
\tagshift@=\dimen145
\tagwidth@=\dimen146
\totwidth@=\dimen147
\lineht@=\dimen148
\@envbody=\toks19
\multlinegap=\skip49
\multlinetaggap=\skip50
\mathdisplay@stack=\toks20
LaTeX Info: Redefining \[ on input line 2953.
LaTeX Info: Redefining \] on input line 2954.
)
LaTeX Font Info:    Trying to load font information for U+msa on input line 397
.

(e:/Stuff/texlive/2022/texmf-dist/tex/latex/amsfonts/umsa.fd
File: umsa.fd 2013/01/14 v3.01 AMS symbols A
)
(e:/Stuff/texlive/2022/texmf-dist/tex/latex/amsfonts/amsfonts.sty
Package: amsfonts 2013/01/14 v3.01 Basic AMSFonts support
\symAMSa=\mathgroup4
\symAMSb=\mathgroup5
LaTeX Font Info:    Redeclaring math symbol \hbar on input line 98.
LaTeX Font Info:    Overwriting math alphabet `\mathfrak' in version `bold'
(Font)                  U/euf/m/n --> U/euf/b/n on input line 106.
)
\copyins=\insert199
\abstractbox=\box53
\listisep=\skip51
\c@part=\count197
\c@section=\count198
\c@subsection=\count266
\c@subsubsection=\count267
\c@paragraph=\count268
\c@subparagraph=\count269
\c@figure=\count270
\c@table=\count271
\abovecaptionskip=\skip52
\belowcaptionskip=\skip53
\captionindent=\dimen149
\thm@style=\toks21
\thm@bodyfont=\toks22
\thm@headfont=\toks23
\thm@notefont=\toks24
\thm@headpunct=\toks25
\thm@preskip=\skip54
\thm@postskip=\skip55
\thm@headsep=\skip56
\dth@everypar=\toks26
)
(e:/Stuff/texlive/2022/texmf-dist/tex/latex/base/fontenc.sty
Package: fontenc 2021/04/29 v2.0v Standard LaTeX package
)
(e:/Stuff/texlive/2022/texmf-dist/tex/latex/base/inputenc.sty
Package: inputenc 2021/02/14 v1.3d Input encoding file
\inpenc@prehook=\toks27
\inpenc@posthook=\toks28
)
(e:/Stuff/texlive/2022/texmf-dist/tex/latex/psnfss/mathpazo.sty
Package: mathpazo 2020/03/25 PSNFSS-v9.3 Palatino w/ Pazo Math (D.Puga, WaS) 
\symupright=\mathgroup6
)
(e:/Stuff/texlive/2022/texmf-dist/tex/latex/domitian/domitian.sty
Package: domitian 

(e:/Stuff/texlive/2022/texmf-dist/tex/latex/base/textcomp.sty
Package: textcomp 2020/02/02 v2.0n Standard LaTeX package
)
(e:/Stuff/texlive/2022/texmf-dist/tex/latex/fontaxes/fontaxes.sty
Package: fontaxes 2020/07/21 v1.0e Font selection axes
LaTeX Info: Redefining \upshape on input line 29.
LaTeX Info: Redefining \itshape on input line 31.
LaTeX Info: Redefining \slshape on input line 33.
LaTeX Info: Redefining \swshape on input line 35.
LaTeX Info: Redefining \scshape on input line 37.
LaTeX Info: Redefining \sscshape on input line 39.
LaTeX Info: Redefining \ulcshape on input line 41.
LaTeX Info: Redefining \textsw on input line 47.
LaTeX Info: Redefining \textssc on input line 48.
LaTeX Info: Redefining \textulc on input line 49.
)
(e:/Stuff/texlive/2022/texmf-dist/tex/latex/xkeyval/xkeyval.sty
Package: xkeyval 2022/06/16 v2.9 package option processing (HA)

(e:/Stuff/texlive/2022/texmf-dist/tex/generic/xkeyval/xkeyval.tex
(e:/Stuff/texlive/2022/texmf-dist/tex/generic/xkeyval/xkvutils.tex
\XKV@toks=\toks29
\XKV@tempa@toks=\toks30

(e:/Stuff/texlive/2022/texmf-dist/tex/generic/xkeyval/keyval.tex))
\XKV@depth=\count272
File: xkeyval.tex 2014/12/03 v2.7a key=value parser (HA)
)))
(e:/Stuff/texlive/2022/texmf-dist/tex/latex/setspace/setspace.sty
Package: setspace 2011/12/19 v6.7a set line spacing
)
(e:/Stuff/texlive/2022/texmf-dist/tex/latex/geometry/geometry.sty
Package: geometry 2020/01/02 v5.9 Page Geometry

(e:/Stuff/texlive/2022/texmf-dist/tex/generic/iftex/ifvtex.sty
Package: ifvtex 2019/10/25 v1.7 ifvtex legacy package. Use iftex instead.

(e:/Stuff/texlive/2022/texmf-dist/tex/generic/iftex/iftex.sty
Package: iftex 2022/02/03 v1.0f TeX engine tests
))
\Gm@cnth=\count273
\Gm@cntv=\count274
\c@Gm@tempcnt=\count275
\Gm@bindingoffset=\dimen150
\Gm@wd@mp=\dimen151
\Gm@odd@mp=\dimen152
\Gm@even@mp=\dimen153
\Gm@layoutwidth=\dimen154
\Gm@layoutheight=\dimen155
\Gm@layouthoffset=\dimen156
\Gm@layoutvoffset=\dimen157
\Gm@dimlist=\toks31
)
(e:/Stuff/texlive/2022/texmf-dist/tex/generic/babel/babel.sty
Package: babel 2022/10/04 3.81 The Babel package
\babel@savecnt=\count276
\U@D=\dimen158
\l@unhyphenated=\language87

(e:/Stuff/texlive/2022/texmf-dist/tex/generic/babel/txtbabel.def)
\bbl@readstream=\read2
\bbl@dirlevel=\count277

(e:/Stuff/texlive/2022/texmf-dist/tex/generic/babel-spanish/spanish.ldf
Language: spanish.ldf 2021/05/27 v5.0q Spanish support from the babel system
\es@quottoks=\toks32
\es@quotdepth=\count278
Package babel Info: Making " an active character on input line 570.
Package babel Info: Making . an active character on input line 675.
Package babel Info: Making < an active character on input line 722.
Package babel Info: Making > an active character on input line 722.
))
(e:/Stuff/texlive/2022/texmf-dist/tex/generic/babel/locale/es/babel-spanish.tex
Package babel Info: Importing font and identification data for spanish
(babel)             from babel-es.ini. Reported on input line 11.
) (e:/Stuff/texlive/2022/texmf-dist/tex/latex/enumitem/enumitem.sty
Package: enumitem 2019/06/20 v3.9 Customized lists
\enitkv@toks@=\toks33
\labelindent=\skip57
\enit@outerparindent=\dimen159
\enit@toks=\toks34
\enit@inbox=\box54
\enit@count@id=\count279
\enitdp@description=\count280
)
(e:/Stuff/texlive/2022/texmf-dist/tex/latex/graphics/graphicx.sty
Package: graphicx 2021/09/16 v1.2d Enhanced LaTeX Graphics (DPC,SPQR)

(e:/Stuff/texlive/2022/texmf-dist/tex/latex/graphics/graphics.sty
Package: graphics 2022/03/10 v1.4e Standard LaTeX Graphics (DPC,SPQR)

(e:/Stuff/texlive/2022/texmf-dist/tex/latex/graphics/trig.sty
Package: trig 2021/08/11 v1.11 sin cos tan (DPC)
)
(e:/Stuff/texlive/2022/texmf-dist/tex/latex/graphics-cfg/graphics.cfg
File: graphics.cfg 2016/06/04 v1.11 sample graphics configuration
)
Package graphics Info: Driver file: pdftex.def on input line 107.

(e:/Stuff/texlive/2022/texmf-dist/tex/latex/graphics-def/pdftex.def
File: pdftex.def 2022/09/22 v1.2b Graphics/color driver for pdftex
\stockwidth=\dimen160
\stockheight=\dimen161
))
\Gin@req@height=\dimen162
\Gin@req@width=\dimen163
)
(e:/Stuff/texlive/2022/texmf-dist/tex/latex/hyperref/hyperref.sty
Package: hyperref 2022-09-22 v7.00t Hypertext links for LaTeX

(e:/Stuff/texlive/2022/texmf-dist/tex/generic/ltxcmds/ltxcmds.sty
Package: ltxcmds 2020-05-10 v1.25 LaTeX kernel commands for general use (HO)
)
(e:/Stuff/texlive/2022/texmf-dist/tex/generic/pdftexcmds/pdftexcmds.sty
Package: pdftexcmds 2020-06-27 v0.33 Utility functions of pdfTeX for LuaTeX (HO
)

(e:/Stuff/texlive/2022/texmf-dist/tex/generic/infwarerr/infwarerr.sty
Package: infwarerr 2019/12/03 v1.5 Providing info/warning/error messages (HO)
)
Package pdftexcmds Info: \pdf@primitive is available.
Package pdftexcmds Info: \pdf@ifprimitive is available.
Package pdftexcmds Info: \pdfdraftmode found.
)
(e:/Stuff/texlive/2022/texmf-dist/tex/latex/kvsetkeys/kvsetkeys.sty
Package: kvsetkeys 2022-10-05 v1.19 Key value parser (HO)
)
(e:/Stuff/texlive/2022/texmf-dist/tex/generic/kvdefinekeys/kvdefinekeys.sty
Package: kvdefinekeys 2019-12-19 v1.6 Define keys (HO)
)
(e:/Stuff/texlive/2022/texmf-dist/tex/generic/pdfescape/pdfescape.sty
Package: pdfescape 2019/12/09 v1.15 Implements pdfTeX's escape features (HO)
)
(e:/Stuff/texlive/2022/texmf-dist/tex/latex/hycolor/hycolor.sty
Package: hycolor 2020-01-27 v1.10 Color options for hyperref/bookmark (HO)
)
(e:/Stuff/texlive/2022/texmf-dist/tex/latex/letltxmacro/letltxmacro.sty
Package: letltxmacro 2019/12/03 v1.6 Let assignment for LaTeX macros (HO)
)
(e:/Stuff/texlive/2022/texmf-dist/tex/latex/auxhook/auxhook.sty
Package: auxhook 2019-12-17 v1.6 Hooks for auxiliary files (HO)
)
(e:/Stuff/texlive/2022/texmf-dist/tex/latex/hyperref/nameref.sty
Package: nameref 2022-05-17 v2.50 Cross-referencing by name of section

(e:/Stuff/texlive/2022/texmf-dist/tex/latex/refcount/refcount.sty
Package: refcount 2019/12/15 v3.6 Data extraction from label references (HO)
)
(e:/Stuff/texlive/2022/texmf-dist/tex/generic/gettitlestring/gettitlestring.sty
Package: gettitlestring 2019/12/15 v1.6 Cleanup title references (HO)
(e:/Stuff/texlive/2022/texmf-dist/tex/latex/kvoptions/kvoptions.sty
Package: kvoptions 2022-06-15 v3.15 Key value format for package options (HO)
))
\c@section@level=\count281
)
\@linkdim=\dimen164
\Hy@linkcounter=\count282
\Hy@pagecounter=\count283

(e:/Stuff/texlive/2022/texmf-dist/tex/latex/hyperref/pd1enc.def
File: pd1enc.def 2022-09-22 v7.00t Hyperref: PDFDocEncoding definition (HO)
Now handling font encoding PD1 ...
... no UTF-8 mapping file for font encoding PD1
)
(e:/Stuff/texlive/2022/texmf-dist/tex/generic/intcalc/intcalc.sty
Package: intcalc 2019/12/15 v1.3 Expandable calculations with integers (HO)
)
(e:/Stuff/texlive/2022/texmf-dist/tex/generic/etexcmds/etexcmds.sty
Package: etexcmds 2019/12/15 v1.7 Avoid name clashes with e-TeX commands (HO)
)
\Hy@SavedSpaceFactor=\count284

(e:/Stuff/texlive/2022/texmf-dist/tex/latex/hyperref/puenc.def
File: puenc.def 2022-09-22 v7.00t Hyperref: PDF Unicode definition (HO)
Now handling font encoding PU ...
... no UTF-8 mapping file for font encoding PU
)
Package hyperref Info: Hyper figures OFF on input line 4162.
Package hyperref Info: Link nesting OFF on input line 4167.
Package hyperref Info: Hyper index ON on input line 4170.
Package hyperref Info: Plain pages OFF on input line 4177.
Package hyperref Info: Backreferencing OFF on input line 4182.
Package hyperref Info: Implicit mode ON; LaTeX internals redefined.
Package hyperref Info: Bookmarks ON on input line 4410.
\c@Hy@tempcnt=\count285

(e:/Stuff/texlive/2022/texmf-dist/tex/latex/url/url.sty
\Urlmuskip=\muskip17
Package: url 2013/09/16  ver 3.4  Verb mode for urls, etc.
)
LaTeX Info: Redefining \url on input line 4748.
\XeTeXLinkMargin=\dimen165

(e:/Stuff/texlive/2022/texmf-dist/tex/generic/bitset/bitset.sty
Package: bitset 2019/12/09 v1.3 Handle bit-vector datatype (HO)

(e:/Stuff/texlive/2022/texmf-dist/tex/generic/bigintcalc/bigintcalc.sty
Package: bigintcalc 2019/12/15 v1.5 Expandable calculations on big integers (HO
)
))
\Fld@menulength=\count286
\Field@Width=\dimen166
\Fld@charsize=\dimen167
Package hyperref Info: Hyper figures OFF on input line 6027.
Package hyperref Info: Link nesting OFF on input line 6032.
Package hyperref Info: Hyper index ON on input line 6035.
Package hyperref Info: backreferencing OFF on input line 6042.
Package hyperref Info: Link coloring OFF on input line 6047.
Package hyperref Info: Link coloring with OCG OFF on input line 6052.
Package hyperref Info: PDF/A mode OFF on input line 6057.

(e:/Stuff/texlive/2022/texmf-dist/tex/latex/base/atbegshi-ltx.sty
Package: atbegshi-ltx 2021/01/10 v1.0c Emulation of the original atbegshi
package with kernel methods
)
\Hy@abspage=\count287
\c@Item=\count288
\c@Hfootnote=\count289
)
Package hyperref Info: Driver (autodetected): hpdftex.

(e:/Stuff/texlive/2022/texmf-dist/tex/latex/hyperref/hpdftex.def
File: hpdftex.def 2022-09-22 v7.00t Hyperref driver for pdfTeX

(e:/Stuff/texlive/2022/texmf-dist/tex/latex/base/atveryend-ltx.sty
Package: atveryend-ltx 2020/08/19 v1.0a Emulation of the original atveryend pac
kage
with kernel methods
)
\Fld@listcount=\count290
\c@bookmark@seq@number=\count291

(e:/Stuff/texlive/2022/texmf-dist/tex/latex/rerunfilecheck/rerunfilecheck.sty
Package: rerunfilecheck 2022-07-10 v1.10 Rerun checks for auxiliary files (HO)

(e:/Stuff/texlive/2022/texmf-dist/tex/generic/uniquecounter/uniquecounter.sty
Package: uniquecounter 2019/12/15 v1.4 Provide unlimited unique counter (HO)
)
Package uniquecounter Info: New unique counter `rerunfilecheck' on input line 2
85.
)
\Hy@SectionHShift=\skip58
) (e:/Stuff/texlive/2022/texmf-dist/tex/latex/xurl/xurl.sty
Package: xurl 2022/01/09 v 0.10 modify URL breaks
)
(e:/Stuff/texlive/2022/texmf-dist/tex/latex/caption/caption.sty
Package: caption 2022/03/01 v3.6b Customizing captions (AR)

(e:/Stuff/texlive/2022/texmf-dist/tex/latex/caption/caption3.sty
Package: caption3 2022/03/17 v2.3b caption3 kernel (AR)
\caption@tempdima=\dimen168
\captionmargin=\dimen169
\caption@leftmargin=\dimen170
\caption@rightmargin=\dimen171
\caption@width=\dimen172
\caption@indent=\dimen173
\caption@parindent=\dimen174
\caption@hangindent=\dimen175
Package caption Info: AMS or SMF document class detected.

(e:/Stuff/texlive/2022/texmf-dist/tex/latex/caption/caption-ams-smf.sto
File: caption-ams-smf.sto 2020/08/22 v2.0 Adaption of the caption package to th
e AMS and SMF document classes (AR)
))
\c@caption@flags=\count292
\c@continuedfloat=\count293
Package caption Info: hyperref package is loaded.
)
(e:/Stuff/texlive/2022/texmf-dist/tex/latex/tools/multicol.sty
Package: multicol 2021/11/30 v1.9d multicolumn formatting (FMi)
\c@tracingmulticols=\count294
\mult@box=\box55
\multicol@leftmargin=\dimen176
\c@unbalance=\count295
\c@collectmore=\count296
\doublecol@number=\count297
\multicoltolerance=\count298
\multicolpretolerance=\count299
\full@width=\dimen177
\page@free=\dimen178
\premulticols=\dimen179
\postmulticols=\dimen180
\multicolsep=\skip59
\multicolbaselineskip=\skip60
\partial@page=\box56
\last@line=\box57
\maxbalancingoverflow=\dimen181
\mult@rightbox=\box58
\mult@grightbox=\box59
\mult@firstbox=\box60
\mult@gfirstbox=\box61
\@tempa=\box62
\@tempa=\box63
\@tempa=\box64
\@tempa=\box65
\@tempa=\box66
\@tempa=\box67
\@tempa=\box68
\@tempa=\box69
\@tempa=\box70
\@tempa=\box71
\@tempa=\box72
\@tempa=\box73
\@tempa=\box74
\@tempa=\box75
\@tempa=\box76
\@tempa=\box77
\@tempa=\box78
\@tempa=\box79
\@tempa=\box80
\@tempa=\box81
\@tempa=\box82
\@tempa=\box83
\@tempa=\box84
\@tempa=\box85
\@tempa=\box86
\@tempa=\box87
\@tempa=\box88
\@tempa=\box89
\@tempa=\box90
\@tempa=\box91
\@tempa=\box92
\@tempa=\box93
\@tempa=\box94
\@tempa=\box95
\@tempa=\box96
\@tempa=\box97
\c@minrows=\count300
\c@columnbadness=\count301
\c@finalcolumnbadness=\count302
\last@try=\dimen182
\multicolovershoot=\dimen183
\multicolundershoot=\dimen184
\mult@nat@firstbox=\box98
\colbreak@box=\box99
\mc@col@check@num=\count303
)
(e:/Stuff/texlive/2022/texmf-dist/tex/latex/units/nicefrac.sty
Package: nicefrac 1998/08/04 v0.9b Nice fractions
\L@UnitsRaiseDisplaystyle=\skip61
\L@UnitsRaiseTextstyle=\skip62
\L@UnitsRaiseScriptstyle=\skip63

(e:/Stuff/texlive/2022/texmf-dist/tex/latex/base/ifthen.sty
Package: ifthen 2022/04/13 v1.1d Standard LaTeX ifthen package (DPC)
))
(e:/Stuff/texlive/2022/texmf-dist/tex/latex/pgf/frontendlayer/tikz.sty
(e:/Stuff/texlive/2022/texmf-dist/tex/latex/pgf/basiclayer/pgf.sty
(e:/Stuff/texlive/2022/texmf-dist/tex/latex/pgf/utilities/pgfrcs.sty
(e:/Stuff/texlive/2022/texmf-dist/tex/generic/pgf/utilities/pgfutil-common.tex
\pgfutil@everybye=\toks35
\pgfutil@tempdima=\dimen185
\pgfutil@tempdimb=\dimen186

(e:/Stuff/texlive/2022/texmf-dist/tex/generic/pgf/utilities/pgfutil-common-list
s.tex))
(e:/Stuff/texlive/2022/texmf-dist/tex/generic/pgf/utilities/pgfutil-latex.def
\pgfutil@abb=\box100
)
(e:/Stuff/texlive/2022/texmf-dist/tex/generic/pgf/utilities/pgfrcs.code.tex
(e:/Stuff/texlive/2022/texmf-dist/tex/generic/pgf/pgf.revision.tex)
Package: pgfrcs 2021/05/15 v3.1.9a (3.1.9a)
))
Package: pgf 2021/05/15 v3.1.9a (3.1.9a)

(e:/Stuff/texlive/2022/texmf-dist/tex/latex/pgf/basiclayer/pgfcore.sty
(e:/Stuff/texlive/2022/texmf-dist/tex/latex/pgf/systemlayer/pgfsys.sty
(e:/Stuff/texlive/2022/texmf-dist/tex/generic/pgf/systemlayer/pgfsys.code.tex
Package: pgfsys 2021/05/15 v3.1.9a (3.1.9a)

(e:/Stuff/texlive/2022/texmf-dist/tex/generic/pgf/utilities/pgfkeys.code.tex
\pgfkeys@pathtoks=\toks36
\pgfkeys@temptoks=\toks37

(e:/Stuff/texlive/2022/texmf-dist/tex/generic/pgf/utilities/pgfkeysfiltered.cod
e.tex
\pgfkeys@tmptoks=\toks38
))
\pgf@x=\dimen187
\pgf@y=\dimen188
\pgf@xa=\dimen189
\pgf@ya=\dimen190
\pgf@xb=\dimen191
\pgf@yb=\dimen192
\pgf@xc=\dimen193
\pgf@yc=\dimen194
\pgf@xd=\dimen195
\pgf@yd=\dimen196
\w@pgf@writea=\write3
\r@pgf@reada=\read3
\c@pgf@counta=\count304
\c@pgf@countb=\count305
\c@pgf@countc=\count306
\c@pgf@countd=\count307
\t@pgf@toka=\toks39
\t@pgf@tokb=\toks40
\t@pgf@tokc=\toks41
\pgf@sys@id@count=\count308
 (e:/Stuff/texlive/2022/texmf-dist/tex/generic/pgf/systemlayer/pgf.cfg
File: pgf.cfg 2021/05/15 v3.1.9a (3.1.9a)
)
Driver file for pgf: pgfsys-pdftex.def

(e:/Stuff/texlive/2022/texmf-dist/tex/generic/pgf/systemlayer/pgfsys-pdftex.def
File: pgfsys-pdftex.def 2021/05/15 v3.1.9a (3.1.9a)

(e:/Stuff/texlive/2022/texmf-dist/tex/generic/pgf/systemlayer/pgfsys-common-pdf
.def
File: pgfsys-common-pdf.def 2021/05/15 v3.1.9a (3.1.9a)
)))
(e:/Stuff/texlive/2022/texmf-dist/tex/generic/pgf/systemlayer/pgfsyssoftpath.co
de.tex
File: pgfsyssoftpath.code.tex 2021/05/15 v3.1.9a (3.1.9a)
\pgfsyssoftpath@smallbuffer@items=\count309
\pgfsyssoftpath@bigbuffer@items=\count310
)
(e:/Stuff/texlive/2022/texmf-dist/tex/generic/pgf/systemlayer/pgfsysprotocol.co
de.tex
File: pgfsysprotocol.code.tex 2021/05/15 v3.1.9a (3.1.9a)
)) (e:/Stuff/texlive/2022/texmf-dist/tex/latex/xcolor/xcolor.sty
Package: xcolor 2022/06/12 v2.14 LaTeX color extensions (UK)

(e:/Stuff/texlive/2022/texmf-dist/tex/latex/graphics-cfg/color.cfg
File: color.cfg 2016/01/02 v1.6 sample color configuration
)
Package xcolor Info: Driver file: pdftex.def on input line 227.

(e:/Stuff/texlive/2022/texmf-dist/tex/latex/graphics/mathcolor.ltx)
Package xcolor Info: Model `cmy' substituted by `cmy0' on input line 1353.
Package xcolor Info: Model `hsb' substituted by `rgb' on input line 1357.
Package xcolor Info: Model `RGB' extended on input line 1369.
Package xcolor Info: Model `HTML' substituted by `rgb' on input line 1371.
Package xcolor Info: Model `Hsb' substituted by `hsb' on input line 1372.
Package xcolor Info: Model `tHsb' substituted by `hsb' on input line 1373.
Package xcolor Info: Model `HSB' substituted by `hsb' on input line 1374.
Package xcolor Info: Model `Gray' substituted by `gray' on input line 1375.
Package xcolor Info: Model `wave' substituted by `hsb' on input line 1376.
)
(e:/Stuff/texlive/2022/texmf-dist/tex/generic/pgf/basiclayer/pgfcore.code.tex
Package: pgfcore 2021/05/15 v3.1.9a (3.1.9a)

(e:/Stuff/texlive/2022/texmf-dist/tex/generic/pgf/math/pgfmath.code.tex
(e:/Stuff/texlive/2022/texmf-dist/tex/generic/pgf/math/pgfmathcalc.code.tex
(e:/Stuff/texlive/2022/texmf-dist/tex/generic/pgf/math/pgfmathutil.code.tex)
(e:/Stuff/texlive/2022/texmf-dist/tex/generic/pgf/math/pgfmathparser.code.tex
\pgfmath@dimen=\dimen197
\pgfmath@count=\count311
\pgfmath@box=\box101
\pgfmath@toks=\toks42
\pgfmath@stack@operand=\toks43
\pgfmath@stack@operation=\toks44
)
(e:/Stuff/texlive/2022/texmf-dist/tex/generic/pgf/math/pgfmathfunctions.code.te
x
(e:/Stuff/texlive/2022/texmf-dist/tex/generic/pgf/math/pgfmathfunctions.basic.c
ode.tex)
(e:/Stuff/texlive/2022/texmf-dist/tex/generic/pgf/math/pgfmathfunctions.trigono
metric.code.tex)
(e:/Stuff/texlive/2022/texmf-dist/tex/generic/pgf/math/pgfmathfunctions.random.
code.tex)
(e:/Stuff/texlive/2022/texmf-dist/tex/generic/pgf/math/pgfmathfunctions.compari
son.code.tex)
(e:/Stuff/texlive/2022/texmf-dist/tex/generic/pgf/math/pgfmathfunctions.base.co
de.tex)
(e:/Stuff/texlive/2022/texmf-dist/tex/generic/pgf/math/pgfmathfunctions.round.c
ode.tex)
(e:/Stuff/texlive/2022/texmf-dist/tex/generic/pgf/math/pgfmathfunctions.misc.co
de.tex)
(e:/Stuff/texlive/2022/texmf-dist/tex/generic/pgf/math/pgfmathfunctions.integer
arithmetics.code.tex)))
(e:/Stuff/texlive/2022/texmf-dist/tex/generic/pgf/math/pgfmathfloat.code.tex
\c@pgfmathroundto@lastzeros=\count312
))
(e:/Stuff/texlive/2022/texmf-dist/tex/generic/pgf/math/pgfint.code.tex)
(e:/Stuff/texlive/2022/texmf-dist/tex/generic/pgf/basiclayer/pgfcorepoints.code
.tex
File: pgfcorepoints.code.tex 2021/05/15 v3.1.9a (3.1.9a)
\pgf@picminx=\dimen198
\pgf@picmaxx=\dimen256
\pgf@picminy=\dimen257
\pgf@picmaxy=\dimen258
\pgf@pathminx=\dimen259
\pgf@pathmaxx=\dimen260
\pgf@pathminy=\dimen261
\pgf@pathmaxy=\dimen262
\pgf@xx=\dimen263
\pgf@xy=\dimen264
\pgf@yx=\dimen265
\pgf@yy=\dimen266
\pgf@zx=\dimen267
\pgf@zy=\dimen268
)
(e:/Stuff/texlive/2022/texmf-dist/tex/generic/pgf/basiclayer/pgfcorepathconstru
ct.code.tex
File: pgfcorepathconstruct.code.tex 2021/05/15 v3.1.9a (3.1.9a)
\pgf@path@lastx=\dimen269
\pgf@path@lasty=\dimen270
)
(e:/Stuff/texlive/2022/texmf-dist/tex/generic/pgf/basiclayer/pgfcorepathusage.c
ode.tex
File: pgfcorepathusage.code.tex 2021/05/15 v3.1.9a (3.1.9a)
\pgf@shorten@end@additional=\dimen271
\pgf@shorten@start@additional=\dimen272
)
(e:/Stuff/texlive/2022/texmf-dist/tex/generic/pgf/basiclayer/pgfcorescopes.code
.tex
File: pgfcorescopes.code.tex 2021/05/15 v3.1.9a (3.1.9a)
\pgfpic=\box102
\pgf@hbox=\box103
\pgf@layerbox@main=\box104
\pgf@picture@serial@count=\count313
)
(e:/Stuff/texlive/2022/texmf-dist/tex/generic/pgf/basiclayer/pgfcoregraphicstat
e.code.tex
File: pgfcoregraphicstate.code.tex 2021/05/15 v3.1.9a (3.1.9a)
\pgflinewidth=\dimen273
)
(e:/Stuff/texlive/2022/texmf-dist/tex/generic/pgf/basiclayer/pgfcoretransformat
ions.code.tex
File: pgfcoretransformations.code.tex 2021/05/15 v3.1.9a (3.1.9a)
\pgf@pt@x=\dimen274
\pgf@pt@y=\dimen275
\pgf@pt@temp=\dimen276
)
(e:/Stuff/texlive/2022/texmf-dist/tex/generic/pgf/basiclayer/pgfcorequick.code.
tex
File: pgfcorequick.code.tex 2021/05/15 v3.1.9a (3.1.9a)
)
(e:/Stuff/texlive/2022/texmf-dist/tex/generic/pgf/basiclayer/pgfcoreobjects.cod
e.tex
File: pgfcoreobjects.code.tex 2021/05/15 v3.1.9a (3.1.9a)
)
(e:/Stuff/texlive/2022/texmf-dist/tex/generic/pgf/basiclayer/pgfcorepathprocess
ing.code.tex
File: pgfcorepathprocessing.code.tex 2021/05/15 v3.1.9a (3.1.9a)
)
(e:/Stuff/texlive/2022/texmf-dist/tex/generic/pgf/basiclayer/pgfcorearrows.code
.tex
File: pgfcorearrows.code.tex 2021/05/15 v3.1.9a (3.1.9a)
\pgfarrowsep=\dimen277
)
(e:/Stuff/texlive/2022/texmf-dist/tex/generic/pgf/basiclayer/pgfcoreshade.code.
tex
File: pgfcoreshade.code.tex 2021/05/15 v3.1.9a (3.1.9a)
\pgf@max=\dimen278
\pgf@sys@shading@range@num=\count314
\pgf@shadingcount=\count315
)
(e:/Stuff/texlive/2022/texmf-dist/tex/generic/pgf/basiclayer/pgfcoreimage.code.
tex
File: pgfcoreimage.code.tex 2021/05/15 v3.1.9a (3.1.9a)

(e:/Stuff/texlive/2022/texmf-dist/tex/generic/pgf/basiclayer/pgfcoreexternal.co
de.tex
File: pgfcoreexternal.code.tex 2021/05/15 v3.1.9a (3.1.9a)
\pgfexternal@startupbox=\box105
))
(e:/Stuff/texlive/2022/texmf-dist/tex/generic/pgf/basiclayer/pgfcorelayers.code
.tex
File: pgfcorelayers.code.tex 2021/05/15 v3.1.9a (3.1.9a)
)
(e:/Stuff/texlive/2022/texmf-dist/tex/generic/pgf/basiclayer/pgfcoretransparenc
y.code.tex
File: pgfcoretransparency.code.tex 2021/05/15 v3.1.9a (3.1.9a)
)
(e:/Stuff/texlive/2022/texmf-dist/tex/generic/pgf/basiclayer/pgfcorepatterns.co
de.tex
File: pgfcorepatterns.code.tex 2021/05/15 v3.1.9a (3.1.9a)
)
(e:/Stuff/texlive/2022/texmf-dist/tex/generic/pgf/basiclayer/pgfcorerdf.code.te
x
File: pgfcorerdf.code.tex 2021/05/15 v3.1.9a (3.1.9a)
)))
(e:/Stuff/texlive/2022/texmf-dist/tex/generic/pgf/modules/pgfmoduleshapes.code.
tex
File: pgfmoduleshapes.code.tex 2021/05/15 v3.1.9a (3.1.9a)
\pgfnodeparttextbox=\box106
)
(e:/Stuff/texlive/2022/texmf-dist/tex/generic/pgf/modules/pgfmoduleplot.code.te
x
File: pgfmoduleplot.code.tex 2021/05/15 v3.1.9a (3.1.9a)
)
(e:/Stuff/texlive/2022/texmf-dist/tex/latex/pgf/compatibility/pgfcomp-version-0
-65.sty
Package: pgfcomp-version-0-65 2021/05/15 v3.1.9a (3.1.9a)
\pgf@nodesepstart=\dimen279
\pgf@nodesepend=\dimen280
)
(e:/Stuff/texlive/2022/texmf-dist/tex/latex/pgf/compatibility/pgfcomp-version-1
-18.sty
Package: pgfcomp-version-1-18 2021/05/15 v3.1.9a (3.1.9a)
)) (e:/Stuff/texlive/2022/texmf-dist/tex/latex/pgf/utilities/pgffor.sty
(e:/Stuff/texlive/2022/texmf-dist/tex/latex/pgf/utilities/pgfkeys.sty
(e:/Stuff/texlive/2022/texmf-dist/tex/generic/pgf/utilities/pgfkeys.code.tex))
(e:/Stuff/texlive/2022/texmf-dist/tex/latex/pgf/math/pgfmath.sty
(e:/Stuff/texlive/2022/texmf-dist/tex/generic/pgf/math/pgfmath.code.tex))
(e:/Stuff/texlive/2022/texmf-dist/tex/generic/pgf/utilities/pgffor.code.tex
Package: pgffor 2021/05/15 v3.1.9a (3.1.9a)

(e:/Stuff/texlive/2022/texmf-dist/tex/generic/pgf/math/pgfmath.code.tex)
\pgffor@iter=\dimen281
\pgffor@skip=\dimen282
\pgffor@stack=\toks45
\pgffor@toks=\toks46
))
(e:/Stuff/texlive/2022/texmf-dist/tex/generic/pgf/frontendlayer/tikz/tikz.code.
tex
Package: tikz 2021/05/15 v3.1.9a (3.1.9a)

(e:/Stuff/texlive/2022/texmf-dist/tex/generic/pgf/libraries/pgflibraryplothandl
ers.code.tex
File: pgflibraryplothandlers.code.tex 2021/05/15 v3.1.9a (3.1.9a)
\pgf@plot@mark@count=\count316
\pgfplotmarksize=\dimen283
)
\tikz@lastx=\dimen284
\tikz@lasty=\dimen285
\tikz@lastxsaved=\dimen286
\tikz@lastysaved=\dimen287
\tikz@lastmovetox=\dimen288
\tikz@lastmovetoy=\dimen289
\tikzleveldistance=\dimen290
\tikzsiblingdistance=\dimen291
\tikz@figbox=\box107
\tikz@figbox@bg=\box108
\tikz@tempbox=\box109
\tikz@tempbox@bg=\box110
\tikztreelevel=\count317
\tikznumberofchildren=\count318
\tikznumberofcurrentchild=\count319
\tikz@fig@count=\count320

(e:/Stuff/texlive/2022/texmf-dist/tex/generic/pgf/modules/pgfmodulematrix.code.
tex
File: pgfmodulematrix.code.tex 2021/05/15 v3.1.9a (3.1.9a)
\pgfmatrixcurrentrow=\count321
\pgfmatrixcurrentcolumn=\count322
\pgf@matrix@numberofcolumns=\count323
)
\tikz@expandcount=\count324

(e:/Stuff/texlive/2022/texmf-dist/tex/generic/pgf/frontendlayer/tikz/libraries/
tikzlibrarytopaths.code.tex
File: tikzlibrarytopaths.code.tex 2021/05/15 v3.1.9a (3.1.9a)
)))
(e:/Stuff/texlive/2022/texmf-dist/tex/latex/titlesec/titlesec.sty
Package: titlesec 2021/07/05 v2.14 Sectioning titles
\ttl@box=\box111
\beforetitleunit=\skip64
\aftertitleunit=\skip65
\ttl@plus=\dimen292
\ttl@minus=\dimen293
\ttl@toksa=\toks47
\titlewidth=\dimen294
\titlewidthlast=\dimen295
\titlewidthfirst=\dimen296
)
(e:/Stuff/texlive/2022/texmf-dist/tex/latex/pdfpages/pdfpages.sty
Package: pdfpages 2022/10/09 v0.5w Insert pages of external PDF documents (AM)

(e:/Stuff/texlive/2022/texmf-dist/tex/latex/tools/calc.sty
Package: calc 2017/05/25 v4.3 Infix arithmetic (KKT,FJ)
\calc@Acount=\count325
\calc@Bcount=\count326
\calc@Adimen=\dimen297
\calc@Bdimen=\dimen298
\calc@Askip=\skip66
\calc@Bskip=\skip67
LaTeX Info: Redefining \setlength on input line 80.
LaTeX Info: Redefining \addtolength on input line 81.
\calc@Ccount=\count327
\calc@Cskip=\skip68
)
(e:/Stuff/texlive/2022/texmf-dist/tex/latex/eso-pic/eso-pic.sty
Package: eso-pic 2020/10/14 v3.0a eso-pic (RN)
\ESO@tempdima=\dimen299
\ESO@tempdimb=\dimen300
)
\AM@pagewidth=\dimen301
\AM@pageheight=\dimen302
\AM@fboxrule=\dimen303

(e:/Stuff/texlive/2022/texmf-dist/tex/latex/pdfpages/pppdftex.def
File: pppdftex.def 2022/10/09 v0.5w Pdfpages driver for pdfTeX (AM)
)
\pdfpages@includegraphics@status=\count328
\AM@pagebox=\box112
\AM@global@opts=\toks48
\AM@pagecnt=\count329
\AM@toc@title=\toks49
\c@AM@survey=\count330
\AM@templatesizebox=\box113
)
(e:/Stuff/texlive/2022/texmf-dist/tex/latex/tcolorbox/tcolorbox.sty
Package: tcolorbox 2022/06/24 version 5.1.1 text color boxes

(e:/Stuff/texlive/2022/texmf-dist/tex/latex/tools/verbatim.sty
Package: verbatim 2020-07-07 v1.5u LaTeX2e package for verbatim enhancements
\every@verbatim=\toks50
\verbatim@line=\toks51
\verbatim@in@stream=\read4
)
(e:/Stuff/texlive/2022/texmf-dist/tex/latex/environ/environ.sty
Package: environ 2014/05/04 v0.3 A new way to define environments

(e:/Stuff/texlive/2022/texmf-dist/tex/latex/trimspaces/trimspaces.sty
Package: trimspaces 2009/09/17 v1.1 Trim spaces around a token list
))
(e:/Stuff/texlive/2022/texmf-dist/tex/latex/etoolbox/etoolbox.sty
Package: etoolbox 2020/10/05 v2.5k e-TeX tools for LaTeX (JAW)
\etb@tempcnta=\count331
)
\tcb@titlebox=\box114
\tcb@upperbox=\box115
\tcb@lowerbox=\box116
\tcb@phantombox=\box117
\c@tcbbreakpart=\count332
\c@tcblayer=\count333
\c@tcolorbox@number=\count334
\tcb@temp=\box118
\tcb@temp=\box119
\tcb@temp=\box120
\tcb@temp=\box121
)
\lyxlabelwidth=\skip69

(e:/Stuff/texlive/2022/texmf-dist/tex/latex/inter/inter.sty
Package: inter 2021/04/16 (Carl-Clemens Ebinger and autoinst) Style file for In
ter fonts.

(e:/Stuff/texlive/2022/texmf-dist/tex/generic/iftex/ifxetex.sty
Package: ifxetex 2019/10/25 v0.7 ifxetex legacy package. Use iftex instead.
)
(e:/Stuff/texlive/2022/texmf-dist/tex/generic/iftex/ifluatex.sty
Package: ifluatex 2019/10/25 v1.5 ifluatex legacy package. Use iftex instead.
))
(e:/Stuff/texlive/2022/texmf-dist/tex/latex/biblatex/biblatex.sty
Package: biblatex 2022/07/12 v3.18b programmable bibliographies (PK/MW)

(e:/Stuff/texlive/2022/texmf-dist/tex/latex/logreq/logreq.sty
Package: logreq 2010/08/04 v1.0 xml request logger
\lrq@indent=\count335

(e:/Stuff/texlive/2022/texmf-dist/tex/latex/logreq/logreq.def
File: logreq.def 2010/08/04 v1.0 logreq spec v1.0
))
\c@tabx@nest=\count336
\c@listtotal=\count337
\c@listcount=\count338
\c@liststart=\count339
\c@liststop=\count340
\c@citecount=\count341
\c@citetotal=\count342
\c@multicitecount=\count343
\c@multicitetotal=\count344
\c@instcount=\count345
\c@maxnames=\count346
\c@minnames=\count347
\c@maxitems=\count348
\c@minitems=\count349
\c@citecounter=\count350
\c@maxcitecounter=\count351
\c@savedcitecounter=\count352
\c@uniquelist=\count353
\c@uniquename=\count354
\c@refsection=\count355
\c@refsegment=\count356
\c@maxextratitle=\count357
\c@maxextratitleyear=\count358
\c@maxextraname=\count359
\c@maxextradate=\count360
\c@maxextraalpha=\count361
\c@abbrvpenalty=\count362
\c@highnamepenalty=\count363
\c@lownamepenalty=\count364
\c@maxparens=\count365
\c@parenlevel=\count366
\blx@tempcnta=\count367
\blx@tempcntb=\count368
\blx@tempcntc=\count369
\c@blx@maxsection=\count370
\blx@maxsegment@0=\count371
\blx@notetype=\count372
\blx@parenlevel@text=\count373
\blx@parenlevel@foot=\count374
\blx@sectionciteorder@0=\count375
\blx@sectionciteorderinternal@0=\count376
\blx@entrysetcounter=\count377
\blx@biblioinstance=\count378
\labelnumberwidth=\skip70
\labelalphawidth=\skip71
\biblabelsep=\skip72
\bibitemsep=\skip73
\bibnamesep=\skip74
\bibinitsep=\skip75
\bibparsep=\skip76
\bibhang=\skip77
\blx@bcfin=\read5
\blx@bcfout=\write4
\blx@langwohyphens=\language88
\c@mincomprange=\count379
\c@maxcomprange=\count380
\c@mincompwidth=\count381
Package biblatex Info: Trying to load biblatex default data model...
Package biblatex Info: ... file 'blx-dm.def' found.

(e:/Stuff/texlive/2022/texmf-dist/tex/latex/biblatex/blx-dm.def
File: blx-dm.def 2022/07/12 v3.18b biblatex localization (PK/MW)
)
Package biblatex Info: Trying to load biblatex citestyle data model...
Package biblatex Info: ... file 'numeric.dbx' not found.
Package biblatex Info: Trying to load biblatex bibstyle data model...
Package biblatex Info: ... file 'apa.dbx' found.

(e:/Stuff/texlive/2022/texmf-dist/tex/latex/biblatex-apa/apa.dbx
File: apa.dbx 2022/06/22 v9.16 APA biblatex style data model
)
Package biblatex Info: Trying to load biblatex custom data model...
Package biblatex Info: ... file 'biblatex-dm.cfg' not found.
\c@afterword=\count382
\c@savedafterword=\count383
\c@annotator=\count384
\c@savedannotator=\count385
\c@author=\count386
\c@savedauthor=\count387
\c@bookauthor=\count388
\c@savedbookauthor=\count389
\c@commentator=\count390
\c@savedcommentator=\count391
\c@editor=\count392
\c@savededitor=\count393
\c@editora=\count394
\c@savededitora=\count395
\c@editorb=\count396
\c@savededitorb=\count397
\c@editorc=\count398
\c@savededitorc=\count399
\c@foreword=\count400
\c@savedforeword=\count401
\c@holder=\count402
\c@savedholder=\count403
\c@introduction=\count404
\c@savedintroduction=\count405
\c@namea=\count406
\c@savednamea=\count407
\c@nameb=\count408
\c@savednameb=\count409
\c@namec=\count410
\c@savednamec=\count411
\c@translator=\count412
\c@savedtranslator=\count413
\c@shortauthor=\count414
\c@savedshortauthor=\count415
\c@shorteditor=\count416
\c@savedshorteditor=\count417
\c@narrator=\count418
\c@savednarrator=\count419
\c@execproducer=\count420
\c@savedexecproducer=\count421
\c@execdirector=\count422
\c@savedexecdirector=\count423
\c@with=\count424
\c@savedwith=\count425
\c@labelname=\count426
\c@savedlabelname=\count427
\c@institution=\count428
\c@savedinstitution=\count429
\c@lista=\count430
\c@savedlista=\count431
\c@listb=\count432
\c@savedlistb=\count433
\c@listc=\count434
\c@savedlistc=\count435
\c@listd=\count436
\c@savedlistd=\count437
\c@liste=\count438
\c@savedliste=\count439
\c@listf=\count440
\c@savedlistf=\count441
\c@location=\count442
\c@savedlocation=\count443
\c@organization=\count444
\c@savedorganization=\count445
\c@origlocation=\count446
\c@savedoriglocation=\count447
\c@origpublisher=\count448
\c@savedorigpublisher=\count449
\c@publisher=\count450
\c@savedpublisher=\count451
\c@language=\count452
\c@savedlanguage=\count453
\c@origlanguage=\count454
\c@savedoriglanguage=\count455
\c@citation=\count456
\c@savedcitation=\count457
\c@pageref=\count458
\c@savedpageref=\count459
\shorthandwidth=\skip78
\shortjournalwidth=\skip79
\shortserieswidth=\skip80
\shorttitlewidth=\skip81
\shortauthorwidth=\skip82
\shorteditorwidth=\skip83
\locallabelnumberwidth=\skip84
\locallabelalphawidth=\skip85
\localshorthandwidth=\skip86
\localshortjournalwidth=\skip87
\localshortserieswidth=\skip88
\localshorttitlewidth=\skip89
\localshortauthorwidth=\skip90
\localshorteditorwidth=\skip91
Package biblatex Info: Trying to load compatibility code...
Package biblatex Info: ... file 'blx-compat.def' found.

(e:/Stuff/texlive/2022/texmf-dist/tex/latex/biblatex/blx-compat.def
File: blx-compat.def 2022/07/12 v3.18b biblatex compatibility (PK/MW)
)
Package biblatex Info: Trying to load generic definitions...
Package biblatex Info: ... file 'biblatex.def' found.

(e:/Stuff/texlive/2022/texmf-dist/tex/latex/biblatex/biblatex.def
File: biblatex.def 2022/07/12 v3.18b biblatex compatibility (PK/MW)
\c@textcitecount=\count460
\c@textcitetotal=\count461
\c@textcitemaxnames=\count462
\c@biburlbigbreakpenalty=\count463
\c@biburlbreakpenalty=\count464
\c@biburlnumpenalty=\count465
\c@biburlucpenalty=\count466
\c@biburllcpenalty=\count467
\biburlbigskip=\muskip18
\biburlnumskip=\muskip19
\biburlucskip=\muskip20
\biburllcskip=\muskip21
\c@smartand=\count468
)
Package biblatex Info: Trying to load bibliography style 'apa'...
Package biblatex Info: ... file 'apa.bbx' found.

(e:/Stuff/texlive/2022/texmf-dist/tex/latex/biblatex-apa/apa.bbx
File: apa.bbx 2022/06/22 v9.16 APA biblatex references style
Package biblatex Info: Trying to load bibliography style 'standard'...
Package biblatex Info: ... file 'standard.bbx' found.

(e:/Stuff/texlive/2022/texmf-dist/tex/latex/biblatex/bbx/standard.bbx
File: standard.bbx 2022/07/12 v3.18b biblatex bibliography style (PK/MW)
\c@bbx:relatedcount=\count469
\c@bbx:relatedtotal=\count470
)
Package biblatex Info: Delimiter 'nameyeardelim' in context 'bib' already defin
ed, overwriting.
Package biblatex Info: Delimiter 'nameyeardelim' in context 'biblist' already d
efined, overwriting.
Package biblatex Info: Delimiter 'nonameyeardelim' in context 'bib' already def
ined, overwriting.
Package biblatex Info: Delimiter 'nonameyeardelim' in context 'biblist' already
 defined, overwriting.
)
Package biblatex Info: Trying to load citation style 'numeric'...
Package biblatex Info: ... file 'numeric.cbx' found.

(e:/Stuff/texlive/2022/texmf-dist/tex/latex/biblatex/cbx/numeric.cbx
File: numeric.cbx 2022/07/12 v3.18b biblatex citation style (PK/MW)
Package biblatex Info: Redefining '\cite'.
Package biblatex Info: Redefining '\parencite'.
Package biblatex Info: Redefining '\footcite'.
Package biblatex Info: Redefining '\footcitetext'.
Package biblatex Info: Redefining '\smartcite'.
Package biblatex Info: Redefining '\supercite'.
Package biblatex Info: Redefining '\textcite'.
Package biblatex Info: Redefining '\textcites'.
Package biblatex Info: Redefining '\cites'.
Package biblatex Info: Redefining '\parencites'.
Package biblatex Info: Redefining '\smartcites'.
)
Package biblatex Info: Trying to load configuration file...
Package biblatex Info: ... file 'biblatex.cfg' found.

(e:/Stuff/texlive/2022/texmf-dist/tex/latex/biblatex/biblatex.cfg
File: biblatex.cfg 
)
Package biblatex Info: Input encoding 'utf8' detected.
Package biblatex Info: Document encoding is UTF8 ....

(e:/Stuff/texlive/2022/texmf-dist/tex/latex/l3kernel/expl3.sty
Package: expl3 2022-09-28 L3 programming layer (loader) 

(e:/Stuff/texlive/2022/texmf-dist/tex/latex/l3backend/l3backend-pdftex.def
File: l3backend-pdftex.def 2022-09-28 L3 backend support: PDF output (pdfTeX)
\l__color_backend_stack_int=\count471
\l__pdf_internal_box=\box122
))
Package biblatex Info: ... and expl3
(biblatex)             2022-09-28 L3 programming layer (loader) 
(biblatex)             is new enough (at least 2020/04/06),
(biblatex)             setting 'casechanger=expl3'.

(e:/Stuff/texlive/2022/texmf-dist/tex/latex/biblatex/blx-case-expl3.sty
(e:/Stuff/texlive/2022/texmf-dist/tex/latex/l3packages/xparse/xparse.sty
Package: xparse 2022-06-22 L3 Experimental document command parser
)
Package: blx-case-expl3 2022/07/12 v3.18b expl3 case changing code for biblatex

))
Package biblatex Info: Trying to load bibliography style 'numeric'...
Package biblatex Info: ... file 'numeric.bbx' found.

(e:/Stuff/texlive/2022/texmf-dist/tex/latex/biblatex/bbx/numeric.bbx
File: numeric.bbx 2022/07/12 v3.18b biblatex bibliography style (PK/MW)
)
\c@actividad_previa=\count472
\c@actividad=\count473
\c@actividad_entre=\count474

(e:/Stuff/texlive/2022/texmf-dist/tex/latex/fancyhdr/fancyhdr.sty
Package: fancyhdr 2022/05/18 v4.0.3 Extensive control of page headers and foote
rs
\f@nch@headwidth=\skip92
\f@nch@O@elh=\skip93
\f@nch@O@erh=\skip94
\f@nch@O@olh=\skip95
\f@nch@O@orh=\skip96
\f@nch@O@elf=\skip97
\f@nch@O@erf=\skip98
\f@nch@O@olf=\skip99
\f@nch@O@orf=\skip100
)

Package biblatex Warning: 'babel/polyglossia' detected but 'csquotes' missing.
(biblatex)                Loading 'csquotes' recommended.

\@quotelevel=\count475
\@quotereset=\count476
LaTeX Font Info:    Trying to load font information for T1+Domitian-TLF on inpu
t line 134.
(e:/Stuff/texlive/2022/texmf-dist/tex/latex/domitian/T1Domitian-TLF.fd
File: T1Domitian-TLF.fd 2020/05/25 (autoinst) Font definitions for T1/Domitian-
TLF.
)
LaTeX Font Info:    Font shape `T1/Domitian-TLF/m/n' aliased to
(Font)              `T1/Domitian-TLF/regular/n' on input line 134.
LaTeX Font Info:    Font shape `T1/Domitian-TLF/regular/n' will be
(Font)              scaled to size 10.0pt on input line 134.

(./VII JEM - 2023.aux
LaTeX Info: Redefining \. on input line 23.
LaTeX Info: Redefining \% on input line 23.
)
\openout1 = `"VII JEM - 2023.aux"'.

LaTeX Font Info:    Checking defaults for OML/cmm/m/it on input line 134.
LaTeX Font Info:    ... okay on input line 134.
LaTeX Font Info:    Checking defaults for OMS/cmsy/m/n on input line 134.
LaTeX Font Info:    ... okay on input line 134.
LaTeX Font Info:    Checking defaults for OT1/cmr/m/n on input line 134.
LaTeX Font Info:    ... okay on input line 134.
LaTeX Font Info:    Checking defaults for T1/cmr/m/n on input line 134.
LaTeX Font Info:    ... okay on input line 134.
LaTeX Font Info:    Checking defaults for TS1/cmr/m/n on input line 134.
LaTeX Font Info:    ... okay on input line 134.
LaTeX Font Info:    Checking defaults for OMX/cmex/m/n on input line 134.
LaTeX Font Info:    ... okay on input line 134.
LaTeX Font Info:    Checking defaults for U/cmr/m/n on input line 134.
LaTeX Font Info:    ... okay on input line 134.
LaTeX Font Info:    Checking defaults for PD1/pdf/m/n on input line 134.
LaTeX Font Info:    ... okay on input line 134.
LaTeX Font Info:    Checking defaults for PU/pdf/m/n on input line 134.
LaTeX Font Info:    ... okay on input line 134.
LaTeX Font Info:    Font shape `T1/Domitian-TLF/regular/n' will be
(Font)              scaled to size 8.0pt on input line 134.
LaTeX Font Info:    Trying to load font information for OT1+ppl on input line 1
34.

(e:/Stuff/texlive/2022/texmf-dist/tex/latex/psnfss/ot1ppl.fd
File: ot1ppl.fd 2001/06/04 font definitions for OT1/ppl.
)
LaTeX Font Info:    Trying to load font information for OML+zplm on input line 
134.

(e:/Stuff/texlive/2022/texmf-dist/tex/latex/psnfss/omlzplm.fd
File: omlzplm.fd 2002/09/08 Fontinst v1.914 font definitions for OML/zplm.
)
LaTeX Font Info:    Trying to load font information for OMS+zplm on input line 
134.

(e:/Stuff/texlive/2022/texmf-dist/tex/latex/psnfss/omszplm.fd
File: omszplm.fd 2002/09/08 Fontinst v1.914 font definitions for OMS/zplm.
)
LaTeX Font Info:    Trying to load font information for OMX+zplm on input line 
134.

(e:/Stuff/texlive/2022/texmf-dist/tex/latex/psnfss/omxzplm.fd
File: omxzplm.fd 2002/09/08 Fontinst v1.914 font definitions for OMX/zplm.
)
LaTeX Font Info:    Trying to load font information for U+msa on input line 134
.

(e:/Stuff/texlive/2022/texmf-dist/tex/latex/amsfonts/umsa.fd
File: umsa.fd 2013/01/14 v3.01 AMS symbols A
)
LaTeX Font Info:    Trying to load font information for U+msb on input line 134
.

(e:/Stuff/texlive/2022/texmf-dist/tex/latex/amsfonts/umsb.fd
File: umsb.fd 2013/01/14 v3.01 AMS symbols B
)
LaTeX Font Info:    Trying to load font information for OT1+zplm on input line 
134.

(e:/Stuff/texlive/2022/texmf-dist/tex/latex/psnfss/ot1zplm.fd
File: ot1zplm.fd 2002/09/08 Fontinst v1.914 font definitions for OT1/zplm.
)
LaTeX Font Info:    Font shape `T1/Domitian-TLF/regular/it' will be
(Font)              scaled to size 10.0pt on input line 134.
\c@mv@tabular=\count477
\c@mv@boldtabular=\count478

*geometry* driver: auto-detecting
*geometry* detected driver: pdftex

Package geometry Warning: The marginal notes overrun the paper.
     Add 29.86812pt and more to the right margin.

*geometry* verbose mode - [ preamble ] result:
* driver: pdftex
* paper: a4paper
* layout: <same size as paper>
* layoutoffset:(h,v)=(0.0pt,0.0pt)
* modes: includehead includefoot 
* h-part:(L,W,R)=(71.13188pt, 455.24411pt, 71.13188pt)
* v-part:(T,H,B)=(56.9055pt, 731.23584pt, 56.9055pt)
* \paperwidth=597.50787pt
* \paperheight=845.04684pt
* \textwidth=455.24411pt
* \textheight=666.33035pt
* \oddsidemargin=-1.1381pt
* \evensidemargin=-1.1381pt
* \topmargin=-15.36449pt
* \headheight=8.0pt
* \headsep=28.45274pt
* \topskip=10.0pt
* \footskip=28.45274pt
* \marginparwidth=90.0pt
* \marginparsep=11.0pt
* \columnsep=10.0pt
* \skip\footins=7.0pt plus 11.0pt
* \hoffset=0.0pt
* \voffset=0.0pt
* \mag=1000
* \@twocolumnfalse
* \@twosidefalse
* \@mparswitchfalse
* \@reversemarginfalse
* (1in=72.27pt=25.4mm, 1cm=28.453pt)

LaTeX Info: Redefining \. on input line 134.
LaTeX Info: Redefining \% on input line 134.
(e:/Stuff/texlive/2022/texmf-dist/tex/context/base/mkii/supp-pdf.mkii
[Loading MPS to PDF converter (version 2006.09.02).]
\scratchcounter=\count479
\scratchdimen=\dimen304
\scratchbox=\box123
\nofMPsegments=\count480
\nofMParguments=\count481
\everyMPshowfont=\toks52
\MPscratchCnt=\count482
\MPscratchDim=\dimen305
\MPnumerator=\count483
\makeMPintoPDFobject=\count484
\everyMPtoPDFconversion=\toks53
) (e:/Stuff/texlive/2022/texmf-dist/tex/latex/epstopdf-pkg/epstopdf-base.sty
Package: epstopdf-base 2020-01-24 v2.11 Base part for package epstopdf
Package epstopdf-base Info: Redefining graphics rule for `.eps' on input line 4
85.

(e:/Stuff/texlive/2022/texmf-dist/tex/latex/latexconfig/epstopdf-sys.cfg
File: epstopdf-sys.cfg 2010/07/13 v1.3 Configuration of (r)epstopdf for TeX Liv
e
))
Package hyperref Info: Link coloring OFF on input line 134.

(./VII JEM - 2023.out) (./VII JEM - 2023.out)
\@outlinefile=\write5
\openout5 = `"VII JEM - 2023.out"'.

Package caption Info: Begin \AtBeginDocument code.
Package caption Info: End \AtBeginDocument code.

(e:/Stuff/texlive/2022/texmf-dist/tex/latex/pdflscape/pdflscape.sty
Package: pdflscape 2019/12/05 v0.12 Display of landscape pages in PDF (HO)

(e:/Stuff/texlive/2022/texmf-dist/tex/latex/graphics/lscape.sty
Package: lscape 2020/05/28 v3.02 Landscape Pages (DPC)
)
Package pdflscape Info: Auto-detected driver: pdftex on input line 81.
)
Package biblatex Info: Trying to load language 'spanish' -> 'spanish-apa'...
Package biblatex Info: ... file 'spanish-apa.lbx' found.

(e:/Stuff/texlive/2022/texmf-dist/tex/latex/biblatex-apa/spanish-apa.lbx
File: spanish-apa.lbx 2022/06/22 v9.16 APA biblatex localisation
Package biblatex Info: Trying to load language 'spanish'...
Package biblatex Info: ... file 'spanish.lbx' found.

(e:/Stuff/texlive/2022/texmf-dist/tex/latex/biblatex/lbx/spanish.lbx
File: spanish.lbx 2022/07/12 v3.18b biblatex localization (PK/MW)
)
Package biblatex Info: Trying to load language 'spanish'...
Package biblatex Info: ... file 'spanish.lbx' found.

(e:/Stuff/texlive/2022/texmf-dist/tex/latex/biblatex/lbx/spanish.lbx
File: spanish.lbx 2022/07/12 v3.18b biblatex localization (PK/MW)
))
Package biblatex Info: Input encoding 'utf8' detected.
Package biblatex Info: Automatic encoding selection.
(biblatex)             Assuming data encoding 'utf8'.
\openout4 = `"VII JEM - 2023.bcf"'.

Package biblatex Info: Trying to load bibliographic data...
Package biblatex Info: ... file '"VII JEM - 2023".bbl' found.

(./VII JEM - 2023.bbl)
Package biblatex Info: Reference section=0 on input line 134.
Package biblatex Info: Reference segment=0 on input line 134.


pdfTeX warning: pdflatex.exe (file ./Trabajos/Portada.pdf): PDF inclusion: foun
d PDF version <1.6>, but at most version <1.5> allowed
<Trabajos/Portada.pdf, id=59, 597.50829pt x 845.0471pt>
File: Trabajos/Portada.pdf Graphic file (type pdf)
<use Trabajos/Portada.pdf>
Package pdftex.def Info: Trabajos/Portada.pdf  used on input line 137.
(pdftex.def)             Requested size: 597.50682pt x 845.04504pt.


pdfTeX warning: pdflatex.exe (file ./Trabajos/Portada.pdf): PDF inclusion: foun
d PDF version <1.6>, but at most version <1.5> allowed
File: Trabajos/Portada.pdf Graphic file (type pdf)
<use Trabajos/Portada.pdf>
Package pdftex.def Info: Trabajos/Portada.pdf  used on input line 137.
(pdftex.def)             Requested size: 597.50682pt x 845.04504pt.


pdfTeX warning: pdflatex.exe (file ./Trabajos/Portada.pdf): PDF inclusion: foun
d PDF version <1.6>, but at most version <1.5> allowed


pdfTeX warning: pdflatex.exe (file ./Trabajos/Portada.pdf): PDF inclusion: foun
d PDF version <1.6>, but at most version <1.5> allowed
<Trabajos/Portada.pdf, id=62, page=1, 597.50829pt x 845.0471pt>
File: Trabajos/Portada.pdf Graphic file (type pdf)
<use Trabajos/Portada.pdf, page 1>
Package pdftex.def Info: Trabajos/Portada.pdf , page1 used on input line 137.
(pdftex.def)             Requested size: 597.50682pt x 845.04504pt.
File: Trabajos/Portada.pdf Graphic file (type pdf)
<use Trabajos/Portada.pdf, page 1>
Package pdftex.def Info: Trabajos/Portada.pdf , page1 used on input line 137.
(pdftex.def)             Requested size: 597.53416pt x 845.08372pt.
File: Trabajos/Portada.pdf Graphic file (type pdf)
<use Trabajos/Portada.pdf, page 1>
Package pdftex.def Info: Trabajos/Portada.pdf , page1 used on input line 137.
(pdftex.def)             Requested size: 597.53416pt x 845.08372pt.
File: Trabajos/Portada.pdf Graphic file (type pdf)
<use Trabajos/Portada.pdf, page 1>
Package pdftex.def Info: Trabajos/Portada.pdf , page1 used on input line 137.
(pdftex.def)             Requested size: 597.53416pt x 845.08372pt.
File: Trabajos/Portada.pdf Graphic file (type pdf)
<use Trabajos/Portada.pdf, page 1>
Package pdftex.def Info: Trabajos/Portada.pdf , page1 used on input line 137.
(pdftex.def)             Requested size: 597.53416pt x 845.08372pt.
[1 <./Trabajos/Portada.pdf>] (./Trabajos/Informacion.tex
LaTeX Font Info:    Font shape `T1/Domitian-TLF/regular/n' will be
(Font)              scaled to size 14.4pt on input line 2.
LaTeX Font Info:    Font shape `T1/Domitian-TLF/bold/n' will be
(Font)              scaled to size 14.4pt on input line 2.
LaTeX Font Info:    Trying to load font information for T1+Inter-LF on input li
ne 2.

(e:/Stuff/texlive/2022/texmf-dist/tex/latex/inter/T1Inter-LF.fd
File: T1Inter-LF.fd 2020/12/22 (autoinst) Font definitions for T1/Inter-LF.
)
LaTeX Font Info:    Font shape `T1/Inter-LF/b/n' will be
(Font)              scaled to size 14.4pt on input line 2.
LaTeX Font Info:    Font shape `T1/Inter-LF/medium/n' will be
(Font)              scaled to size 10.0pt on input line 26.
LaTeX Font Info:    Font shape `T1/Inter-LF/medium/n' will be
(Font)              scaled to size 12.0pt on input line 26.
LaTeX Font Info:    Font shape `T1/Inter-LF/b/n' will be
(Font)              scaled to size 12.0pt on input line 26.
LaTeX Font Info:    Font shape `T1/Inter-LF/b/n' will be
(Font)              scaled to size 10.95pt on input line 29.
LaTeX Font Info:    Font shape `T1/Domitian-TLF/regular/n' will be
(Font)              scaled to size 10.95pt on input line 29.
LaTeX Font Info:    Font shape `T1/Domitian-TLF/regular/sc' will be
(Font)              scaled to size 10.0pt on input line 78.
LaTeX Font Info:    Font shape `T1/Domitian-TLF/regular/sc' will be
(Font)              scaled to size 12.0pt on input line 78.
LaTeX Font Info:    Font shape `T1/Domitian-TLF/regular/n' will be
(Font)              scaled to size 12.0pt on input line 80.
)
LaTeX Font Info:    Font shape `T1/Domitian-TLF/regular/sc' will be
(Font)              scaled to size 7.0pt on input line 140.
LaTeX Font Info:    Font shape `T1/Domitian-TLF/regular/n' will be
(Font)              scaled to size 9.0pt on input line 140.
LaTeX Font Info:    Font shape `T1/Domitian-TLF/regular/sc' will be
(Font)              scaled to size 9.0pt on input line 140.


Package fancyhdr Warning: \headheight is too small (8.0pt): 
(fancyhdr)                Make it at least 23.40002pt, for example:
(fancyhdr)                \setlength{\headheight}{23.40002pt}.
(fancyhdr)                You might also make \topmargin smaller to compensate:

(fancyhdr)                \addtolength{\topmargin}{-15.40002pt}.

[2{e:/Stuff/texlive/2022/texmf-var/fonts/map/pdftex/updmap/pdftex.map}

]
(./Trabajos/Autoridades.tex
LaTeX Font Info:    Font shape `T1/Inter-LF/medium/n' will be
(Font)              scaled to size 10.95pt on input line 17.
)

Package fancyhdr Warning: \headheight is too small (8.0pt): 
(fancyhdr)                Make it at least 23.40002pt, for example:
(fancyhdr)                \setlength{\headheight}{23.40002pt}.
(fancyhdr)                You might also make \topmargin smaller to compensate:

(fancyhdr)                \addtolength{\topmargin}{-15.40002pt}.

[3

] (./Trabajos/Equipo.tex
LaTeX Font Info:    Trying to load font information for TS1+Domitian-TLF on inp
ut line 61.

(e:/Stuff/texlive/2022/texmf-dist/tex/latex/domitian/TS1Domitian-TLF.fd
File: TS1Domitian-TLF.fd 2020/05/25 (autoinst) Font definitions for TS1/Domitia
n-TLF.
)

LaTeX Font Warning: Font shape `TS1/Domitian-TLF/regular/sc' undefined
(Font)              using `TS1/Domitian-TLF/regular/n' instead
(Font)              for symbol `textdegree' on input line 61.

LaTeX Font Info:    Font shape `TS1/Domitian-TLF/regular/n' will be
(Font)              scaled to size 10.0pt on input line 61.
LaTeX Font Info:    Font shape `TS1/Domitian-TLF/regular/sc' will be
(Font)              scaled to size 10.0pt on input line 69.
)

Package fancyhdr Warning: \headheight is too small (8.0pt): 
(fancyhdr)                Make it at least 23.40002pt, for example:
(fancyhdr)                \setlength{\headheight}{23.40002pt}.
(fancyhdr)                You might also make \topmargin smaller to compensate:

(fancyhdr)                \addtolength{\topmargin}{-15.40002pt}.

[4

] (./Trabajos/Prologo.tex
LaTeX Font Info:    Font shape `T1/Domitian-TLF/bold/n' will be
(Font)              scaled to size 10.0pt on input line 1.
LaTeX Font Info:    Font shape `T1/Domitian-TLF/bold/n' will be
(Font)              scaled to size 12.0pt on input line 1.
)

Package fancyhdr Warning: \headheight is too small (8.0pt): 
(fancyhdr)                Make it at least 23.40002pt, for example:
(fancyhdr)                \setlength{\headheight}{23.40002pt}.
(fancyhdr)                You might also make \topmargin smaller to compensate:

(fancyhdr)                \addtolength{\topmargin}{-15.40002pt}.

[5

] (./Trabajos/Indice.tex (./VII JEM - 2023.toc
LaTeX Info: Redefining \sptext on input line 1.
LaTeX Info: Redefining \. on input line 1.
LaTeX Info: Redefining \% on input line 1.
)
\tf@toc=\write6
\openout6 = `"VII JEM - 2023.toc"'.

)

Package fancyhdr Warning: \headheight is too small (8.0pt): 
(fancyhdr)                Make it at least 12.0pt, for example:
(fancyhdr)                \setlength{\headheight}{12.0pt}.
(fancyhdr)                You might also make \topmargin smaller to compensate:

(fancyhdr)                \addtolength{\topmargin}{-4.0pt}.

[6

] (./Trabajos/PortadaTalleres.tex

LaTeX Font Warning: Font shape `T1/Inter-LF/medium/sc' undefined
(Font)              using `T1/Inter-LF/medium/n' instead on input line 6.


LaTeX Font Warning: Font shape `T1/Inter-LF/b/sc' undefined
(Font)              using `T1/Inter-LF/b/n' instead on input line 6.

LaTeX Font Info:    Font shape `T1/Inter-LF/b/n' will be
(Font)              scaled to size 10.0pt on input line 6.
LaTeX Font Info:    Font shape `T1/Inter-LF/b/sc' will be
(Font)              scaled to size 14.4pt on input line 6.
LaTeX Font Info:    Font shape `T1/Inter-LF/b/sc' will be
(Font)              scaled to size 20.74pt on input line 8.
)

Package fancyhdr Warning: \headheight is too small (8.0pt): 
(fancyhdr)                Make it at least 12.0pt, for example:
(fancyhdr)                \setlength{\headheight}{12.0pt}.
(fancyhdr)                You might also make \topmargin smaller to compensate:

(fancyhdr)                \addtolength{\topmargin}{-4.0pt}.

[7

] (./Trabajos/01/01.tex
LaTeX Font Info:    Font shape `T1/Domitian-TLF/regular/n' will be
(Font)              scaled to size 20.74pt on input line 19.
LaTeX Font Info:    Font shape `T1/Domitian-TLF/regular/sc' will be
(Font)              scaled to size 20.74pt on input line 19.
LaTeX Font Info:    Font shape `T1/Domitian-TLF/regular/it' will be
(Font)              scaled to size 10.95pt on input line 32.
LaTeX Font Info:    Trying to load font information for T1+cmtt on input line 3
5.

(e:/Stuff/texlive/2022/texmf-dist/tex/latex/base/t1cmtt.fd
File: t1cmtt.fd 2019/12/16 v2.5j Standard LaTeX font definitions
)
LaTeX Font Info:    Font shape `T1/Domitian-TLF/regular/sc' will be
(Font)              scaled to size 14.4pt on input line 59.
LaTeX Font Info:    Font shape `T1/Domitian-TLF/bold/n' will be
(Font)              scaled to size 10.95pt on input line 61.


Package fancyhdr Warning: \headheight is too small (8.0pt): 
(fancyhdr)                Make it at least 12.0pt, for example:
(fancyhdr)                \setlength{\headheight}{12.0pt}.
(fancyhdr)                You might also make \topmargin smaller to compensate:

(fancyhdr)                \addtolength{\topmargin}{-4.0pt}.

[8

]
<Trabajos/01/Anexos/01.png, id=172, 161.403pt x 162.6075pt>
File: Trabajos/01/Anexos/01.png Graphic file (type png)
<use Trabajos/01/Anexos/01.png>
Package pdftex.def Info: Trabajos/01/Anexos/01.png  used on input line 85.
(pdftex.def)             Requested size: 136.57462pt x 137.60168pt.


LaTeX Warning: `!h' float specifier changed to `!ht'.

<Trabajos/01/Anexos/02.png, id=175, 295.70474pt x 158.994pt>
File: Trabajos/01/Anexos/02.png Graphic file (type png)
<use Trabajos/01/Anexos/02.png>
Package pdftex.def Info: Trabajos/01/Anexos/02.png  used on input line 93.
(pdftex.def)             Requested size: 273.14923pt x 146.87305pt.

LaTeX Warning: `!h' float specifier changed to `!ht'.


Package fancyhdr Warning: \headheight is too small (8.0pt): 
(fancyhdr)                Make it at least 23.40002pt, for example:
(fancyhdr)                \setlength{\headheight}{23.40002pt}.
(fancyhdr)                You might also make \topmargin smaller to compensate:

(fancyhdr)                \addtolength{\topmargin}{-15.40002pt}.

[9]
<Trabajos/01/Anexos/03.png, id=188, 541.42274pt x 293.29575pt>
File: Trabajos/01/Anexos/03.png Graphic file (type png)
<use Trabajos/01/Anexos/03.png>
Package pdftex.def Info: Trabajos/01/Anexos/03.png  used on input line 105.
(pdftex.def)             Requested size: 364.19667pt x 197.29477pt.


LaTeX Warning: `!h' float specifier changed to `!ht'.

LaTeX Font Info:    Font shape `T1/Domitian-TLF/regular/n' will be
(Font)              scaled to size 7.6pt on input line 113.
LaTeX Font Info:    Font shape `T1/Domitian-TLF/regular/n' will be
(Font)              scaled to size 6.0pt on input line 113.

Underfull \vbox (badness 4569) has occurred while \output is active []



Package fancyhdr Warning: \headheight is too small (8.0pt): 
(fancyhdr)                Make it at least 23.40002pt, for example:
(fancyhdr)                \setlength{\headheight}{23.40002pt}.
(fancyhdr)                You might also make \topmargin smaller to compensate:

(fancyhdr)                \addtolength{\topmargin}{-15.40002pt}.

[10 <./Trabajos/01/Anexos/01.png> <./Trabajos/01/Anexos/02.png>]
LaTeX Font Info:    Font shape `T1/Domitian-TLF/bold/it' will be
(Font)              scaled to size 10.0pt on input line 136.
<Trabajos/01/Anexos/04.jpg, id=205, 517.935pt x 207.02344pt>
File: Trabajos/01/Anexos/04.jpg Graphic file (type jpg)
<use Trabajos/01/Anexos/04.jpg>
Package pdftex.def Info: Trabajos/01/Anexos/04.jpg  used on input line 143.
(pdftex.def)             Requested size: 273.14923pt x 109.18488pt.


LaTeX Warning: `!h' float specifier changed to `!ht'.


Package fancyhdr Warning: \headheight is too small (8.0pt): 
(fancyhdr)                Make it at least 23.40002pt, for example:
(fancyhdr)                \setlength{\headheight}{23.40002pt}.
(fancyhdr)                You might also make \topmargin smaller to compensate:

(fancyhdr)                \addtolength{\topmargin}{-15.40002pt}.

[11 <./Trabajos/01/Anexos/03.png>]

Package fancyhdr Warning: \headheight is too small (8.0pt): 
(fancyhdr)                Make it at least 23.40002pt, for example:
(fancyhdr)                \setlength{\headheight}{23.40002pt}.
(fancyhdr)                You might also make \topmargin smaller to compensate:

(fancyhdr)                \addtolength{\topmargin}{-15.40002pt}.

[12 <./Trabajos/01/Anexos/04.jpg>]

Package fancyhdr Warning: \headheight is too small (8.0pt): 
(fancyhdr)                Make it at least 23.40002pt, for example:
(fancyhdr)                \setlength{\headheight}{23.40002pt}.
(fancyhdr)                You might also make \topmargin smaller to compensate:

(fancyhdr)                \addtolength{\topmargin}{-15.40002pt}.

[13]
<Trabajos/01/Anexos/05.jpg, id=235, 384.6872pt x 266.49562pt>
File: Trabajos/01/Anexos/05.jpg Graphic file (type jpg)
<use Trabajos/01/Anexos/05.jpg>
Package pdftex.def Info: Trabajos/01/Anexos/05.jpg  used on input line 212.
(pdftex.def)             Requested size: 273.14923pt x 189.23761pt.


Package fancyhdr Warning: \headheight is too small (8.0pt): 
(fancyhdr)                Make it at least 23.40002pt, for example:
(fancyhdr)                \setlength{\headheight}{23.40002pt}.
(fancyhdr)                You might also make \topmargin smaller to compensate:

(fancyhdr)                \addtolength{\topmargin}{-15.40002pt}.

[14 <./Trabajos/01/Anexos/05.jpg>]

Package fancyhdr Warning: \headheight is too small (8.0pt): 
(fancyhdr)                Make it at least 23.40002pt, for example:
(fancyhdr)                \setlength{\headheight}{23.40002pt}.
(fancyhdr)                You might also make \topmargin smaller to compensate:

(fancyhdr)                \addtolength{\topmargin}{-15.40002pt}.

[15]
<Trabajos/01/Anexos/06.jpg, id=286, 727.96968pt x 418.56375pt>
File: Trabajos/01/Anexos/06.jpg Graphic file (type jpg)
<use Trabajos/01/Anexos/06.jpg>
Package pdftex.def Info: Trabajos/01/Anexos/06.jpg  used on input line 347.
(pdftex.def)             Requested size: 364.19667pt x 209.40909pt.


LaTeX Warning: `!h' float specifier changed to `!ht'.


Package fancyhdr Warning: \headheight is too small (8.0pt): 
(fancyhdr)                Make it at least 23.40002pt, for example:
(fancyhdr)                \setlength{\headheight}{23.40002pt}.
(fancyhdr)                You might also make \topmargin smaller to compensate:

(fancyhdr)                \addtolength{\topmargin}{-15.40002pt}.

[16]

Package biblatex Warning: Split bibliography detected.
(biblatex)                Many simple split bibliography setups with
(biblatex)                non-overlapping bibliographies benefit from
(biblatex)                setting 'defernumbers=true'.
(biblatex)                See the documentation for details.
(biblatex)                This warning can be suppressed with
(biblatex)                '\BiblatexSplitbibDefernumbersWarningOff'.

)

Package fancyhdr Warning: \headheight is too small (8.0pt): 
(fancyhdr)                Make it at least 23.40002pt, for example:
(fancyhdr)                \setlength{\headheight}{23.40002pt}.
(fancyhdr)                You might also make \topmargin smaller to compensate:

(fancyhdr)                \addtolength{\topmargin}{-15.40002pt}.

[17 <./Trabajos/01/Anexos/06.jpg>] (./Trabajos/02/02.tex

Package fancyhdr Warning: \headheight is too small (8.0pt): 
(fancyhdr)                Make it at least 12.0pt, for example:
(fancyhdr)                \setlength{\headheight}{12.0pt}.
(fancyhdr)                You might also make \topmargin smaller to compensate:

(fancyhdr)                \addtolength{\topmargin}{-4.0pt}.

[18

]
pdfTeX warning (ext4): destination with the same identifier (name{actividad_pre
via.1}) has been already used, duplicate ignored
<to be read again> 
                   \relax 
l.117 	L
        os asistentes debern resolver problemas y luego clasificarlos en a...

Package fancyhdr Warning: \headheight is too small (8.0pt): 
(fancyhdr)                Make it at least 30.40402pt, for example:
(fancyhdr)                \setlength{\headheight}{30.40402pt}.
(fancyhdr)                You might also make \topmargin smaller to compensate:

(fancyhdr)                \addtolength{\topmargin}{-22.40402pt}.

[19]
pdfTeX warning (ext4): destination with the same identifier (name{actividad.1})
 has been already used, duplicate ignored
<to be read again> 
                   \relax 
l.138 	S
        e recuperarn las producciones de la actividad previa y se caracter...
<Trabajos/02/Anexos/01.png, id=347, 171.64125pt x 173.14688pt>
File: Trabajos/02/Anexos/01.png Graphic file (type png)
<use Trabajos/02/Anexos/01.png>
Package pdftex.def Info: Trabajos/02/Anexos/01.png  used on input line 158.
(pdftex.def)             Requested size: 125.18935pt x 126.2852pt.
<Trabajos/02/Anexos/02.png, id=348, 369.63094pt x 295.85532pt>
File: Trabajos/02/Anexos/02.png Graphic file (type png)
<use Trabajos/02/Anexos/02.png>
Package pdftex.def Info: Trabajos/02/Anexos/02.png  used on input line 159.
(pdftex.def)             Requested size: 273.14923pt x 218.63155pt.

LaTeX Warning: `h' float specifier changed to `ht'.


pdfTeX warning (ext4): destination with the same identifier (name{actividad_ent
re.1}) has been already used, duplicate ignored
<to be read again> 
                   \relax 
l.170 	S
        e les proporcionar el artculo \textit{Significados pragmtic...

pdfTeX warning (ext4): destination with the same identifier (name{actividad_ent
re.2}) has been already used, duplicate ignored
<to be read again> 
                   \relax 
l.174 	D
        ebern analizar actividades reconociendo el significado de proporci...

Package fancyhdr Warning: \headheight is too small (8.0pt): 
(fancyhdr)                Make it at least 30.40402pt, for example:
(fancyhdr)                \setlength{\headheight}{30.40402pt}.
(fancyhdr)                You might also make \topmargin smaller to compensate:

(fancyhdr)                \addtolength{\topmargin}{-22.40402pt}.

[20]

Package fancyhdr Warning: \headheight is too small (8.0pt): 
(fancyhdr)                Make it at least 30.40402pt, for example:
(fancyhdr)                \setlength{\headheight}{30.40402pt}.
(fancyhdr)                You might also make \topmargin smaller to compensate:

(fancyhdr)                \addtolength{\topmargin}{-22.40402pt}.

[21 <./Trabajos/02/Anexos/01.png> <./Trabajos/02/Anexos/02.png>]
<Trabajos/02/Anexos/03.png, id=384, 1971.0pt x 1802.151pt>
File: Trabajos/02/Anexos/03.png Graphic file (type png)
<use Trabajos/02/Anexos/03.png>
Package pdftex.def Info: Trabajos/02/Anexos/03.png  used on input line 337.
(pdftex.def)             Requested size: 136.57462pt x 124.87102pt.
<Trabajos/02/Anexos/04.png, id=385, 279.2031pt x 238.7319pt>
File: Trabajos/02/Anexos/04.png Graphic file (type png)
<use Trabajos/02/Anexos/04.png>
Package pdftex.def Info: Trabajos/02/Anexos/04.png  used on input line 338.
(pdftex.def)             Requested size: 136.57462pt x 116.78294pt.
<Trabajos/02/Anexos/05.png, id=386, 200.75pt x 180.54117pt>
File: Trabajos/02/Anexos/05.png Graphic file (type png)
<use Trabajos/02/Anexos/05.png>
Package pdftex.def Info: Trabajos/02/Anexos/05.png  used on input line 339.
(pdftex.def)             Requested size: 136.57462pt x 122.83522pt.

Underfull \vbox (badness 10000) has occurred while \output is active []



Package fancyhdr Warning: \headheight is too small (8.0pt): 
(fancyhdr)                Make it at least 30.40402pt, for example:
(fancyhdr)                \setlength{\headheight}{30.40402pt}.
(fancyhdr)                You might also make \topmargin smaller to compensate:

(fancyhdr)                \addtolength{\topmargin}{-22.40402pt}.

[22]

Package fancyhdr Warning: \headheight is too small (8.0pt): 
(fancyhdr)                Make it at least 30.40402pt, for example:
(fancyhdr)                \setlength{\headheight}{30.40402pt}.
(fancyhdr)                You might also make \topmargin smaller to compensate:

(fancyhdr)                \addtolength{\topmargin}{-22.40402pt}.

[23 <./Trabajos/02/Anexos/03.png> <./Trabajos/02/Anexos/04.png> <./Trabajos/02/
Anexos/05.png>]

Package biblatex Warning: Split bibliography detected.
(biblatex)                Many simple split bibliography setups with
(biblatex)                non-overlapping bibliographies benefit from
(biblatex)                setting 'defernumbers=true'.
(biblatex)                See the documentation for details.
(biblatex)                This warning can be suppressed with
(biblatex)                '\BiblatexSplitbibDefernumbersWarningOff'.

)

Package fancyhdr Warning: \headheight is too small (8.0pt): 
(fancyhdr)                Make it at least 30.40402pt, for example:
(fancyhdr)                \setlength{\headheight}{30.40402pt}.
(fancyhdr)                You might also make \topmargin smaller to compensate:

(fancyhdr)                \addtolength{\topmargin}{-22.40402pt}.

[24] (./Trabajos/03/03.tex

Package fancyhdr Warning: \headheight is too small (8.0pt): 
(fancyhdr)                Make it at least 12.0pt, for example:
(fancyhdr)                \setlength{\headheight}{12.0pt}.
(fancyhdr)                You might also make \topmargin smaller to compensate:

(fancyhdr)                \addtolength{\topmargin}{-4.0pt}.

[25

]

Package fancyhdr Warning: \headheight is too small (8.0pt): 
(fancyhdr)                Make it at least 23.40002pt, for example:
(fancyhdr)                \setlength{\headheight}{23.40002pt}.
(fancyhdr)                You might also make \topmargin smaller to compensate:

(fancyhdr)                \addtolength{\topmargin}{-15.40002pt}.

[26]
LaTeX Font Info:    Trying to load font information for U+fplmbb on input line 
137.
 (e:/Stuff/texlive/2022/texmf-dist/tex/latex/psnfss/ufplmbb.fd
File: ufplmbb.fd 2003/10/30 Fontinst v1.914 font definitions for U/fplmbb.
)

Package fancyhdr Warning: \headheight is too small (8.0pt): 
(fancyhdr)                Make it at least 23.40002pt, for example:
(fancyhdr)                \setlength{\headheight}{23.40002pt}.
(fancyhdr)                You might also make \topmargin smaller to compensate:

(fancyhdr)                \addtolength{\topmargin}{-15.40002pt}.

[27]

Package biblatex Warning: Split bibliography detected.
(biblatex)                Many simple split bibliography setups with
(biblatex)                non-overlapping bibliographies benefit from
(biblatex)                setting 'defernumbers=true'.
(biblatex)                See the documentation for details.
(biblatex)                This warning can be suppressed with
(biblatex)                '\BiblatexSplitbibDefernumbersWarningOff'.

)

Package fancyhdr Warning: \headheight is too small (8.0pt): 
(fancyhdr)                Make it at least 23.40002pt, for example:
(fancyhdr)                \setlength{\headheight}{23.40002pt}.
(fancyhdr)                You might also make \topmargin smaller to compensate:

(fancyhdr)                \addtolength{\topmargin}{-15.40002pt}.

[28] (./Trabajos/04/04.tex

Package fancyhdr Warning: \headheight is too small (8.0pt): 
(fancyhdr)                Make it at least 12.0pt, for example:
(fancyhdr)                \setlength{\headheight}{12.0pt}.
(fancyhdr)                You might also make \topmargin smaller to compensate:

(fancyhdr)                \addtolength{\topmargin}{-4.0pt}.

[29

]
Underfull \vbox (badness 3439) has occurred while \output is active []



Package fancyhdr Warning: \headheight is too small (8.0pt): 
(fancyhdr)                Make it at least 23.40002pt, for example:
(fancyhdr)                \setlength{\headheight}{23.40002pt}.
(fancyhdr)                You might also make \topmargin smaller to compensate:

(fancyhdr)                \addtolength{\topmargin}{-15.40002pt}.

[30]

Package biblatex Warning: Split bibliography detected.
(biblatex)                Many simple split bibliography setups with
(biblatex)                non-overlapping bibliographies benefit from
(biblatex)                setting 'defernumbers=true'.
(biblatex)                See the documentation for details.
(biblatex)                This warning can be suppressed with
(biblatex)                '\BiblatexSplitbibDefernumbersWarningOff'.


Package fancyhdr Warning: \headheight is too small (8.0pt): 
(fancyhdr)                Make it at least 23.40002pt, for example:
(fancyhdr)                \setlength{\headheight}{23.40002pt}.
(fancyhdr)                You might also make \topmargin smaller to compensate:

(fancyhdr)                \addtolength{\topmargin}{-15.40002pt}.

[31])

Package fancyhdr Warning: \headheight is too small (8.0pt): 
(fancyhdr)                Make it at least 23.40002pt, for example:
(fancyhdr)                \setlength{\headheight}{23.40002pt}.
(fancyhdr)                You might also make \topmargin smaller to compensate:

(fancyhdr)                \addtolength{\topmargin}{-15.40002pt}.

[32] (./Trabajos/05/05.tex

Package fancyhdr Warning: \headheight is too small (8.0pt): 
(fancyhdr)                Make it at least 12.0pt, for example:
(fancyhdr)                \setlength{\headheight}{12.0pt}.
(fancyhdr)                You might also make \topmargin smaller to compensate:

(fancyhdr)                \addtolength{\topmargin}{-4.0pt}.

[33

]

Package fancyhdr Warning: \headheight is too small (8.0pt): 
(fancyhdr)                Make it at least 23.40002pt, for example:
(fancyhdr)                \setlength{\headheight}{23.40002pt}.
(fancyhdr)                You might also make \topmargin smaller to compensate:

(fancyhdr)                \addtolength{\topmargin}{-15.40002pt}.

[34]

Package fancyhdr Warning: \headheight is too small (8.0pt): 
(fancyhdr)                Make it at least 23.40002pt, for example:
(fancyhdr)                \setlength{\headheight}{23.40002pt}.
(fancyhdr)                You might also make \topmargin smaller to compensate:

(fancyhdr)                \addtolength{\topmargin}{-15.40002pt}.

[35]

Package fancyhdr Warning: \headheight is too small (8.0pt): 
(fancyhdr)                Make it at least 23.40002pt, for example:
(fancyhdr)                \setlength{\headheight}{23.40002pt}.
(fancyhdr)                You might also make \topmargin smaller to compensate:

(fancyhdr)                \addtolength{\topmargin}{-15.40002pt}.

[36]

Package fancyhdr Warning: \headheight is too small (8.0pt): 
(fancyhdr)                Make it at least 23.40002pt, for example:
(fancyhdr)                \setlength{\headheight}{23.40002pt}.
(fancyhdr)                You might also make \topmargin smaller to compensate:

(fancyhdr)                \addtolength{\topmargin}{-15.40002pt}.

[37]

Package biblatex Warning: Split bibliography detected.
(biblatex)                Many simple split bibliography setups with
(biblatex)                non-overlapping bibliographies benefit from
(biblatex)                setting 'defernumbers=true'.
(biblatex)                See the documentation for details.
(biblatex)                This warning can be suppressed with
(biblatex)                '\BiblatexSplitbibDefernumbersWarningOff'.


Overfull \hbox (10.29967pt too wide) in paragraph at lines 224--224
[][]\T1/Domitian-TLF/regular/it/10 Notas de Geo-me-tra\T1/Domitian-TLF/regular
/n/10 . (2023). Olim-pa-da Ma-te-m-ti-ca Ar-gen-ti-na. []$https : / / www . o
ma . org . ar / notasdegeo /
 []

)

Package fancyhdr Warning: \headheight is too small (8.0pt): 
(fancyhdr)                Make it at least 23.40002pt, for example:
(fancyhdr)                \setlength{\headheight}{23.40002pt}.
(fancyhdr)                You might also make \topmargin smaller to compensate:

(fancyhdr)                \addtolength{\topmargin}{-15.40002pt}.

[38] (./Trabajos/PortadaComunicaciones.tex
LaTeX Font Info:    Font shape `T1/Inter-LF/medium/sc' will be
(Font)              scaled to size 10.0pt on input line 6.
LaTeX Font Info:    Font shape `T1/Inter-LF/b/sc' will be
(Font)              scaled to size 10.0pt on input line 6.
)

Package fancyhdr Warning: \headheight is too small (8.0pt): 
(fancyhdr)                Make it at least 12.0pt, for example:
(fancyhdr)                \setlength{\headheight}{12.0pt}.
(fancyhdr)                You might also make \topmargin smaller to compensate:

(fancyhdr)                \addtolength{\topmargin}{-4.0pt}.

[39

] (./Trabajos/06/06.tex
LaTeX Font Info:    Font shape `U/msa/m/n' will be
(Font)              scaled to size 9.37807pt on input line 44.
LaTeX Font Info:    Font shape `U/msa/m/n' will be
(Font)              scaled to size 7.29405pt on input line 44.
LaTeX Font Info:    Font shape `U/msb/m/n' will be
(Font)              scaled to size 9.37807pt on input line 44.
LaTeX Font Info:    Font shape `U/msb/m/n' will be
(Font)              scaled to size 7.29405pt on input line 44.
LaTeX Font Info:    Font shape `T1/Domitian-TLF/regular/n' will be
(Font)              scaled to size 7.0pt on input line 44.
LaTeX Font Info:    Font shape `T1/Domitian-TLF/regular/n' will be
(Font)              scaled to size 5.0pt on input line 44.


Package biblatex Warning: Split bibliography detected.
(biblatex)                Many simple split bibliography setups with
(biblatex)                non-overlapping bibliographies benefit from
(biblatex)                setting 'defernumbers=true'.
(biblatex)                See the documentation for details.
(biblatex)                This warning can be suppressed with
(biblatex)                '\BiblatexSplitbibDefernumbersWarningOff'.


Package fancyhdr Warning: \headheight is too small (8.0pt): 
(fancyhdr)                Make it at least 12.0pt, for example:
(fancyhdr)                \setlength{\headheight}{12.0pt}.
(fancyhdr)                You might also make \topmargin smaller to compensate:

(fancyhdr)                \addtolength{\topmargin}{-4.0pt}.

[40

])

Package fancyhdr Warning: \headheight is too small (8.0pt): 
(fancyhdr)                Make it at least 23.40002pt, for example:
(fancyhdr)                \setlength{\headheight}{23.40002pt}.
(fancyhdr)                You might also make \topmargin smaller to compensate:

(fancyhdr)                \addtolength{\topmargin}{-15.40002pt}.

[41] (./Trabajos/07/07.tex
LaTeX Font Info:    Font shape `TS1/Domitian-TLF/regular/it' will be
(Font)              scaled to size 10.95pt on input line 32.
LaTeX Font Info:    Font shape `TS1/Domitian-TLF/regular/n' will be
(Font)              scaled to size 9.0pt on input line 62.


Package fancyhdr Warning: \headheight is too small (8.0pt): 
(fancyhdr)                Make it at least 12.0pt, for example:
(fancyhdr)                \setlength{\headheight}{12.0pt}.
(fancyhdr)                You might also make \topmargin smaller to compensate:

(fancyhdr)                \addtolength{\topmargin}{-4.0pt}.

[42

]
Underfull \vbox (badness 10000) has occurred while \output is active []



Package fancyhdr Warning: \headheight is too small (8.0pt): 
(fancyhdr)                Make it at least 23.40002pt, for example:
(fancyhdr)                \setlength{\headheight}{23.40002pt}.
(fancyhdr)                You might also make \topmargin smaller to compensate:

(fancyhdr)                \addtolength{\topmargin}{-15.40002pt}.

[43]

Package biblatex Warning: Split bibliography detected.
(biblatex)                Many simple split bibliography setups with
(biblatex)                non-overlapping bibliographies benefit from
(biblatex)                setting 'defernumbers=true'.
(biblatex)                See the documentation for details.
(biblatex)                This warning can be suppressed with
(biblatex)                '\BiblatexSplitbibDefernumbersWarningOff'.

)

Package fancyhdr Warning: \headheight is too small (8.0pt): 
(fancyhdr)                Make it at least 23.40002pt, for example:
(fancyhdr)                \setlength{\headheight}{23.40002pt}.
(fancyhdr)                You might also make \topmargin smaller to compensate:

(fancyhdr)                \addtolength{\topmargin}{-15.40002pt}.

[44] (./Trabajos/08/08.tex
LaTeX Font Info:    Font shape `T1/Domitian-TLF/regular/it' will be
(Font)              scaled to size 9.0pt on input line 50.
Package textcomp Info: Symbol \textasciiacute not provided by
(textcomp)             font family Domitian-TLF in TS1 encoding.
(textcomp)             Default family used instead on input line 59.


LaTeX Font Warning: Font shape `T1/cmr/regular/n' undefined
(Font)              using `T1/cmr/m/n' instead on input line 59.


LaTeX Font Warning: Font shape `TS1/cmr/regular/n' undefined
(Font)              using `TS1/cmr/m/n' instead
(Font)              for symbol `textasciiacute' on input line 59.


Package fancyhdr Warning: \headheight is too small (8.0pt): 
(fancyhdr)                Make it at least 12.0pt, for example:
(fancyhdr)                \setlength{\headheight}{12.0pt}.
(fancyhdr)                You might also make \topmargin smaller to compensate:

(fancyhdr)                \addtolength{\topmargin}{-4.0pt}.

[45

]

Package fancyhdr Warning: \headheight is too small (8.0pt): 
(fancyhdr)                Make it at least 23.40002pt, for example:
(fancyhdr)                \setlength{\headheight}{23.40002pt}.
(fancyhdr)                You might also make \topmargin smaller to compensate:

(fancyhdr)                \addtolength{\topmargin}{-15.40002pt}.

[46]

Package fancyhdr Warning: \headheight is too small (8.0pt): 
(fancyhdr)                Make it at least 23.40002pt, for example:
(fancyhdr)                \setlength{\headheight}{23.40002pt}.
(fancyhdr)                You might also make \topmargin smaller to compensate:

(fancyhdr)                \addtolength{\topmargin}{-15.40002pt}.

[47]

Package fancyhdr Warning: \headheight is too small (8.0pt): 
(fancyhdr)                Make it at least 23.40002pt, for example:
(fancyhdr)                \setlength{\headheight}{23.40002pt}.
(fancyhdr)                You might also make \topmargin smaller to compensate:

(fancyhdr)                \addtolength{\topmargin}{-15.40002pt}.

[48]

Package fancyhdr Warning: \headheight is too small (8.0pt): 
(fancyhdr)                Make it at least 23.40002pt, for example:
(fancyhdr)                \setlength{\headheight}{23.40002pt}.
(fancyhdr)                You might also make \topmargin smaller to compensate:

(fancyhdr)                \addtolength{\topmargin}{-15.40002pt}.

[49]

Package biblatex Warning: Split bibliography detected.
(biblatex)                Many simple split bibliography setups with
(biblatex)                non-overlapping bibliographies benefit from
(biblatex)                setting 'defernumbers=true'.
(biblatex)                See the documentation for details.
(biblatex)                This warning can be suppressed with
(biblatex)                '\BiblatexSplitbibDefernumbersWarningOff'.


Package biblatex Warning: Split bibliography detected.
(biblatex)                Many simple split bibliography setups with
(biblatex)                non-overlapping bibliographies benefit from
(biblatex)                setting 'defernumbers=true'.
(biblatex)                See the documentation for details.
(biblatex)                This warning can be suppressed with
(biblatex)                '\BiblatexSplitbibDefernumbersWarningOff'.

)

Package fancyhdr Warning: \headheight is too small (8.0pt): 
(fancyhdr)                Make it at least 23.40002pt, for example:
(fancyhdr)                \setlength{\headheight}{23.40002pt}.
(fancyhdr)                You might also make \topmargin smaller to compensate:

(fancyhdr)                \addtolength{\topmargin}{-15.40002pt}.

[50] (./Trabajos/09/09.tex

Package fancyhdr Warning: \headheight is too small (8.0pt): 
(fancyhdr)                Make it at least 12.0pt, for example:
(fancyhdr)                \setlength{\headheight}{12.0pt}.
(fancyhdr)                You might also make \topmargin smaller to compensate:

(fancyhdr)                \addtolength{\topmargin}{-4.0pt}.

[51

]

Package fancyhdr Warning: \headheight is too small (8.0pt): 
(fancyhdr)                Make it at least 23.40002pt, for example:
(fancyhdr)                \setlength{\headheight}{23.40002pt}.
(fancyhdr)                You might also make \topmargin smaller to compensate:

(fancyhdr)                \addtolength{\topmargin}{-15.40002pt}.

[52]

Package fancyhdr Warning: \headheight is too small (8.0pt): 
(fancyhdr)                Make it at least 23.40002pt, for example:
(fancyhdr)                \setlength{\headheight}{23.40002pt}.
(fancyhdr)                You might also make \topmargin smaller to compensate:

(fancyhdr)                \addtolength{\topmargin}{-15.40002pt}.

[53]

Package fancyhdr Warning: \headheight is too small (8.0pt): 
(fancyhdr)                Make it at least 23.40002pt, for example:
(fancyhdr)                \setlength{\headheight}{23.40002pt}.
(fancyhdr)                You might also make \topmargin smaller to compensate:

(fancyhdr)                \addtolength{\topmargin}{-15.40002pt}.

[54]

Package biblatex Warning: Split bibliography detected.
(biblatex)                Many simple split bibliography setups with
(biblatex)                non-overlapping bibliographies benefit from
(biblatex)                setting 'defernumbers=true'.
(biblatex)                See the documentation for details.
(biblatex)                This warning can be suppressed with
(biblatex)                '\BiblatexSplitbibDefernumbersWarningOff'.

)

Package fancyhdr Warning: \headheight is too small (8.0pt): 
(fancyhdr)                Make it at least 23.40002pt, for example:
(fancyhdr)                \setlength{\headheight}{23.40002pt}.
(fancyhdr)                You might also make \topmargin smaller to compensate:

(fancyhdr)                \addtolength{\topmargin}{-15.40002pt}.

[55] (./Trabajos/10/10.tex)

Package fancyhdr Warning: \headheight is too small (8.0pt): 
(fancyhdr)                Make it at least 12.0pt, for example:
(fancyhdr)                \setlength{\headheight}{12.0pt}.
(fancyhdr)                You might also make \topmargin smaller to compensate:

(fancyhdr)                \addtolength{\topmargin}{-4.0pt}.

[56

] (./Trabajos/11/11.tex

Package fancyhdr Warning: \headheight is too small (8.0pt): 
(fancyhdr)                Make it at least 12.0pt, for example:
(fancyhdr)                \setlength{\headheight}{12.0pt}.
(fancyhdr)                You might also make \topmargin smaller to compensate:

(fancyhdr)                \addtolength{\topmargin}{-4.0pt}.

[57

]
<Trabajos/11/Envios/Ax1a.PNG, id=780, 839.38594pt x 243.15843pt>
File: Trabajos/11/Envios/Ax1a.PNG Graphic file (type png)
<use Trabajos/11/Envios/Ax1a.PNG>
Package pdftex.def Info: Trabajos/11/Envios/Ax1a.PNG  used on input line 112.
(pdftex.def)             Requested size: 167.8742pt x 48.63081pt.
<Trabajos/11/Envios/Ax1b2b.PNG, id=781, 836.3747pt x 296.60812pt>
File: Trabajos/11/Envios/Ax1b2b.PNG Graphic file (type png)
<use Trabajos/11/Envios/Ax1b2b.PNG>
Package pdftex.def Info: Trabajos/11/Envios/Ax1b2b.PNG  used on input line 113.

(pdftex.def)             Requested size: 167.27197pt x 59.32057pt.


LaTeX Warning: `!h' float specifier changed to `!ht'.


Package fancyhdr Warning: \headheight is too small (8.0pt): 
(fancyhdr)                Make it at least 23.40002pt, for example:
(fancyhdr)                \setlength{\headheight}{23.40002pt}.
(fancyhdr)                You might also make \topmargin smaller to compensate:

(fancyhdr)                \addtolength{\topmargin}{-15.40002pt}.

[58]

Package biblatex Warning: Split bibliography detected.
(biblatex)                Many simple split bibliography setups with
(biblatex)                non-overlapping bibliographies benefit from
(biblatex)                setting 'defernumbers=true'.
(biblatex)                See the documentation for details.
(biblatex)                This warning can be suppressed with
(biblatex)                '\BiblatexSplitbibDefernumbersWarningOff'.


Package fancyhdr Warning: \headheight is too small (8.0pt): 
(fancyhdr)                Make it at least 23.40002pt, for example:
(fancyhdr)                \setlength{\headheight}{23.40002pt}.
(fancyhdr)                You might also make \topmargin smaller to compensate:

(fancyhdr)                \addtolength{\topmargin}{-15.40002pt}.

[59 <./Trabajos/11/Envios/Ax1a.PNG> <./Trabajos/11/Envios/Ax1b2b.PNG>]
Overfull \hbox (3.84015pt too wide) in paragraph at lines 177--177
[][]\T1/Domitian-TLF/regular/n/10 Efimov, N. (1984). \T1/Domitian-TLF/regular/i
t/10 Geo-me-tra su-pe-rior\T1/Domitian-TLF/regular/n/10 . Mir. []$http : / / b
ooks . google . com . ar / books ? id= -[] eD -[] uAAACAAJ$[] 
 []

)

Package fancyhdr Warning: \headheight is too small (8.0pt): 
(fancyhdr)                Make it at least 23.40002pt, for example:
(fancyhdr)                \setlength{\headheight}{23.40002pt}.
(fancyhdr)                You might also make \topmargin smaller to compensate:

(fancyhdr)                \addtolength{\topmargin}{-15.40002pt}.

[60]

pdfTeX warning: pdflatex.exe (file ./Trabajos/Contraportada.pdf): PDF inclusion
: found PDF version <1.6>, but at most version <1.5> allowed
<Trabajos/Contraportada.pdf, id=821, 597.50829pt x 845.0471pt>
File: Trabajos/Contraportada.pdf Graphic file (type pdf)
<use Trabajos/Contraportada.pdf>
Package pdftex.def Info: Trabajos/Contraportada.pdf  used on input line 175.
(pdftex.def)             Requested size: 597.50682pt x 845.04504pt.


pdfTeX warning: pdflatex.exe (file ./Trabajos/Contraportada.pdf): PDF inclusion
: found PDF version <1.6>, but at most version <1.5> allowed
File: Trabajos/Contraportada.pdf Graphic file (type pdf)
<use Trabajos/Contraportada.pdf>
Package pdftex.def Info: Trabajos/Contraportada.pdf  used on input line 175.
(pdftex.def)             Requested size: 597.50682pt x 845.04504pt.


pdfTeX warning: pdflatex.exe (file ./Trabajos/Contraportada.pdf): PDF inclusion
: found PDF version <1.6>, but at most version <1.5> allowed


pdfTeX warning: pdflatex.exe (file ./Trabajos/Contraportada.pdf): PDF inclusion
: found PDF version <1.6>, but at most version <1.5> allowed
<Trabajos/Contraportada.pdf, id=824, page=1, 597.50829pt x 845.0471pt>
File: Trabajos/Contraportada.pdf Graphic file (type pdf)
<use Trabajos/Contraportada.pdf, page 1>
Package pdftex.def Info: Trabajos/Contraportada.pdf , page1 used on input line 
175.
(pdftex.def)             Requested size: 597.50682pt x 845.04504pt.
File: Trabajos/Contraportada.pdf Graphic file (type pdf)
<use Trabajos/Contraportada.pdf, page 1>
Package pdftex.def Info: Trabajos/Contraportada.pdf , page1 used on input line 
175.
(pdftex.def)             Requested size: 597.53416pt x 845.08372pt.
File: Trabajos/Contraportada.pdf Graphic file (type pdf)
<use Trabajos/Contraportada.pdf, page 1>
Package pdftex.def Info: Trabajos/Contraportada.pdf , page1 used on input line 
175.
(pdftex.def)             Requested size: 597.53416pt x 845.08372pt.
File: Trabajos/Contraportada.pdf Graphic file (type pdf)
<use Trabajos/Contraportada.pdf, page 1>
Package pdftex.def Info: Trabajos/Contraportada.pdf , page1 used on input line 
175.
(pdftex.def)             Requested size: 597.53416pt x 845.08372pt.
File: Trabajos/Contraportada.pdf Graphic file (type pdf)
<use Trabajos/Contraportada.pdf, page 1>
Package pdftex.def Info: Trabajos/Contraportada.pdf , page1 used on input line 
175.
(pdftex.def)             Requested size: 597.53416pt x 845.08372pt.
[61

 <./Trabajos/Contraportada.pdf>] (./VII JEM - 2023.aux
LaTeX Info: Redefining \sptext on input line 23.
LaTeX Info: Redefining \. on input line 23.
LaTeX Info: Redefining \% on input line 23.
)

LaTeX Font Warning: Some font shapes were not available, defaults substituted.

Package rerunfilecheck Info: File `"VII JEM - 2023".out' has not changed.
(rerunfilecheck)             Checksum: FF335D4A8A981010DF07B5473D8CEC0B;6547.
Package logreq Info: Writing requests to '"VII JEM - 2023".run.xml'.
\openout1 = `"VII JEM - 2023.run.xml"'.

 ) 
Here is how much of TeX's memory you used:
 37376 strings out of 475071
 725196 string characters out of 5779913
 1502971 words of memory out of 5000000
 57532 multiletter control sequences out of 15000+600000
 610343 words of font info for 201 fonts, out of 8000000 for 9000
 1302 hyphenation exceptions out of 8191
 84i,17n,117p,2104b,2899s stack positions out of 10000i,1000n,20000p,200000b,200000s
{e:/Stuff/texlive/2022/texmf-dist/fonts/enc/dvips/cm-super/cm-super-ts1.enc}{
e:/Stuff/texlive/2022/texmf-dist/fonts/enc/dvips/domitian/a_qenzo5.enc}{e:/Stuf
f/texlive/2022/texmf-dist/fonts/enc/dvips/cm-super/cm-super-t1.enc}{e:/Stuff/te
xlive/2022/texmf-dist/fonts/enc/dvips/domitian/a_4ivb7d.enc}{e:/Stuff/texlive/2
022/texmf-dist/fonts/enc/dvips/base/8r.enc}{e:/Stuff/texlive/2022/texmf-dist/fo
nts/enc/dvips/domitian/a_hjkpcv.enc}{e:/Stuff/texlive/2022/texmf-dist/fonts/enc
/dvips/inter/a_zasxrl.enc}{e:/Stuff/texlive/2022/texmf-dist/fonts/enc/dvips/dom
itian/a_ms3bme.enc}<e:/Stuff/texlive/2022/texmf-dist/fonts/type1/public/domitia
n/Domitian-Bold.pfb><e:/Stuff/texlive/2022/texmf-dist/fonts/type1/public/domiti
an/Domitian-BoldItalic.pfb><e:/Stuff/texlive/2022/texmf-dist/fonts/type1/public
/domitian/Domitian-Italic.pfb><e:/Stuff/texlive/2022/texmf-dist/fonts/type1/pub
lic/domitian/Domitian-Roman.pfb><e:/Stuff/texlive/2022/texmf-dist/fonts/type1/p
ublic/inter/Inter-Bold.pfb><e:/Stuff/texlive/2022/texmf-dist/fonts/type1/public
/amsfonts/cm/cmex10.pfb><e:/Stuff/texlive/2022/texmf-dist/fonts/type1/public/am
sfonts/cm/cmr10.pfb><e:/Stuff/texlive/2022/texmf-dist/fonts/type1/public/amsfon
ts/cm/cmsy10.pfb><e:/Stuff/texlive/2022/texmf-dist/fonts/type1/public/mathpazo/
fplmbb.pfb><e:/Stuff/texlive/2022/texmf-dist/fonts/type1/public/mathpazo/fplmr.
pfb><e:/Stuff/texlive/2022/texmf-dist/fonts/type1/public/mathpazo/fplmri.pfb><e
:/Stuff/texlive/2022/texmf-dist/fonts/type1/public/amsfonts/symbols/msam10.pfb>
<e:/Stuff/texlive/2022/texmf-dist/fonts/type1/public/cm-super/sfrm1000.pfb><e:/
Stuff/texlive/2022/texmf-dist/fonts/type1/public/cm-super/sftt0900.pfb><e:/Stuf
f/texlive/2022/texmf-dist/fonts/type1/public/cm-super/sftt1000.pfb><e:/Stuff/te
xlive/2022/texmf-dist/fonts/type1/urw/palatino/uplr8a.pfb><e:/Stuff/texlive/202
2/texmf-dist/fonts/type1/urw/palatino/uplri8a.pfb>
Output written on "VII JEM - 2023.pdf" (61 pages, 1720841 bytes).
PDF statistics:
 1037 PDF objects out of 1200 (max. 8388607)
 867 compressed objects within 9 object streams
 358 named destinations out of 1000 (max. 500000)
 222 words of extra memory for PDF output out of 10000 (max. 10000000)

